{"C:\\AIstockbroker\\AiStockbroker\\frontend\\src\\App.js": {"path":"C:\\AIstockbroker\\AiStockbroker\\frontend\\src\\App.js","statementMap":{"0":{"start":{"line":15,"column":18},"end":{"line":15,"column":63}},"1":{"start":{"line":15,"column":35},"end":{"line":15,"column":62}},"2":{"start":{"line":16,"column":17},"end":{"line":16,"column":61}},"3":{"start":{"line":16,"column":34},"end":{"line":16,"column":60}},"4":{"start":{"line":17,"column":18},"end":{"line":17,"column":63}},"5":{"start":{"line":17,"column":35},"end":{"line":17,"column":62}},"6":{"start":{"line":18,"column":26},"end":{"line":18,"column":79}},"7":{"start":{"line":18,"column":43},"end":{"line":18,"column":78}},"8":{"start":{"line":19,"column":20},"end":{"line":19,"column":67}},"9":{"start":{"line":19,"column":37},"end":{"line":19,"column":66}},"10":{"start":{"line":20,"column":19},"end":{"line":20,"column":65}},"11":{"start":{"line":20,"column":36},"end":{"line":20,"column":64}},"12":{"start":{"line":21,"column":17},"end":{"line":21,"column":61}},"13":{"start":{"line":21,"column":34},"end":{"line":21,"column":60}},"14":{"start":{"line":22,"column":25},"end":{"line":22,"column":77}},"15":{"start":{"line":22,"column":42},"end":{"line":22,"column":76}},"16":{"start":{"line":23,"column":19},"end":{"line":23,"column":68}},"17":{"start":{"line":23,"column":36},"end":{"line":23,"column":67}},"18":{"start":{"line":26,"column":41},"end":{"line":26,"column":50}},"19":{"start":{"line":28,"column":2},"end":{"line":30,"column":3}},"20":{"start":{"line":29,"column":4},"end":{"line":29,"column":30}},"21":{"start":{"line":32,"column":2},"end":{"line":203,"column":4}}},"fnMap":{"0":{"name":"(anonymous_0)","decl":{"start":{"line":15,"column":29},"end":{"line":15,"column":30}},"loc":{"start":{"line":15,"column":35},"end":{"line":15,"column":62}},"line":15},"1":{"name":"(anonymous_1)","decl":{"start":{"line":16,"column":28},"end":{"line":16,"column":29}},"loc":{"start":{"line":16,"column":34},"end":{"line":16,"column":60}},"line":16},"2":{"name":"(anonymous_2)","decl":{"start":{"line":17,"column":29},"end":{"line":17,"column":30}},"loc":{"start":{"line":17,"column":35},"end":{"line":17,"column":62}},"line":17},"3":{"name":"(anonymous_3)","decl":{"start":{"line":18,"column":37},"end":{"line":18,"column":38}},"loc":{"start":{"line":18,"column":43},"end":{"line":18,"column":78}},"line":18},"4":{"name":"(anonymous_4)","decl":{"start":{"line":19,"column":31},"end":{"line":19,"column":32}},"loc":{"start":{"line":19,"column":37},"end":{"line":19,"column":66}},"line":19},"5":{"name":"(anonymous_5)","decl":{"start":{"line":20,"column":30},"end":{"line":20,"column":31}},"loc":{"start":{"line":20,"column":36},"end":{"line":20,"column":64}},"line":20},"6":{"name":"(anonymous_6)","decl":{"start":{"line":21,"column":28},"end":{"line":21,"column":29}},"loc":{"start":{"line":21,"column":34},"end":{"line":21,"column":60}},"line":21},"7":{"name":"(anonymous_7)","decl":{"start":{"line":22,"column":36},"end":{"line":22,"column":37}},"loc":{"start":{"line":22,"column":42},"end":{"line":22,"column":76}},"line":22},"8":{"name":"(anonymous_8)","decl":{"start":{"line":23,"column":30},"end":{"line":23,"column":31}},"loc":{"start":{"line":23,"column":36},"end":{"line":23,"column":67}},"line":23},"9":{"name":"App","decl":{"start":{"line":25,"column":9},"end":{"line":25,"column":12}},"loc":{"start":{"line":25,"column":15},"end":{"line":204,"column":1}},"line":25}},"branchMap":{"0":{"loc":{"start":{"line":28,"column":2},"end":{"line":30,"column":3}},"type":"if","locations":[{"start":{"line":28,"column":2},"end":{"line":30,"column":3}},{"start":{},"end":{}}],"line":28},"1":{"loc":{"start":{"line":199,"column":9},"end":{"line":199,"column":90}},"type":"binary-expr","locations":[{"start":{"line":199,"column":9},"end":{"line":199,"column":25}},{"start":{"line":199,"column":29},"end":{"line":199,"column":90}}],"line":199}},"s":{"0":0,"1":0,"2":0,"3":0,"4":0,"5":0,"6":0,"7":0,"8":0,"9":0,"10":0,"11":0,"12":0,"13":0,"14":0,"15":0,"16":0,"17":0,"18":0,"19":0,"20":0,"21":0},"f":{"0":0,"1":0,"2":0,"3":0,"4":0,"5":0,"6":0,"7":0,"8":0,"9":0},"b":{"0":[0,0],"1":[0,0]}}
,"C:\\AIstockbroker\\AiStockbroker\\frontend\\src\\index.js": {"path":"C:\\AIstockbroker\\AiStockbroker\\frontend\\src\\index.js","statementMap":{"0":{"start":{"line":11,"column":0},"end":{"line":25,"column":3}},"1":{"start":{"line":12,"column":2},"end":{"line":24,"column":3}},"2":{"start":{"line":13,"column":4},"end":{"line":13,"column":82}},"3":{"start":{"line":15,"column":4},"end":{"line":21,"column":5}},"4":{"start":{"line":16,"column":6},"end":{"line":20,"column":9}},"5":{"start":{"line":17,"column":8},"end":{"line":19,"column":11}},"6":{"start":{"line":18,"column":10},"end":{"line":18,"column":35}},"7":{"start":{"line":23,"column":4},"end":{"line":23,"column":33}},"8":{"start":{"line":28,"column":0},"end":{"line":43,"column":3}},"9":{"start":{"line":29,"column":2},"end":{"line":42,"column":3}},"10":{"start":{"line":30,"column":4},"end":{"line":30,"column":94}},"11":{"start":{"line":31,"column":4},"end":{"line":31,"column":27}},"12":{"start":{"line":33,"column":4},"end":{"line":39,"column":5}},"13":{"start":{"line":34,"column":6},"end":{"line":38,"column":9}},"14":{"start":{"line":35,"column":8},"end":{"line":37,"column":11}},"15":{"start":{"line":36,"column":10},"end":{"line":36,"column":35}},"16":{"start":{"line":41,"column":4},"end":{"line":41,"column":33}},"17":{"start":{"line":46,"column":0},"end":{"line":69,"column":1}},"18":{"start":{"line":47,"column":2},"end":{"line":51,"column":5}},"19":{"start":{"line":48,"column":4},"end":{"line":50,"column":7}},"20":{"start":{"line":49,"column":6},"end":{"line":49,"column":32}},"21":{"start":{"line":54,"column":2},"end":{"line":68,"column":5}},"22":{"start":{"line":55,"column":4},"end":{"line":67,"column":5}},"23":{"start":{"line":56,"column":6},"end":{"line":56,"column":80}},"24":{"start":{"line":58,"column":6},"end":{"line":64,"column":7}},"25":{"start":{"line":59,"column":8},"end":{"line":63,"column":11}},"26":{"start":{"line":60,"column":10},"end":{"line":62,"column":13}},"27":{"start":{"line":61,"column":12},"end":{"line":61,"column":37}},"28":{"start":{"line":66,"column":6},"end":{"line":66,"column":35}},"29":{"start":{"line":73,"column":20},"end":{"line":80,"column":2}},"30":{"start":{"line":82,"column":13},"end":{"line":82,"column":65}},"31":{"start":{"line":83,"column":0},"end":{"line":103,"column":2}},"32":{"start":{"line":106,"column":0},"end":{"line":106,"column":39}}},"fnMap":{"0":{"name":"(anonymous_0)","decl":{"start":{"line":11,"column":33},"end":{"line":11,"column":34}},"loc":{"start":{"line":11,"column":44},"end":{"line":25,"column":1}},"line":11},"1":{"name":"(anonymous_1)","decl":{"start":{"line":16,"column":25},"end":{"line":16,"column":26}},"loc":{"start":{"line":16,"column":39},"end":{"line":20,"column":7}},"line":16},"2":{"name":"(anonymous_2)","decl":{"start":{"line":17,"column":27},"end":{"line":17,"column":28}},"loc":{"start":{"line":17,"column":40},"end":{"line":19,"column":9}},"line":17},"3":{"name":"(anonymous_3)","decl":{"start":{"line":28,"column":46},"end":{"line":28,"column":47}},"loc":{"start":{"line":28,"column":57},"end":{"line":43,"column":1}},"line":28},"4":{"name":"(anonymous_4)","decl":{"start":{"line":34,"column":25},"end":{"line":34,"column":26}},"loc":{"start":{"line":34,"column":39},"end":{"line":38,"column":7}},"line":34},"5":{"name":"(anonymous_5)","decl":{"start":{"line":35,"column":27},"end":{"line":35,"column":28}},"loc":{"start":{"line":35,"column":40},"end":{"line":37,"column":9}},"line":35},"6":{"name":"(anonymous_6)","decl":{"start":{"line":47,"column":50},"end":{"line":47,"column":51}},"loc":{"start":{"line":47,"column":67},"end":{"line":51,"column":3}},"line":47},"7":{"name":"(anonymous_7)","decl":{"start":{"line":48,"column":26},"end":{"line":48,"column":27}},"loc":{"start":{"line":48,"column":42},"end":{"line":50,"column":5}},"line":48},"8":{"name":"(anonymous_8)","decl":{"start":{"line":54,"column":54},"end":{"line":54,"column":55}},"loc":{"start":{"line":54,"column":63},"end":{"line":68,"column":3}},"line":54},"9":{"name":"(anonymous_9)","decl":{"start":{"line":59,"column":27},"end":{"line":59,"column":28}},"loc":{"start":{"line":59,"column":41},"end":{"line":63,"column":9}},"line":59},"10":{"name":"(anonymous_10)","decl":{"start":{"line":60,"column":29},"end":{"line":60,"column":30}},"loc":{"start":{"line":60,"column":42},"end":{"line":62,"column":11}},"line":60}},"branchMap":{"0":{"loc":{"start":{"line":12,"column":2},"end":{"line":24,"column":3}},"type":"if","locations":[{"start":{"line":12,"column":2},"end":{"line":24,"column":3}},{"start":{},"end":{}}],"line":12},"1":{"loc":{"start":{"line":12,"column":6},"end":{"line":12,"column":62}},"type":"binary-expr","locations":[{"start":{"line":12,"column":6},"end":{"line":12,"column":19}},{"start":{"line":12,"column":23},"end":{"line":12,"column":62}}],"line":12},"2":{"loc":{"start":{"line":15,"column":4},"end":{"line":21,"column":5}},"type":"if","locations":[{"start":{"line":15,"column":4},"end":{"line":21,"column":5}},{"start":{},"end":{}}],"line":15},"3":{"loc":{"start":{"line":29,"column":2},"end":{"line":42,"column":3}},"type":"if","locations":[{"start":{"line":29,"column":2},"end":{"line":42,"column":3}},{"start":{},"end":{}}],"line":29},"4":{"loc":{"start":{"line":29,"column":6},"end":{"line":29,"column":92}},"type":"binary-expr","locations":[{"start":{"line":29,"column":6},"end":{"line":29,"column":18}},{"start":{"line":29,"column":22},"end":{"line":29,"column":42}},{"start":{"line":29,"column":46},"end":{"line":29,"column":92}}],"line":29},"5":{"loc":{"start":{"line":33,"column":4},"end":{"line":39,"column":5}},"type":"if","locations":[{"start":{"line":33,"column":4},"end":{"line":39,"column":5}},{"start":{},"end":{}}],"line":33},"6":{"loc":{"start":{"line":46,"column":0},"end":{"line":69,"column":1}},"type":"if","locations":[{"start":{"line":46,"column":0},"end":{"line":69,"column":1}},{"start":{},"end":{}}],"line":46},"7":{"loc":{"start":{"line":55,"column":4},"end":{"line":67,"column":5}},"type":"if","locations":[{"start":{"line":55,"column":4},"end":{"line":67,"column":5}},{"start":{},"end":{}}],"line":55},"8":{"loc":{"start":{"line":55,"column":8},"end":{"line":55,"column":56}},"type":"binary-expr","locations":[{"start":{"line":55,"column":8},"end":{"line":55,"column":18}},{"start":{"line":55,"column":22},"end":{"line":55,"column":56}}],"line":55},"9":{"loc":{"start":{"line":58,"column":6},"end":{"line":64,"column":7}},"type":"if","locations":[{"start":{"line":58,"column":6},"end":{"line":64,"column":7}},{"start":{},"end":{}}],"line":58}},"s":{"0":0,"1":0,"2":0,"3":0,"4":0,"5":0,"6":0,"7":0,"8":0,"9":0,"10":0,"11":0,"12":0,"13":0,"14":0,"15":0,"16":0,"17":0,"18":0,"19":0,"20":0,"21":0,"22":0,"23":0,"24":0,"25":0,"26":0,"27":0,"28":0,"29":0,"30":0,"31":0,"32":0},"f":{"0":0,"1":0,"2":0,"3":0,"4":0,"5":0,"6":0,"7":0,"8":0,"9":0,"10":0},"b":{"0":[0,0],"1":[0,0],"2":[0,0],"3":[0,0],"4":[0,0,0],"5":[0,0],"6":[0,0],"7":[0,0],"8":[0,0],"9":[0,0]}}
,"C:\\AIstockbroker\\AiStockbroker\\frontend\\src\\components\\ConnectionTest.js": {"path":"C:\\AIstockbroker\\AiStockbroker\\frontend\\src\\components\\ConnectionTest.js","statementMap":{"0":{"start":{"line":4,"column":23},"end":{"line":72,"column":1}},"1":{"start":{"line":5,"column":30},"end":{"line":5,"column":52}},"2":{"start":{"line":6,"column":28},"end":{"line":6,"column":42}},"3":{"start":{"line":8,"column":2},"end":{"line":29,"column":9}},"4":{"start":{"line":9,"column":27},"end":{"line":26,"column":5}},"5":{"start":{"line":10,"column":6},"end":{"line":25,"column":7}},"6":{"start":{"line":11,"column":8},"end":{"line":11,"column":43}},"7":{"start":{"line":12,"column":25},"end":{"line":12,"column":66}},"8":{"start":{"line":14,"column":8},"end":{"line":21,"column":9}},"9":{"start":{"line":15,"column":23},"end":{"line":15,"column":44}},"10":{"start":{"line":16,"column":10},"end":{"line":16,"column":65}},"11":{"start":{"line":17,"column":10},"end":{"line":17,"column":25}},"12":{"start":{"line":19,"column":10},"end":{"line":19,"column":41}},"13":{"start":{"line":20,"column":10},"end":{"line":20,"column":70}},"14":{"start":{"line":23,"column":8},"end":{"line":23,"column":39}},"15":{"start":{"line":24,"column":8},"end":{"line":24,"column":30}},"16":{"start":{"line":28,"column":4},"end":{"line":28,"column":21}},"17":{"start":{"line":31,"column":22},"end":{"line":55,"column":3}},"18":{"start":{"line":32,"column":4},"end":{"line":54,"column":5}},"19":{"start":{"line":33,"column":6},"end":{"line":33,"column":39}},"20":{"start":{"line":34,"column":23},"end":{"line":40,"column":8}},"21":{"start":{"line":42,"column":6},"end":{"line":50,"column":7}},"22":{"start":{"line":43,"column":21},"end":{"line":43,"column":42}},"23":{"start":{"line":44,"column":8},"end":{"line":44,"column":39}},"24":{"start":{"line":45,"column":8},"end":{"line":45,"column":23}},"25":{"start":{"line":46,"column":8},"end":{"line":46,"column":48}},"26":{"start":{"line":48,"column":8},"end":{"line":48,"column":37}},"27":{"start":{"line":49,"column":8},"end":{"line":49,"column":68}},"28":{"start":{"line":52,"column":6},"end":{"line":52,"column":35}},"29":{"start":{"line":53,"column":6},"end":{"line":53,"column":28}},"30":{"start":{"line":57,"column":2},"end":{"line":71,"column":4}}},"fnMap":{"0":{"name":"(anonymous_0)","decl":{"start":{"line":4,"column":23},"end":{"line":4,"column":24}},"loc":{"start":{"line":4,"column":29},"end":{"line":72,"column":1}},"line":4},"1":{"name":"(anonymous_1)","decl":{"start":{"line":8,"column":12},"end":{"line":8,"column":13}},"loc":{"start":{"line":8,"column":18},"end":{"line":29,"column":3}},"line":8},"2":{"name":"(anonymous_2)","decl":{"start":{"line":9,"column":27},"end":{"line":9,"column":28}},"loc":{"start":{"line":9,"column":39},"end":{"line":26,"column":5}},"line":9},"3":{"name":"(anonymous_3)","decl":{"start":{"line":31,"column":22},"end":{"line":31,"column":23}},"loc":{"start":{"line":31,"column":34},"end":{"line":55,"column":3}},"line":31}},"branchMap":{"0":{"loc":{"start":{"line":14,"column":8},"end":{"line":21,"column":9}},"type":"if","locations":[{"start":{"line":14,"column":8},"end":{"line":21,"column":9}},{"start":{"line":18,"column":15},"end":{"line":21,"column":9}}],"line":14},"1":{"loc":{"start":{"line":42,"column":6},"end":{"line":50,"column":7}},"type":"if","locations":[{"start":{"line":42,"column":6},"end":{"line":50,"column":7}},{"start":{"line":47,"column":13},"end":{"line":50,"column":7}}],"line":42},"2":{"loc":{"start":{"line":61,"column":7},"end":{"line":63,"column":7}},"type":"binary-expr","locations":[{"start":{"line":61,"column":7},"end":{"line":61,"column":12}},{"start":{"line":62,"column":8},"end":{"line":62,"column":67}}],"line":61}},"s":{"0":0,"1":0,"2":0,"3":0,"4":0,"5":0,"6":0,"7":0,"8":0,"9":0,"10":0,"11":0,"12":0,"13":0,"14":0,"15":0,"16":0,"17":0,"18":0,"19":0,"20":0,"21":0,"22":0,"23":0,"24":0,"25":0,"26":0,"27":0,"28":0,"29":0,"30":0},"f":{"0":0,"1":0,"2":0,"3":0},"b":{"0":[0,0],"1":[0,0],"2":[0,0]}}
,"C:\\AIstockbroker\\AiStockbroker\\frontend\\src\\components\\TradingAccessHandler.js": {"path":"C:\\AIstockbroker\\AiStockbroker\\frontend\\src\\components\\TradingAccessHandler.js","statementMap":{"0":{"start":{"line":10,"column":29},"end":{"line":40,"column":1}},"1":{"start":{"line":11,"column":19},"end":{"line":11,"column":32}},"2":{"start":{"line":13,"column":2},"end":{"line":37,"column":17}},"3":{"start":{"line":15,"column":30},"end":{"line":19,"column":5}},"4":{"start":{"line":16,"column":6},"end":{"line":18,"column":7}},"5":{"start":{"line":17,"column":8},"end":{"line":17,"column":56}},"6":{"start":{"line":22,"column":37},"end":{"line":26,"column":5}},"7":{"start":{"line":23,"column":6},"end":{"line":25,"column":7}},"8":{"start":{"line":24,"column":8},"end":{"line":24,"column":57}},"9":{"start":{"line":29,"column":4},"end":{"line":29,"column":56}},"10":{"start":{"line":30,"column":4},"end":{"line":30,"column":76}},"11":{"start":{"line":33,"column":4},"end":{"line":36,"column":6}},"12":{"start":{"line":34,"column":6},"end":{"line":34,"column":61}},"13":{"start":{"line":35,"column":6},"end":{"line":35,"column":81}},"14":{"start":{"line":39,"column":2},"end":{"line":39,"column":18}}},"fnMap":{"0":{"name":"(anonymous_0)","decl":{"start":{"line":10,"column":29},"end":{"line":10,"column":30}},"loc":{"start":{"line":10,"column":47},"end":{"line":40,"column":1}},"line":10},"1":{"name":"(anonymous_1)","decl":{"start":{"line":13,"column":12},"end":{"line":13,"column":13}},"loc":{"start":{"line":13,"column":18},"end":{"line":37,"column":3}},"line":13},"2":{"name":"(anonymous_2)","decl":{"start":{"line":15,"column":30},"end":{"line":15,"column":31}},"loc":{"start":{"line":15,"column":41},"end":{"line":19,"column":5}},"line":15},"3":{"name":"(anonymous_3)","decl":{"start":{"line":22,"column":37},"end":{"line":22,"column":38}},"loc":{"start":{"line":22,"column":48},"end":{"line":26,"column":5}},"line":22},"4":{"name":"(anonymous_4)","decl":{"start":{"line":33,"column":11},"end":{"line":33,"column":12}},"loc":{"start":{"line":33,"column":17},"end":{"line":36,"column":5}},"line":33}},"branchMap":{"0":{"loc":{"start":{"line":16,"column":6},"end":{"line":18,"column":7}},"type":"if","locations":[{"start":{"line":16,"column":6},"end":{"line":18,"column":7}},{"start":{},"end":{}}],"line":16},"1":{"loc":{"start":{"line":16,"column":10},"end":{"line":16,"column":64}},"type":"binary-expr","locations":[{"start":{"line":16,"column":10},"end":{"line":16,"column":21}},{"start":{"line":16,"column":25},"end":{"line":16,"column":64}}],"line":16},"2":{"loc":{"start":{"line":23,"column":6},"end":{"line":25,"column":7}},"type":"if","locations":[{"start":{"line":23,"column":6},"end":{"line":25,"column":7}},{"start":{},"end":{}}],"line":23},"3":{"loc":{"start":{"line":23,"column":10},"end":{"line":23,"column":66}},"type":"binary-expr","locations":[{"start":{"line":23,"column":10},"end":{"line":23,"column":22}},{"start":{"line":23,"column":26},"end":{"line":23,"column":66}}],"line":23}},"s":{"0":0,"1":0,"2":0,"3":0,"4":0,"5":0,"6":0,"7":0,"8":0,"9":0,"10":0,"11":0,"12":0,"13":0,"14":0},"f":{"0":0,"1":0,"2":0,"3":0,"4":0},"b":{"0":[0,0],"1":[0,0],"2":[0,0],"3":[0,0]}}
,"C:\\AIstockbroker\\AiStockbroker\\frontend\\src\\components\\Admin\\AdminDashboard.js": {"path":"C:\\AIstockbroker\\AiStockbroker\\frontend\\src\\components\\Admin\\AdminDashboard.js","statementMap":{"0":{"start":{"line":14,"column":23},"end":{"line":320,"column":1}},"1":{"start":{"line":15,"column":28},"end":{"line":15,"column":42}},"2":{"start":{"line":16,"column":40},"end":{"line":16,"column":52}},"3":{"start":{"line":17,"column":36},"end":{"line":17,"column":50}},"4":{"start":{"line":19,"column":2},"end":{"line":21,"column":9}},"5":{"start":{"line":20,"column":4},"end":{"line":20,"column":24}},"6":{"start":{"line":23,"column":28},"end":{"line":54,"column":3}},"7":{"start":{"line":24,"column":4},"end":{"line":24,"column":23}},"8":{"start":{"line":26,"column":4},"end":{"line":53,"column":5}},"9":{"start":{"line":28,"column":26},"end":{"line":28,"column":64}},"10":{"start":{"line":29,"column":6},"end":{"line":33,"column":7}},"11":{"start":{"line":30,"column":8},"end":{"line":30,"column":41}},"12":{"start":{"line":32,"column":8},"end":{"line":32,"column":59}},"13":{"start":{"line":36,"column":26},"end":{"line":41,"column":8}},"14":{"start":{"line":43,"column":6},"end":{"line":47,"column":7}},"15":{"start":{"line":44,"column":8},"end":{"line":44,"column":53}},"16":{"start":{"line":46,"column":8},"end":{"line":46,"column":51}},"17":{"start":{"line":49,"column":6},"end":{"line":49,"column":55}},"18":{"start":{"line":50,"column":6},"end":{"line":50,"column":51}},"19":{"start":{"line":52,"column":6},"end":{"line":52,"column":26}},"20":{"start":{"line":56,"column":25},"end":{"line":69,"column":3}},"21":{"start":{"line":57,"column":4},"end":{"line":68,"column":5}},"22":{"start":{"line":59,"column":8},"end":{"line":59,"column":45}},"23":{"start":{"line":61,"column":8},"end":{"line":61,"column":47}},"24":{"start":{"line":63,"column":8},"end":{"line":63,"column":41}},"25":{"start":{"line":65,"column":8},"end":{"line":65,"column":43}},"26":{"start":{"line":67,"column":8},"end":{"line":67,"column":43}},"27":{"start":{"line":71,"column":23},"end":{"line":82,"column":3}},"28":{"start":{"line":72,"column":4},"end":{"line":81,"column":5}},"29":{"start":{"line":74,"column":8},"end":{"line":74,"column":47}},"30":{"start":{"line":76,"column":8},"end":{"line":76,"column":43}},"31":{"start":{"line":78,"column":8},"end":{"line":78,"column":43}},"32":{"start":{"line":80,"column":8},"end":{"line":80,"column":43}},"33":{"start":{"line":84,"column":20},"end":{"line":127,"column":3}},"34":{"start":{"line":129,"column":2},"end":{"line":135,"column":3}},"35":{"start":{"line":130,"column":4},"end":{"line":134,"column":6}},"36":{"start":{"line":137,"column":2},"end":{"line":319,"column":4}},"37":{"start":{"line":151,"column":12},"end":{"line":167,"column":18}},"38":{"start":{"line":223,"column":33},"end":{"line":223,"column":57}},"39":{"start":{"line":255,"column":20},"end":{"line":282,"column":26}},"40":{"start":{"line":301,"column":18},"end":{"line":311,"column":24}}},"fnMap":{"0":{"name":"(anonymous_0)","decl":{"start":{"line":14,"column":23},"end":{"line":14,"column":24}},"loc":{"start":{"line":14,"column":29},"end":{"line":320,"column":1}},"line":14},"1":{"name":"(anonymous_1)","decl":{"start":{"line":19,"column":12},"end":{"line":19,"column":13}},"loc":{"start":{"line":19,"column":18},"end":{"line":21,"column":3}},"line":19},"2":{"name":"(anonymous_2)","decl":{"start":{"line":23,"column":28},"end":{"line":23,"column":29}},"loc":{"start":{"line":23,"column":40},"end":{"line":54,"column":3}},"line":23},"3":{"name":"(anonymous_3)","decl":{"start":{"line":56,"column":25},"end":{"line":56,"column":26}},"loc":{"start":{"line":56,"column":37},"end":{"line":69,"column":3}},"line":56},"4":{"name":"(anonymous_4)","decl":{"start":{"line":71,"column":23},"end":{"line":71,"column":24}},"loc":{"start":{"line":71,"column":33},"end":{"line":82,"column":3}},"line":71},"5":{"name":"(anonymous_5)","decl":{"start":{"line":150,"column":25},"end":{"line":150,"column":26}},"loc":{"start":{"line":151,"column":12},"end":{"line":167,"column":18}},"line":151},"6":{"name":"(anonymous_6)","decl":{"start":{"line":223,"column":27},"end":{"line":223,"column":28}},"loc":{"start":{"line":223,"column":33},"end":{"line":223,"column":57}},"line":223},"7":{"name":"(anonymous_7)","decl":{"start":{"line":254,"column":47},"end":{"line":254,"column":48}},"loc":{"start":{"line":255,"column":20},"end":{"line":282,"column":26}},"line":255},"8":{"name":"(anonymous_8)","decl":{"start":{"line":300,"column":66},"end":{"line":300,"column":67}},"loc":{"start":{"line":301,"column":18},"end":{"line":311,"column":24}},"line":301}},"branchMap":{"0":{"loc":{"start":{"line":29,"column":6},"end":{"line":33,"column":7}},"type":"if","locations":[{"start":{"line":29,"column":6},"end":{"line":33,"column":7}},{"start":{"line":31,"column":13},"end":{"line":33,"column":7}}],"line":29},"1":{"loc":{"start":{"line":43,"column":6},"end":{"line":47,"column":7}},"type":"if","locations":[{"start":{"line":43,"column":6},"end":{"line":47,"column":7}},{"start":{"line":45,"column":13},"end":{"line":47,"column":7}}],"line":43},"2":{"loc":{"start":{"line":44,"column":23},"end":{"line":44,"column":51}},"type":"binary-expr","locations":[{"start":{"line":44,"column":23},"end":{"line":44,"column":45}},{"start":{"line":44,"column":49},"end":{"line":44,"column":51}}],"line":44},"3":{"loc":{"start":{"line":57,"column":4},"end":{"line":68,"column":5}},"type":"switch","locations":[{"start":{"line":58,"column":6},"end":{"line":59,"column":45}},{"start":{"line":60,"column":6},"end":{"line":61,"column":47}},{"start":{"line":62,"column":6},"end":{"line":63,"column":41}},{"start":{"line":64,"column":6},"end":{"line":65,"column":43}},{"start":{"line":66,"column":6},"end":{"line":67,"column":43}}],"line":57},"4":{"loc":{"start":{"line":72,"column":4},"end":{"line":81,"column":5}},"type":"switch","locations":[{"start":{"line":73,"column":6},"end":{"line":74,"column":47}},{"start":{"line":75,"column":6},"end":{"line":76,"column":43}},{"start":{"line":77,"column":6},"end":{"line":78,"column":43}},{"start":{"line":79,"column":6},"end":{"line":80,"column":43}}],"line":72},"5":{"loc":{"start":{"line":87,"column":13},"end":{"line":87,"column":36}},"type":"binary-expr","locations":[{"start":{"line":87,"column":13},"end":{"line":87,"column":31}},{"start":{"line":87,"column":35},"end":{"line":87,"column":36}}],"line":87},"6":{"loc":{"start":{"line":90,"column":14},"end":{"line":90,"column":94}},"type":"cond-expr","locations":[{"start":{"line":90,"column":44},"end":{"line":90,"column":87}},{"start":{"line":90,"column":90},"end":{"line":90,"column":94}}],"line":90},"7":{"loc":{"start":{"line":94,"column":13},"end":{"line":94,"column":49}},"type":"binary-expr","locations":[{"start":{"line":94,"column":13},"end":{"line":94,"column":44}},{"start":{"line":94,"column":48},"end":{"line":94,"column":49}}],"line":94},"8":{"loc":{"start":{"line":97,"column":18},"end":{"line":97,"column":113}},"type":"cond-expr","locations":[{"start":{"line":97,"column":39},"end":{"line":97,"column":109}},{"start":{"line":97,"column":112},"end":{"line":97,"column":113}}],"line":97},"9":{"loc":{"start":{"line":101,"column":13},"end":{"line":101,"column":50}},"type":"binary-expr","locations":[{"start":{"line":101,"column":13},"end":{"line":101,"column":45}},{"start":{"line":101,"column":49},"end":{"line":101,"column":50}}],"line":101},"10":{"loc":{"start":{"line":104,"column":18},"end":{"line":104,"column":114}},"type":"cond-expr","locations":[{"start":{"line":104,"column":39},"end":{"line":104,"column":110}},{"start":{"line":104,"column":113},"end":{"line":104,"column":114}}],"line":104},"11":{"loc":{"start":{"line":108,"column":13},"end":{"line":108,"column":52}},"type":"binary-expr","locations":[{"start":{"line":108,"column":13},"end":{"line":108,"column":47}},{"start":{"line":108,"column":51},"end":{"line":108,"column":52}}],"line":108},"12":{"loc":{"start":{"line":111,"column":18},"end":{"line":111,"column":116}},"type":"cond-expr","locations":[{"start":{"line":111,"column":39},"end":{"line":111,"column":112}},{"start":{"line":111,"column":115},"end":{"line":111,"column":116}}],"line":111},"13":{"loc":{"start":{"line":115,"column":13},"end":{"line":115,"column":46}},"type":"binary-expr","locations":[{"start":{"line":115,"column":13},"end":{"line":115,"column":41}},{"start":{"line":115,"column":45},"end":{"line":115,"column":46}}],"line":115},"14":{"loc":{"start":{"line":118,"column":18},"end":{"line":118,"column":110}},"type":"cond-expr","locations":[{"start":{"line":118,"column":39},"end":{"line":118,"column":106}},{"start":{"line":118,"column":109},"end":{"line":118,"column":110}}],"line":118},"15":{"loc":{"start":{"line":122,"column":13},"end":{"line":122,"column":38}},"type":"binary-expr","locations":[{"start":{"line":122,"column":13},"end":{"line":122,"column":33}},{"start":{"line":122,"column":37},"end":{"line":122,"column":38}}],"line":122},"16":{"loc":{"start":{"line":129,"column":2},"end":{"line":135,"column":3}},"type":"if","locations":[{"start":{"line":129,"column":2},"end":{"line":135,"column":3}},{"start":{},"end":{}}],"line":129},"17":{"loc":{"start":{"line":159,"column":19},"end":{"line":161,"column":19}},"type":"binary-expr","locations":[{"start":{"line":159,"column":19},"end":{"line":159,"column":30}},{"start":{"line":160,"column":20},"end":{"line":160,"column":74}}],"line":159},"18":{"loc":{"start":{"line":162,"column":19},"end":{"line":164,"column":19}},"type":"binary-expr","locations":[{"start":{"line":162,"column":19},"end":{"line":162,"column":48}},{"start":{"line":163,"column":20},"end":{"line":163,"column":88}}],"line":162},"19":{"loc":{"start":{"line":201,"column":25},"end":{"line":201,"column":62}},"type":"binary-expr","locations":[{"start":{"line":201,"column":25},"end":{"line":201,"column":57}},{"start":{"line":201,"column":61},"end":{"line":201,"column":62}}],"line":201},"20":{"loc":{"start":{"line":216,"column":25},"end":{"line":216,"column":64}},"type":"binary-expr","locations":[{"start":{"line":216,"column":25},"end":{"line":216,"column":59}},{"start":{"line":216,"column":63},"end":{"line":216,"column":64}}],"line":216},"21":{"loc":{"start":{"line":252,"column":15},"end":{"line":287,"column":15}},"type":"cond-expr","locations":[{"start":{"line":253,"column":16},"end":{"line":284,"column":22}},{"start":{"line":286,"column":16},"end":{"line":286,"column":78}}],"line":252},"22":{"loc":{"start":{"line":260,"column":31},"end":{"line":260,"column":92}},"type":"binary-expr","locations":[{"start":{"line":260,"column":31},"end":{"line":260,"column":57}},{"start":{"line":260,"column":61},"end":{"line":260,"column":85}},{"start":{"line":260,"column":89},"end":{"line":260,"column":92}}],"line":260},"23":{"loc":{"start":{"line":266,"column":29},"end":{"line":268,"column":45}},"type":"cond-expr","locations":[{"start":{"line":267,"column":32},"end":{"line":267,"column":70}},{"start":{"line":268,"column":32},"end":{"line":268,"column":45}}],"line":266},"24":{"loc":{"start":{"line":266,"column":29},"end":{"line":266,"column":62}},"type":"binary-expr","locations":[{"start":{"line":266,"column":29},"end":{"line":266,"column":44}},{"start":{"line":266,"column":48},"end":{"line":266,"column":62}}],"line":266},"25":{"loc":{"start":{"line":293,"column":9},"end":{"line":316,"column":9}},"type":"binary-expr","locations":[{"start":{"line":293,"column":9},"end":{"line":293,"column":14}},{"start":{"line":294,"column":10},"end":{"line":315,"column":16}}],"line":293},"26":{"loc":{"start":{"line":300,"column":32},"end":{"line":300,"column":60}},"type":"binary-expr","locations":[{"start":{"line":300,"column":32},"end":{"line":300,"column":54}},{"start":{"line":300,"column":58},"end":{"line":300,"column":60}}],"line":300},"27":{"loc":{"start":{"line":304,"column":22},"end":{"line":307,"column":37}},"type":"cond-expr","locations":[{"start":{"line":304,"column":44},"end":{"line":304,"column":60}},{"start":{"line":305,"column":22},"end":{"line":307,"column":37}}],"line":304},"28":{"loc":{"start":{"line":305,"column":22},"end":{"line":307,"column":37}},"type":"cond-expr","locations":[{"start":{"line":305,"column":45},"end":{"line":305,"column":62}},{"start":{"line":306,"column":22},"end":{"line":307,"column":37}}],"line":305},"29":{"loc":{"start":{"line":306,"column":22},"end":{"line":307,"column":37}},"type":"cond-expr","locations":[{"start":{"line":306,"column":47},"end":{"line":306,"column":61}},{"start":{"line":307,"column":22},"end":{"line":307,"column":37}}],"line":306}},"s":{"0":0,"1":0,"2":0,"3":0,"4":0,"5":0,"6":0,"7":0,"8":0,"9":0,"10":0,"11":0,"12":0,"13":0,"14":0,"15":0,"16":0,"17":0,"18":0,"19":0,"20":0,"21":0,"22":0,"23":0,"24":0,"25":0,"26":0,"27":0,"28":0,"29":0,"30":0,"31":0,"32":0,"33":0,"34":0,"35":0,"36":0,"37":0,"38":0,"39":0,"40":0},"f":{"0":0,"1":0,"2":0,"3":0,"4":0,"5":0,"6":0,"7":0,"8":0},"b":{"0":[0,0],"1":[0,0],"2":[0,0],"3":[0,0,0,0,0],"4":[0,0,0,0],"5":[0,0],"6":[0,0],"7":[0,0],"8":[0,0],"9":[0,0],"10":[0,0],"11":[0,0],"12":[0,0],"13":[0,0],"14":[0,0],"15":[0,0],"16":[0,0],"17":[0,0],"18":[0,0],"19":[0,0],"20":[0,0],"21":[0,0],"22":[0,0,0],"23":[0,0],"24":[0,0],"25":[0,0],"26":[0,0],"27":[0,0],"28":[0,0],"29":[0,0]}}
,"C:\\AIstockbroker\\AiStockbroker\\frontend\\src\\components\\Admin\\UserManagement.js": {"path":"C:\\AIstockbroker\\AiStockbroker\\frontend\\src\\components\\Admin\\UserManagement.js","statementMap":{"0":{"start":{"line":18,"column":23},"end":{"line":610,"column":1}},"1":{"start":{"line":19,"column":42},"end":{"line":19,"column":59}},"2":{"start":{"line":20,"column":28},"end":{"line":20,"column":40}},"3":{"start":{"line":21,"column":36},"end":{"line":21,"column":50}},"4":{"start":{"line":22,"column":44},"end":{"line":22,"column":56}},"5":{"start":{"line":23,"column":40},"end":{"line":23,"column":55}},"6":{"start":{"line":24,"column":38},"end":{"line":24,"column":50}},"7":{"start":{"line":27,"column":32},"end":{"line":35,"column":4}},"8":{"start":{"line":37,"column":2},"end":{"line":39,"column":16}},"9":{"start":{"line":38,"column":4},"end":{"line":38,"column":16}},"10":{"start":{"line":41,"column":2},"end":{"line":50,"column":33}},"11":{"start":{"line":43,"column":19},"end":{"line":43,"column":40}},"12":{"start":{"line":44,"column":4},"end":{"line":48,"column":7}},"13":{"start":{"line":45,"column":6},"end":{"line":47,"column":7}},"14":{"start":{"line":46,"column":8},"end":{"line":46,"column":31}},"15":{"start":{"line":49,"column":4},"end":{"line":49,"column":28}},"16":{"start":{"line":52,"column":20},"end":{"line":68,"column":3}},"17":{"start":{"line":53,"column":4},"end":{"line":53,"column":23}},"18":{"start":{"line":54,"column":4},"end":{"line":67,"column":5}},"19":{"start":{"line":55,"column":21},"end":{"line":55,"column":57}},"20":{"start":{"line":56,"column":6},"end":{"line":61,"column":7}},"21":{"start":{"line":57,"column":8},"end":{"line":57,"column":42}},"22":{"start":{"line":58,"column":8},"end":{"line":58,"column":52}},"23":{"start":{"line":60,"column":8},"end":{"line":60,"column":34}},"24":{"start":{"line":63,"column":6},"end":{"line":63,"column":51}},"25":{"start":{"line":64,"column":6},"end":{"line":64,"column":42}},"26":{"start":{"line":66,"column":6},"end":{"line":66,"column":26}},"27":{"start":{"line":70,"column":29},"end":{"line":76,"column":3}},"28":{"start":{"line":71,"column":4},"end":{"line":75,"column":8}},"29":{"start":{"line":71,"column":24},"end":{"line":75,"column":5}},"30":{"start":{"line":78,"column":21},"end":{"line":85,"column":3}},"31":{"start":{"line":79,"column":21},"end":{"line":79,"column":88}},"32":{"start":{"line":80,"column":4},"end":{"line":84,"column":8}},"33":{"start":{"line":80,"column":24},"end":{"line":84,"column":5}},"34":{"start":{"line":87,"column":27},"end":{"line":92,"column":3}},"35":{"start":{"line":88,"column":4},"end":{"line":91,"column":8}},"36":{"start":{"line":88,"column":24},"end":{"line":91,"column":5}},"37":{"start":{"line":94,"column":30},"end":{"line":100,"column":3}},"38":{"start":{"line":95,"column":4},"end":{"line":99,"column":5}},"39":{"start":{"line":96,"column":6},"end":{"line":96,"column":50}},"40":{"start":{"line":96,"column":31},"end":{"line":96,"column":48}},"41":{"start":{"line":98,"column":6},"end":{"line":98,"column":65}},"42":{"start":{"line":98,"column":31},"end":{"line":98,"column":63}},"43":{"start":{"line":98,"column":49},"end":{"line":98,"column":62}},"44":{"start":{"line":102,"column":26},"end":{"line":108,"column":3}},"45":{"start":{"line":103,"column":4},"end":{"line":107,"column":5}},"46":{"start":{"line":104,"column":6},"end":{"line":104,"column":51}},"47":{"start":{"line":104,"column":41},"end":{"line":104,"column":48}},"48":{"start":{"line":106,"column":6},"end":{"line":106,"column":27}},"49":{"start":{"line":110,"column":29},"end":{"line":123,"column":3}},"50":{"start":{"line":111,"column":4},"end":{"line":122,"column":5}},"51":{"start":{"line":112,"column":21},"end":{"line":112,"column":75}},"52":{"start":{"line":113,"column":6},"end":{"line":118,"column":7}},"53":{"start":{"line":114,"column":8},"end":{"line":114,"column":61}},"54":{"start":{"line":115,"column":8},"end":{"line":115,"column":20}},"55":{"start":{"line":117,"column":8},"end":{"line":117,"column":34}},"56":{"start":{"line":120,"column":6},"end":{"line":120,"column":58}},"57":{"start":{"line":121,"column":6},"end":{"line":121,"column":50}},"58":{"start":{"line":125,"column":27},"end":{"line":138,"column":3}},"59":{"start":{"line":126,"column":4},"end":{"line":137,"column":5}},"60":{"start":{"line":127,"column":21},"end":{"line":127,"column":71}},"61":{"start":{"line":128,"column":6},"end":{"line":133,"column":7}},"62":{"start":{"line":129,"column":8},"end":{"line":129,"column":57}},"63":{"start":{"line":130,"column":8},"end":{"line":130,"column":20}},"64":{"start":{"line":132,"column":8},"end":{"line":132,"column":34}},"65":{"start":{"line":135,"column":6},"end":{"line":135,"column":56}},"66":{"start":{"line":136,"column":6},"end":{"line":136,"column":48}},"67":{"start":{"line":140,"column":27},"end":{"line":157,"column":3}},"68":{"start":{"line":141,"column":4},"end":{"line":143,"column":5}},"69":{"start":{"line":142,"column":6},"end":{"line":142,"column":13}},"70":{"start":{"line":145,"column":4},"end":{"line":156,"column":5}},"71":{"start":{"line":146,"column":21},"end":{"line":146,"column":58}},"72":{"start":{"line":147,"column":6},"end":{"line":152,"column":7}},"73":{"start":{"line":148,"column":8},"end":{"line":148,"column":51}},"74":{"start":{"line":149,"column":8},"end":{"line":149,"column":20}},"75":{"start":{"line":151,"column":8},"end":{"line":151,"column":34}},"76":{"start":{"line":154,"column":6},"end":{"line":154,"column":51}},"77":{"start":{"line":155,"column":6},"end":{"line":155,"column":43}},"78":{"start":{"line":159,"column":33},"end":{"line":185,"column":3}},"79":{"start":{"line":160,"column":4},"end":{"line":163,"column":5}},"80":{"start":{"line":161,"column":6},"end":{"line":161,"column":39}},"81":{"start":{"line":162,"column":6},"end":{"line":162,"column":13}},"82":{"start":{"line":165,"column":4},"end":{"line":167,"column":5}},"83":{"start":{"line":166,"column":6},"end":{"line":166,"column":13}},"84":{"start":{"line":169,"column":4},"end":{"line":184,"column":5}},"85":{"start":{"line":170,"column":21},"end":{"line":170,"column":82}},"86":{"start":{"line":171,"column":6},"end":{"line":180,"column":7}},"87":{"start":{"line":172,"column":8},"end":{"line":172,"column":78}},"88":{"start":{"line":173,"column":8},"end":{"line":175,"column":9}},"89":{"start":{"line":174,"column":10},"end":{"line":174,"column":70}},"90":{"start":{"line":176,"column":8},"end":{"line":176,"column":29}},"91":{"start":{"line":177,"column":8},"end":{"line":177,"column":20}},"92":{"start":{"line":179,"column":8},"end":{"line":179,"column":34}},"93":{"start":{"line":182,"column":6},"end":{"line":182,"column":57}},"94":{"start":{"line":183,"column":6},"end":{"line":183,"column":49}},"95":{"start":{"line":187,"column":25},"end":{"line":200,"column":3}},"96":{"start":{"line":188,"column":4},"end":{"line":199,"column":5}},"97":{"start":{"line":190,"column":8},"end":{"line":190,"column":45}},"98":{"start":{"line":192,"column":8},"end":{"line":192,"column":47}},"99":{"start":{"line":194,"column":8},"end":{"line":194,"column":41}},"100":{"start":{"line":196,"column":8},"end":{"line":196,"column":43}},"101":{"start":{"line":198,"column":8},"end":{"line":198,"column":43}},"102":{"start":{"line":202,"column":23},"end":{"line":213,"column":3}},"103":{"start":{"line":203,"column":4},"end":{"line":212,"column":5}},"104":{"start":{"line":205,"column":8},"end":{"line":205,"column":47}},"105":{"start":{"line":207,"column":8},"end":{"line":207,"column":43}},"106":{"start":{"line":209,"column":8},"end":{"line":209,"column":43}},"107":{"start":{"line":211,"column":8},"end":{"line":211,"column":43}},"108":{"start":{"line":215,"column":22},"end":{"line":222,"column":3}},"109":{"start":{"line":216,"column":4},"end":{"line":216,"column":45}},"110":{"start":{"line":216,"column":33},"end":{"line":216,"column":45}},"111":{"start":{"line":217,"column":4},"end":{"line":221,"column":6}},"112":{"start":{"line":224,"column":22},"end":{"line":224,"column":51}},"113":{"start":{"line":225,"column":24},"end":{"line":225,"column":55}},"114":{"start":{"line":227,"column":2},"end":{"line":609,"column":4}},"115":{"start":{"line":262,"column":37},"end":{"line":262,"column":81}},"116":{"start":{"line":269,"column":31},"end":{"line":269,"column":59}},"117":{"start":{"line":285,"column":39},"end":{"line":285,"column":81}},"118":{"start":{"line":290,"column":24},"end":{"line":292,"column":33}},"119":{"start":{"line":301,"column":39},"end":{"line":301,"column":83}},"120":{"start":{"line":306,"column":24},"end":{"line":308,"column":33}},"121":{"start":{"line":317,"column":39},"end":{"line":317,"column":95}},"122":{"start":{"line":340,"column":35},"end":{"line":340,"column":67}},"123":{"start":{"line":346,"column":35},"end":{"line":346,"column":70}},"124":{"start":{"line":352,"column":35},"end":{"line":352,"column":55}},"125":{"start":{"line":384,"column":41},"end":{"line":384,"column":74}},"126":{"start":{"line":389,"column":37},"end":{"line":389,"column":59}},"127":{"start":{"line":398,"column":37},"end":{"line":398,"column":55}},"128":{"start":{"line":407,"column":37},"end":{"line":407,"column":57}},"129":{"start":{"line":416,"column":37},"end":{"line":416,"column":61}},"130":{"start":{"line":425,"column":37},"end":{"line":425,"column":61}},"131":{"start":{"line":439,"column":20},"end":{"line":520,"column":25}},"132":{"start":{"line":445,"column":43},"end":{"line":445,"column":89}},"133":{"start":{"line":471,"column":43},"end":{"line":471,"column":84}},"134":{"start":{"line":475,"column":28},"end":{"line":477,"column":37}},"135":{"start":{"line":484,"column":43},"end":{"line":484,"column":86}},"136":{"start":{"line":488,"column":28},"end":{"line":490,"column":37}},"137":{"start":{"line":514,"column":41},"end":{"line":514,"column":66}},"138":{"start":{"line":531,"column":39},"end":{"line":531,"column":73}},"139":{"start":{"line":538,"column":39},"end":{"line":538,"column":73}},"140":{"start":{"line":564,"column":43},"end":{"line":564,"column":77}},"141":{"start":{"line":573,"column":47},"end":{"line":573,"column":80}},"142":{"start":{"line":574,"column":28},"end":{"line":574,"column":81}},"143":{"start":{"line":574,"column":69},"end":{"line":574,"column":81}},"144":{"start":{"line":576,"column":28},"end":{"line":588,"column":30}},"145":{"start":{"line":579,"column":47},"end":{"line":579,"column":75}},"146":{"start":{"line":592,"column":43},"end":{"line":592,"column":77}}},"fnMap":{"0":{"name":"(anonymous_0)","decl":{"start":{"line":18,"column":23},"end":{"line":18,"column":24}},"loc":{"start":{"line":18,"column":29},"end":{"line":610,"column":1}},"line":18},"1":{"name":"(anonymous_1)","decl":{"start":{"line":37,"column":12},"end":{"line":37,"column":13}},"loc":{"start":{"line":37,"column":18},"end":{"line":39,"column":3}},"line":37},"2":{"name":"(anonymous_2)","decl":{"start":{"line":41,"column":12},"end":{"line":41,"column":13}},"loc":{"start":{"line":41,"column":18},"end":{"line":50,"column":3}},"line":41},"3":{"name":"(anonymous_3)","decl":{"start":{"line":44,"column":36},"end":{"line":44,"column":37}},"loc":{"start":{"line":44,"column":54},"end":{"line":48,"column":5}},"line":44},"4":{"name":"(anonymous_4)","decl":{"start":{"line":52,"column":20},"end":{"line":52,"column":21}},"loc":{"start":{"line":52,"column":32},"end":{"line":68,"column":3}},"line":52},"5":{"name":"(anonymous_5)","decl":{"start":{"line":70,"column":29},"end":{"line":70,"column":30}},"loc":{"start":{"line":70,"column":45},"end":{"line":76,"column":3}},"line":70},"6":{"name":"(anonymous_6)","decl":{"start":{"line":71,"column":15},"end":{"line":71,"column":16}},"loc":{"start":{"line":71,"column":24},"end":{"line":75,"column":5}},"line":71},"7":{"name":"(anonymous_7)","decl":{"start":{"line":78,"column":21},"end":{"line":78,"column":22}},"loc":{"start":{"line":78,"column":33},"end":{"line":85,"column":3}},"line":78},"8":{"name":"(anonymous_8)","decl":{"start":{"line":80,"column":15},"end":{"line":80,"column":16}},"loc":{"start":{"line":80,"column":24},"end":{"line":84,"column":5}},"line":80},"9":{"name":"(anonymous_9)","decl":{"start":{"line":87,"column":27},"end":{"line":87,"column":28}},"loc":{"start":{"line":87,"column":40},"end":{"line":92,"column":3}},"line":87},"10":{"name":"(anonymous_10)","decl":{"start":{"line":88,"column":15},"end":{"line":88,"column":16}},"loc":{"start":{"line":88,"column":24},"end":{"line":91,"column":5}},"line":88},"11":{"name":"(anonymous_11)","decl":{"start":{"line":94,"column":30},"end":{"line":94,"column":31}},"loc":{"start":{"line":94,"column":51},"end":{"line":100,"column":3}},"line":94},"12":{"name":"(anonymous_12)","decl":{"start":{"line":96,"column":23},"end":{"line":96,"column":24}},"loc":{"start":{"line":96,"column":31},"end":{"line":96,"column":48}},"line":96},"13":{"name":"(anonymous_13)","decl":{"start":{"line":98,"column":23},"end":{"line":98,"column":24}},"loc":{"start":{"line":98,"column":31},"end":{"line":98,"column":63}},"line":98},"14":{"name":"(anonymous_14)","decl":{"start":{"line":98,"column":43},"end":{"line":98,"column":44}},"loc":{"start":{"line":98,"column":49},"end":{"line":98,"column":62}},"line":98},"15":{"name":"(anonymous_15)","decl":{"start":{"line":102,"column":26},"end":{"line":102,"column":27}},"loc":{"start":{"line":102,"column":39},"end":{"line":108,"column":3}},"line":102},"16":{"name":"(anonymous_16)","decl":{"start":{"line":104,"column":33},"end":{"line":104,"column":34}},"loc":{"start":{"line":104,"column":41},"end":{"line":104,"column":48}},"line":104},"17":{"name":"(anonymous_17)","decl":{"start":{"line":110,"column":29},"end":{"line":110,"column":30}},"loc":{"start":{"line":110,"column":58},"end":{"line":123,"column":3}},"line":110},"18":{"name":"(anonymous_18)","decl":{"start":{"line":125,"column":27},"end":{"line":125,"column":28}},"loc":{"start":{"line":125,"column":54},"end":{"line":138,"column":3}},"line":125},"19":{"name":"(anonymous_19)","decl":{"start":{"line":140,"column":27},"end":{"line":140,"column":28}},"loc":{"start":{"line":140,"column":45},"end":{"line":157,"column":3}},"line":140},"20":{"name":"(anonymous_20)","decl":{"start":{"line":159,"column":33},"end":{"line":159,"column":34}},"loc":{"start":{"line":159,"column":54},"end":{"line":185,"column":3}},"line":159},"21":{"name":"(anonymous_21)","decl":{"start":{"line":187,"column":25},"end":{"line":187,"column":26}},"loc":{"start":{"line":187,"column":37},"end":{"line":200,"column":3}},"line":187},"22":{"name":"(anonymous_22)","decl":{"start":{"line":202,"column":23},"end":{"line":202,"column":24}},"loc":{"start":{"line":202,"column":33},"end":{"line":213,"column":3}},"line":202},"23":{"name":"(anonymous_23)","decl":{"start":{"line":215,"column":22},"end":{"line":215,"column":23}},"loc":{"start":{"line":215,"column":34},"end":{"line":222,"column":3}},"line":215},"24":{"name":"(anonymous_24)","decl":{"start":{"line":262,"column":30},"end":{"line":262,"column":31}},"loc":{"start":{"line":262,"column":37},"end":{"line":262,"column":81}},"line":262},"25":{"name":"(anonymous_25)","decl":{"start":{"line":269,"column":25},"end":{"line":269,"column":26}},"loc":{"start":{"line":269,"column":31},"end":{"line":269,"column":59}},"line":269},"26":{"name":"(anonymous_26)","decl":{"start":{"line":285,"column":32},"end":{"line":285,"column":33}},"loc":{"start":{"line":285,"column":39},"end":{"line":285,"column":81}},"line":285},"27":{"name":"(anonymous_27)","decl":{"start":{"line":289,"column":39},"end":{"line":289,"column":40}},"loc":{"start":{"line":290,"column":24},"end":{"line":292,"column":33}},"line":290},"28":{"name":"(anonymous_28)","decl":{"start":{"line":301,"column":32},"end":{"line":301,"column":33}},"loc":{"start":{"line":301,"column":39},"end":{"line":301,"column":83}},"line":301},"29":{"name":"(anonymous_29)","decl":{"start":{"line":305,"column":41},"end":{"line":305,"column":42}},"loc":{"start":{"line":306,"column":24},"end":{"line":308,"column":33}},"line":306},"30":{"name":"(anonymous_30)","decl":{"start":{"line":317,"column":32},"end":{"line":317,"column":33}},"loc":{"start":{"line":317,"column":39},"end":{"line":317,"column":95}},"line":317},"31":{"name":"(anonymous_31)","decl":{"start":{"line":340,"column":29},"end":{"line":340,"column":30}},"loc":{"start":{"line":340,"column":35},"end":{"line":340,"column":67}},"line":340},"32":{"name":"(anonymous_32)","decl":{"start":{"line":346,"column":29},"end":{"line":346,"column":30}},"loc":{"start":{"line":346,"column":35},"end":{"line":346,"column":70}},"line":346},"33":{"name":"(anonymous_33)","decl":{"start":{"line":352,"column":29},"end":{"line":352,"column":30}},"loc":{"start":{"line":352,"column":35},"end":{"line":352,"column":55}},"line":352},"34":{"name":"(anonymous_34)","decl":{"start":{"line":384,"column":34},"end":{"line":384,"column":35}},"loc":{"start":{"line":384,"column":41},"end":{"line":384,"column":74}},"line":384},"35":{"name":"(anonymous_35)","decl":{"start":{"line":389,"column":31},"end":{"line":389,"column":32}},"loc":{"start":{"line":389,"column":37},"end":{"line":389,"column":59}},"line":389},"36":{"name":"(anonymous_36)","decl":{"start":{"line":398,"column":31},"end":{"line":398,"column":32}},"loc":{"start":{"line":398,"column":37},"end":{"line":398,"column":55}},"line":398},"37":{"name":"(anonymous_37)","decl":{"start":{"line":407,"column":31},"end":{"line":407,"column":32}},"loc":{"start":{"line":407,"column":37},"end":{"line":407,"column":57}},"line":407},"38":{"name":"(anonymous_38)","decl":{"start":{"line":416,"column":31},"end":{"line":416,"column":32}},"loc":{"start":{"line":416,"column":37},"end":{"line":416,"column":61}},"line":416},"39":{"name":"(anonymous_39)","decl":{"start":{"line":425,"column":31},"end":{"line":425,"column":32}},"loc":{"start":{"line":425,"column":37},"end":{"line":425,"column":61}},"line":425},"40":{"name":"(anonymous_40)","decl":{"start":{"line":438,"column":29},"end":{"line":438,"column":30}},"loc":{"start":{"line":439,"column":20},"end":{"line":520,"column":25}},"line":439},"41":{"name":"(anonymous_41)","decl":{"start":{"line":445,"column":36},"end":{"line":445,"column":37}},"loc":{"start":{"line":445,"column":43},"end":{"line":445,"column":89}},"line":445},"42":{"name":"(anonymous_42)","decl":{"start":{"line":471,"column":36},"end":{"line":471,"column":37}},"loc":{"start":{"line":471,"column":43},"end":{"line":471,"column":84}},"line":471},"43":{"name":"(anonymous_43)","decl":{"start":{"line":474,"column":43},"end":{"line":474,"column":44}},"loc":{"start":{"line":475,"column":28},"end":{"line":477,"column":37}},"line":475},"44":{"name":"(anonymous_44)","decl":{"start":{"line":484,"column":36},"end":{"line":484,"column":37}},"loc":{"start":{"line":484,"column":43},"end":{"line":484,"column":86}},"line":484},"45":{"name":"(anonymous_45)","decl":{"start":{"line":487,"column":45},"end":{"line":487,"column":46}},"loc":{"start":{"line":488,"column":28},"end":{"line":490,"column":37}},"line":488},"46":{"name":"(anonymous_46)","decl":{"start":{"line":514,"column":35},"end":{"line":514,"column":36}},"loc":{"start":{"line":514,"column":41},"end":{"line":514,"column":66}},"line":514},"47":{"name":"(anonymous_47)","decl":{"start":{"line":531,"column":33},"end":{"line":531,"column":34}},"loc":{"start":{"line":531,"column":39},"end":{"line":531,"column":73}},"line":531},"48":{"name":"(anonymous_48)","decl":{"start":{"line":538,"column":33},"end":{"line":538,"column":34}},"loc":{"start":{"line":538,"column":39},"end":{"line":538,"column":73}},"line":538},"49":{"name":"(anonymous_49)","decl":{"start":{"line":564,"column":37},"end":{"line":564,"column":38}},"loc":{"start":{"line":564,"column":43},"end":{"line":564,"column":77}},"line":564},"50":{"name":"(anonymous_50)","decl":{"start":{"line":572,"column":87},"end":{"line":572,"column":88}},"loc":{"start":{"line":572,"column":97},"end":{"line":589,"column":27}},"line":572},"51":{"name":"(anonymous_51)","decl":{"start":{"line":579,"column":41},"end":{"line":579,"column":42}},"loc":{"start":{"line":579,"column":47},"end":{"line":579,"column":75}},"line":579},"52":{"name":"(anonymous_52)","decl":{"start":{"line":592,"column":37},"end":{"line":592,"column":38}},"loc":{"start":{"line":592,"column":43},"end":{"line":592,"column":77}},"line":592}},"branchMap":{"0":{"loc":{"start":{"line":28,"column":12},"end":{"line":28,"column":44}},"type":"binary-expr","locations":[{"start":{"line":28,"column":12},"end":{"line":28,"column":38}},{"start":{"line":28,"column":42},"end":{"line":28,"column":44}}],"line":28},"1":{"loc":{"start":{"line":29,"column":10},"end":{"line":29,"column":40}},"type":"binary-expr","locations":[{"start":{"line":29,"column":10},"end":{"line":29,"column":34}},{"start":{"line":29,"column":38},"end":{"line":29,"column":40}}],"line":29},"2":{"loc":{"start":{"line":30,"column":12},"end":{"line":30,"column":44}},"type":"binary-expr","locations":[{"start":{"line":30,"column":12},"end":{"line":30,"column":38}},{"start":{"line":30,"column":42},"end":{"line":30,"column":44}}],"line":30},"3":{"loc":{"start":{"line":31,"column":10},"end":{"line":31,"column":49}},"type":"binary-expr","locations":[{"start":{"line":31,"column":10},"end":{"line":31,"column":44}},{"start":{"line":31,"column":48},"end":{"line":31,"column":49}}],"line":31},"4":{"loc":{"start":{"line":32,"column":14},"end":{"line":32,"column":58}},"type":"binary-expr","locations":[{"start":{"line":32,"column":14},"end":{"line":32,"column":52}},{"start":{"line":32,"column":56},"end":{"line":32,"column":58}}],"line":32},"5":{"loc":{"start":{"line":33,"column":10},"end":{"line":33,"column":50}},"type":"binary-expr","locations":[{"start":{"line":33,"column":10},"end":{"line":33,"column":34}},{"start":{"line":33,"column":38},"end":{"line":33,"column":50}}],"line":33},"6":{"loc":{"start":{"line":34,"column":11},"end":{"line":34,"column":46}},"type":"binary-expr","locations":[{"start":{"line":34,"column":11},"end":{"line":34,"column":36}},{"start":{"line":34,"column":40},"end":{"line":34,"column":46}}],"line":34},"7":{"loc":{"start":{"line":45,"column":6},"end":{"line":47,"column":7}},"type":"if","locations":[{"start":{"line":45,"column":6},"end":{"line":47,"column":7}},{"start":{},"end":{}}],"line":45},"8":{"loc":{"start":{"line":56,"column":6},"end":{"line":61,"column":7}},"type":"if","locations":[{"start":{"line":56,"column":6},"end":{"line":61,"column":7}},{"start":{"line":59,"column":13},"end":{"line":61,"column":7}}],"line":56},"9":{"loc":{"start":{"line":57,"column":17},"end":{"line":57,"column":40}},"type":"binary-expr","locations":[{"start":{"line":57,"column":17},"end":{"line":57,"column":34}},{"start":{"line":57,"column":38},"end":{"line":57,"column":40}}],"line":57},"10":{"loc":{"start":{"line":58,"column":22},"end":{"line":58,"column":50}},"type":"binary-expr","locations":[{"start":{"line":58,"column":22},"end":{"line":58,"column":44}},{"start":{"line":58,"column":48},"end":{"line":58,"column":50}}],"line":58},"11":{"loc":{"start":{"line":79,"column":21},"end":{"line":79,"column":88}},"type":"cond-expr","locations":[{"start":{"line":79,"column":74},"end":{"line":79,"column":80}},{"start":{"line":79,"column":83},"end":{"line":79,"column":88}}],"line":79},"12":{"loc":{"start":{"line":79,"column":21},"end":{"line":79,"column":71}},"type":"binary-expr","locations":[{"start":{"line":79,"column":21},"end":{"line":79,"column":44}},{"start":{"line":79,"column":48},"end":{"line":79,"column":71}}],"line":79},"13":{"loc":{"start":{"line":95,"column":4},"end":{"line":99,"column":5}},"type":"if","locations":[{"start":{"line":95,"column":4},"end":{"line":99,"column":5}},{"start":{"line":97,"column":11},"end":{"line":99,"column":5}}],"line":95},"14":{"loc":{"start":{"line":103,"column":4},"end":{"line":107,"column":5}},"type":"if","locations":[{"start":{"line":103,"column":4},"end":{"line":107,"column":5}},{"start":{"line":105,"column":11},"end":{"line":107,"column":5}}],"line":103},"15":{"loc":{"start":{"line":113,"column":6},"end":{"line":118,"column":7}},"type":"if","locations":[{"start":{"line":113,"column":6},"end":{"line":118,"column":7}},{"start":{"line":116,"column":13},"end":{"line":118,"column":7}}],"line":113},"16":{"loc":{"start":{"line":128,"column":6},"end":{"line":133,"column":7}},"type":"if","locations":[{"start":{"line":128,"column":6},"end":{"line":133,"column":7}},{"start":{"line":131,"column":13},"end":{"line":133,"column":7}}],"line":128},"17":{"loc":{"start":{"line":141,"column":4},"end":{"line":143,"column":5}},"type":"if","locations":[{"start":{"line":141,"column":4},"end":{"line":143,"column":5}},{"start":{},"end":{}}],"line":141},"18":{"loc":{"start":{"line":147,"column":6},"end":{"line":152,"column":7}},"type":"if","locations":[{"start":{"line":147,"column":6},"end":{"line":152,"column":7}},{"start":{"line":150,"column":13},"end":{"line":152,"column":7}}],"line":147},"19":{"loc":{"start":{"line":160,"column":4},"end":{"line":163,"column":5}},"type":"if","locations":[{"start":{"line":160,"column":4},"end":{"line":163,"column":5}},{"start":{},"end":{}}],"line":160},"20":{"loc":{"start":{"line":165,"column":4},"end":{"line":167,"column":5}},"type":"if","locations":[{"start":{"line":165,"column":4},"end":{"line":167,"column":5}},{"start":{},"end":{}}],"line":165},"21":{"loc":{"start":{"line":171,"column":6},"end":{"line":180,"column":7}},"type":"if","locations":[{"start":{"line":171,"column":6},"end":{"line":180,"column":7}},{"start":{"line":178,"column":13},"end":{"line":180,"column":7}}],"line":171},"22":{"loc":{"start":{"line":173,"column":8},"end":{"line":175,"column":9}},"type":"if","locations":[{"start":{"line":173,"column":8},"end":{"line":175,"column":9}},{"start":{},"end":{}}],"line":173},"23":{"loc":{"start":{"line":188,"column":4},"end":{"line":199,"column":5}},"type":"switch","locations":[{"start":{"line":189,"column":6},"end":{"line":190,"column":45}},{"start":{"line":191,"column":6},"end":{"line":192,"column":47}},{"start":{"line":193,"column":6},"end":{"line":194,"column":41}},{"start":{"line":195,"column":6},"end":{"line":196,"column":43}},{"start":{"line":197,"column":6},"end":{"line":198,"column":43}}],"line":188},"24":{"loc":{"start":{"line":203,"column":4},"end":{"line":212,"column":5}},"type":"switch","locations":[{"start":{"line":204,"column":6},"end":{"line":205,"column":47}},{"start":{"line":206,"column":6},"end":{"line":207,"column":43}},{"start":{"line":208,"column":6},"end":{"line":209,"column":43}},{"start":{"line":210,"column":6},"end":{"line":211,"column":43}}],"line":203},"25":{"loc":{"start":{"line":216,"column":4},"end":{"line":216,"column":45}},"type":"if","locations":[{"start":{"line":216,"column":4},"end":{"line":216,"column":45}},{"start":{},"end":{}}],"line":216},"26":{"loc":{"start":{"line":217,"column":11},"end":{"line":221,"column":5}},"type":"cond-expr","locations":[{"start":{"line":218,"column":6},"end":{"line":218,"column":41}},{"start":{"line":220,"column":6},"end":{"line":220,"column":43}}],"line":217},"27":{"loc":{"start":{"line":278,"column":13},"end":{"line":328,"column":13}},"type":"binary-expr","locations":[{"start":{"line":278,"column":13},"end":{"line":278,"column":24}},{"start":{"line":279,"column":14},"end":{"line":327,"column":20}}],"line":278},"28":{"loc":{"start":{"line":332,"column":11},"end":{"line":360,"column":11}},"type":"binary-expr","locations":[{"start":{"line":332,"column":11},"end":{"line":332,"column":35}},{"start":{"line":333,"column":12},"end":{"line":359,"column":18}}],"line":332},"29":{"loc":{"start":{"line":336,"column":46},"end":{"line":336,"column":83}},"type":"cond-expr","locations":[{"start":{"line":336,"column":75},"end":{"line":336,"column":78}},{"start":{"line":336,"column":81},"end":{"line":336,"column":83}}],"line":336},"30":{"loc":{"start":{"line":365,"column":11},"end":{"line":605,"column":11}},"type":"cond-expr","locations":[{"start":{"line":366,"column":12},"end":{"line":369,"column":18}},{"start":{"line":370,"column":14},"end":{"line":605,"column":11}}],"line":365},"31":{"loc":{"start":{"line":370,"column":14},"end":{"line":605,"column":11}},"type":"cond-expr","locations":[{"start":{"line":371,"column":12},"end":{"line":373,"column":18}},{"start":{"line":375,"column":12},"end":{"line":604,"column":15}}],"line":370},"32":{"loc":{"start":{"line":383,"column":33},"end":{"line":383,"column":90}},"type":"binary-expr","locations":[{"start":{"line":383,"column":33},"end":{"line":383,"column":70}},{"start":{"line":383,"column":74},"end":{"line":383,"column":90}}],"line":383},"33":{"loc":{"start":{"line":453,"column":33},"end":{"line":453,"column":94}},"type":"binary-expr","locations":[{"start":{"line":453,"column":33},"end":{"line":453,"column":59}},{"start":{"line":453,"column":63},"end":{"line":453,"column":87}},{"start":{"line":453,"column":91},"end":{"line":453,"column":94}}],"line":453},"34":{"loc":{"start":{"line":459,"column":31},"end":{"line":461,"column":47}},"type":"cond-expr","locations":[{"start":{"line":460,"column":34},"end":{"line":460,"column":72}},{"start":{"line":461,"column":34},"end":{"line":461,"column":47}}],"line":459},"35":{"loc":{"start":{"line":459,"column":31},"end":{"line":459,"column":64}},"type":"binary-expr","locations":[{"start":{"line":459,"column":31},"end":{"line":459,"column":46}},{"start":{"line":459,"column":50},"end":{"line":459,"column":64}}],"line":459},"36":{"loc":{"start":{"line":495,"column":25},"end":{"line":495,"column":97}},"type":"cond-expr","locations":[{"start":{"line":495,"column":43},"end":{"line":495,"column":89}},{"start":{"line":495,"column":92},"end":{"line":495,"column":97}}],"line":495},"37":{"loc":{"start":{"line":498,"column":25},"end":{"line":498,"column":95}},"type":"cond-expr","locations":[{"start":{"line":498,"column":43},"end":{"line":498,"column":85}},{"start":{"line":498,"column":88},"end":{"line":498,"column":95}}],"line":498},"38":{"loc":{"start":{"line":526,"column":15},"end":{"line":603,"column":15}},"type":"binary-expr","locations":[{"start":{"line":526,"column":15},"end":{"line":526,"column":41}},{"start":{"line":527,"column":16},"end":{"line":602,"column":22}}],"line":526},"39":{"loc":{"start":{"line":574,"column":28},"end":{"line":574,"column":81}},"type":"if","locations":[{"start":{"line":574,"column":28},"end":{"line":574,"column":81}},{"start":{},"end":{}}],"line":574},"40":{"loc":{"start":{"line":581,"column":34},"end":{"line":583,"column":95}},"type":"cond-expr","locations":[{"start":{"line":582,"column":38},"end":{"line":582,"column":91}},{"start":{"line":583,"column":38},"end":{"line":583,"column":95}}],"line":581}},"s":{"0":0,"1":0,"2":0,"3":0,"4":0,"5":0,"6":0,"7":0,"8":0,"9":0,"10":0,"11":0,"12":0,"13":0,"14":0,"15":0,"16":0,"17":0,"18":0,"19":0,"20":0,"21":0,"22":0,"23":0,"24":0,"25":0,"26":0,"27":0,"28":0,"29":0,"30":0,"31":0,"32":0,"33":0,"34":0,"35":0,"36":0,"37":0,"38":0,"39":0,"40":0,"41":0,"42":0,"43":0,"44":0,"45":0,"46":0,"47":0,"48":0,"49":0,"50":0,"51":0,"52":0,"53":0,"54":0,"55":0,"56":0,"57":0,"58":0,"59":0,"60":0,"61":0,"62":0,"63":0,"64":0,"65":0,"66":0,"67":0,"68":0,"69":0,"70":0,"71":0,"72":0,"73":0,"74":0,"75":0,"76":0,"77":0,"78":0,"79":0,"80":0,"81":0,"82":0,"83":0,"84":0,"85":0,"86":0,"87":0,"88":0,"89":0,"90":0,"91":0,"92":0,"93":0,"94":0,"95":0,"96":0,"97":0,"98":0,"99":0,"100":0,"101":0,"102":0,"103":0,"104":0,"105":0,"106":0,"107":0,"108":0,"109":0,"110":0,"111":0,"112":0,"113":0,"114":0,"115":0,"116":0,"117":0,"118":0,"119":0,"120":0,"121":0,"122":0,"123":0,"124":0,"125":0,"126":0,"127":0,"128":0,"129":0,"130":0,"131":0,"132":0,"133":0,"134":0,"135":0,"136":0,"137":0,"138":0,"139":0,"140":0,"141":0,"142":0,"143":0,"144":0,"145":0,"146":0},"f":{"0":0,"1":0,"2":0,"3":0,"4":0,"5":0,"6":0,"7":0,"8":0,"9":0,"10":0,"11":0,"12":0,"13":0,"14":0,"15":0,"16":0,"17":0,"18":0,"19":0,"20":0,"21":0,"22":0,"23":0,"24":0,"25":0,"26":0,"27":0,"28":0,"29":0,"30":0,"31":0,"32":0,"33":0,"34":0,"35":0,"36":0,"37":0,"38":0,"39":0,"40":0,"41":0,"42":0,"43":0,"44":0,"45":0,"46":0,"47":0,"48":0,"49":0,"50":0,"51":0,"52":0},"b":{"0":[0,0],"1":[0,0],"2":[0,0],"3":[0,0],"4":[0,0],"5":[0,0],"6":[0,0],"7":[0,0],"8":[0,0],"9":[0,0],"10":[0,0],"11":[0,0],"12":[0,0],"13":[0,0],"14":[0,0],"15":[0,0],"16":[0,0],"17":[0,0],"18":[0,0],"19":[0,0],"20":[0,0],"21":[0,0],"22":[0,0],"23":[0,0,0,0,0],"24":[0,0,0,0],"25":[0,0],"26":[0,0],"27":[0,0],"28":[0,0],"29":[0,0],"30":[0,0],"31":[0,0],"32":[0,0],"33":[0,0,0],"34":[0,0],"35":[0,0],"36":[0,0],"37":[0,0],"38":[0,0],"39":[0,0],"40":[0,0]}}
,"C:\\AIstockbroker\\AiStockbroker\\frontend\\src\\components\\Auth\\LoginForm.js": {"path":"C:\\AIstockbroker\\AiStockbroker\\frontend\\src\\components\\Auth\\LoginForm.js","statementMap":{"0":{"start":{"line":7,"column":18},"end":{"line":217,"column":1}},"1":{"start":{"line":8,"column":34},"end":{"line":12,"column":4}},"2":{"start":{"line":13,"column":42},"end":{"line":13,"column":57}},"3":{"start":{"line":14,"column":36},"end":{"line":14,"column":51}},"4":{"start":{"line":15,"column":30},"end":{"line":15,"column":42}},"5":{"start":{"line":17,"column":23},"end":{"line":31,"column":3}},"6":{"start":{"line":18,"column":43},"end":{"line":18,"column":51}},"7":{"start":{"line":19,"column":4},"end":{"line":22,"column":8}},"8":{"start":{"line":19,"column":25},"end":{"line":22,"column":5}},"9":{"start":{"line":25,"column":4},"end":{"line":30,"column":5}},"10":{"start":{"line":26,"column":6},"end":{"line":29,"column":10}},"11":{"start":{"line":26,"column":25},"end":{"line":29,"column":7}},"12":{"start":{"line":33,"column":23},"end":{"line":46,"column":3}},"13":{"start":{"line":34,"column":22},"end":{"line":34,"column":24}},"14":{"start":{"line":36,"column":4},"end":{"line":38,"column":5}},"15":{"start":{"line":37,"column":6},"end":{"line":37,"column":66}},"16":{"start":{"line":40,"column":4},"end":{"line":42,"column":5}},"17":{"start":{"line":41,"column":6},"end":{"line":41,"column":50}},"18":{"start":{"line":44,"column":4},"end":{"line":44,"column":25}},"19":{"start":{"line":45,"column":4},"end":{"line":45,"column":47}},"20":{"start":{"line":48,"column":23},"end":{"line":85,"column":3}},"21":{"start":{"line":49,"column":4},"end":{"line":49,"column":23}},"22":{"start":{"line":51,"column":4},"end":{"line":53,"column":5}},"23":{"start":{"line":52,"column":6},"end":{"line":52,"column":13}},"24":{"start":{"line":55,"column":4},"end":{"line":55,"column":23}},"25":{"start":{"line":57,"column":4},"end":{"line":84,"column":5}},"26":{"start":{"line":58,"column":21},"end":{"line":62,"column":7}},"27":{"start":{"line":64,"column":6},"end":{"line":76,"column":7}},"28":{"start":{"line":65,"column":8},"end":{"line":65,"column":61}},"29":{"start":{"line":67,"column":8},"end":{"line":72,"column":9}},"30":{"start":{"line":68,"column":10},"end":{"line":68,"column":33}},"31":{"start":{"line":71,"column":10},"end":{"line":71,"column":44}},"32":{"start":{"line":74,"column":8},"end":{"line":74,"column":45}},"33":{"start":{"line":75,"column":8},"end":{"line":75,"column":34}},"34":{"start":{"line":78,"column":6},"end":{"line":78,"column":43}},"35":{"start":{"line":79,"column":27},"end":{"line":79,"column":76}},"36":{"start":{"line":80,"column":6},"end":{"line":80,"column":43}},"37":{"start":{"line":81,"column":6},"end":{"line":81,"column":32}},"38":{"start":{"line":83,"column":6},"end":{"line":83,"column":26}},"39":{"start":{"line":87,"column":2},"end":{"line":216,"column":4}},"40":{"start":{"line":150,"column":33},"end":{"line":150,"column":63}}},"fnMap":{"0":{"name":"(anonymous_0)","decl":{"start":{"line":7,"column":18},"end":{"line":7,"column":19}},"loc":{"start":{"line":7,"column":64},"end":{"line":217,"column":1}},"line":7},"1":{"name":"(anonymous_1)","decl":{"start":{"line":17,"column":23},"end":{"line":17,"column":24}},"loc":{"start":{"line":17,"column":30},"end":{"line":31,"column":3}},"line":17},"2":{"name":"(anonymous_2)","decl":{"start":{"line":19,"column":16},"end":{"line":19,"column":17}},"loc":{"start":{"line":19,"column":25},"end":{"line":22,"column":5}},"line":19},"3":{"name":"(anonymous_3)","decl":{"start":{"line":26,"column":16},"end":{"line":26,"column":17}},"loc":{"start":{"line":26,"column":25},"end":{"line":29,"column":7}},"line":26},"4":{"name":"(anonymous_4)","decl":{"start":{"line":33,"column":23},"end":{"line":33,"column":24}},"loc":{"start":{"line":33,"column":29},"end":{"line":46,"column":3}},"line":33},"5":{"name":"(anonymous_5)","decl":{"start":{"line":48,"column":23},"end":{"line":48,"column":24}},"loc":{"start":{"line":48,"column":36},"end":{"line":85,"column":3}},"line":48},"6":{"name":"(anonymous_6)","decl":{"start":{"line":150,"column":27},"end":{"line":150,"column":28}},"loc":{"start":{"line":150,"column":33},"end":{"line":150,"column":63}},"line":150}},"branchMap":{"0":{"loc":{"start":{"line":7,"column":32},"end":{"line":7,"column":57}},"type":"default-arg","locations":[{"start":{"line":7,"column":45},"end":{"line":7,"column":57}}],"line":7},"1":{"loc":{"start":{"line":21,"column":14},"end":{"line":21,"column":51}},"type":"cond-expr","locations":[{"start":{"line":21,"column":36},"end":{"line":21,"column":43}},{"start":{"line":21,"column":46},"end":{"line":21,"column":51}}],"line":21},"2":{"loc":{"start":{"line":25,"column":4},"end":{"line":30,"column":5}},"type":"if","locations":[{"start":{"line":25,"column":4},"end":{"line":30,"column":5}},{"start":{},"end":{}}],"line":25},"3":{"loc":{"start":{"line":36,"column":4},"end":{"line":38,"column":5}},"type":"if","locations":[{"start":{"line":36,"column":4},"end":{"line":38,"column":5}},{"start":{},"end":{}}],"line":36},"4":{"loc":{"start":{"line":40,"column":4},"end":{"line":42,"column":5}},"type":"if","locations":[{"start":{"line":40,"column":4},"end":{"line":42,"column":5}},{"start":{},"end":{}}],"line":40},"5":{"loc":{"start":{"line":51,"column":4},"end":{"line":53,"column":5}},"type":"if","locations":[{"start":{"line":51,"column":4},"end":{"line":53,"column":5}},{"start":{},"end":{}}],"line":51},"6":{"loc":{"start":{"line":64,"column":6},"end":{"line":76,"column":7}},"type":"if","locations":[{"start":{"line":64,"column":6},"end":{"line":76,"column":7}},{"start":{"line":73,"column":13},"end":{"line":76,"column":7}}],"line":64},"7":{"loc":{"start":{"line":65,"column":22},"end":{"line":65,"column":59}},"type":"binary-expr","locations":[{"start":{"line":65,"column":22},"end":{"line":65,"column":36}},{"start":{"line":65,"column":40},"end":{"line":65,"column":59}}],"line":65},"8":{"loc":{"start":{"line":67,"column":8},"end":{"line":72,"column":9}},"type":"if","locations":[{"start":{"line":67,"column":8},"end":{"line":72,"column":9}},{"start":{"line":69,"column":15},"end":{"line":72,"column":9}}],"line":67},"9":{"loc":{"start":{"line":117,"column":18},"end":{"line":117,"column":79}},"type":"cond-expr","locations":[{"start":{"line":117,"column":43},"end":{"line":117,"column":59}},{"start":{"line":117,"column":62},"end":{"line":117,"column":79}}],"line":117},"10":{"loc":{"start":{"line":124,"column":15},"end":{"line":126,"column":15}},"type":"binary-expr","locations":[{"start":{"line":124,"column":15},"end":{"line":124,"column":37}},{"start":{"line":125,"column":16},"end":{"line":125,"column":85}}],"line":124},"11":{"loc":{"start":{"line":137,"column":24},"end":{"line":137,"column":58}},"type":"cond-expr","locations":[{"start":{"line":137,"column":39},"end":{"line":137,"column":45}},{"start":{"line":137,"column":48},"end":{"line":137,"column":58}}],"line":137},"12":{"loc":{"start":{"line":140,"column":20},"end":{"line":140,"column":74}},"type":"cond-expr","locations":[{"start":{"line":140,"column":38},"end":{"line":140,"column":54}},{"start":{"line":140,"column":57},"end":{"line":140,"column":74}}],"line":140},"13":{"loc":{"start":{"line":152,"column":19},"end":{"line":156,"column":19}},"type":"cond-expr","locations":[{"start":{"line":153,"column":20},"end":{"line":153,"column":70}},{"start":{"line":155,"column":20},"end":{"line":155,"column":65}}],"line":152},"14":{"loc":{"start":{"line":159,"column":15},"end":{"line":161,"column":15}},"type":"binary-expr","locations":[{"start":{"line":159,"column":15},"end":{"line":159,"column":30}},{"start":{"line":160,"column":16},"end":{"line":160,"column":78}}],"line":159},"15":{"loc":{"start":{"line":191,"column":11},"end":{"line":195,"column":11}},"type":"binary-expr","locations":[{"start":{"line":191,"column":11},"end":{"line":191,"column":25}},{"start":{"line":192,"column":12},"end":{"line":194,"column":18}}],"line":191},"16":{"loc":{"start":{"line":203,"column":15},"end":{"line":210,"column":15}},"type":"cond-expr","locations":[{"start":{"line":204,"column":16},"end":{"line":207,"column":22}},{"start":{"line":209,"column":16},"end":{"line":209,"column":25}}],"line":203}},"s":{"0":0,"1":0,"2":0,"3":0,"4":0,"5":0,"6":0,"7":0,"8":0,"9":0,"10":0,"11":0,"12":0,"13":0,"14":0,"15":0,"16":0,"17":0,"18":0,"19":0,"20":0,"21":0,"22":0,"23":0,"24":0,"25":0,"26":0,"27":0,"28":0,"29":0,"30":0,"31":0,"32":0,"33":0,"34":0,"35":0,"36":0,"37":0,"38":0,"39":0,"40":0},"f":{"0":0,"1":0,"2":0,"3":0,"4":0,"5":0,"6":0},"b":{"0":[0],"1":[0,0],"2":[0,0],"3":[0,0],"4":[0,0],"5":[0,0],"6":[0,0],"7":[0,0],"8":[0,0],"9":[0,0],"10":[0,0],"11":[0,0],"12":[0,0],"13":[0,0],"14":[0,0],"15":[0,0],"16":[0,0]}}
,"C:\\AIstockbroker\\AiStockbroker\\frontend\\src\\components\\Auth\\ProfilePage.js": {"path":"C:\\AIstockbroker\\AiStockbroker\\frontend\\src\\components\\Auth\\ProfilePage.js","statementMap":{"0":{"start":{"line":6,"column":20},"end":{"line":586,"column":1}},"1":{"start":{"line":7,"column":26},"end":{"line":7,"column":40}},"2":{"start":{"line":8,"column":36},"end":{"line":8,"column":51}},"3":{"start":{"line":9,"column":36},"end":{"line":9,"column":55}},"4":{"start":{"line":10,"column":36},"end":{"line":10,"column":50}},"5":{"start":{"line":11,"column":32},"end":{"line":11,"column":47}},"6":{"start":{"line":13,"column":40},"end":{"line":21,"column":4}},"7":{"start":{"line":23,"column":42},"end":{"line":27,"column":4}},"8":{"start":{"line":29,"column":30},"end":{"line":29,"column":42}},"9":{"start":{"line":31,"column":2},"end":{"line":33,"column":9}},"10":{"start":{"line":32,"column":4},"end":{"line":32,"column":19}},"11":{"start":{"line":35,"column":23},"end":{"line":59,"column":3}},"12":{"start":{"line":36,"column":4},"end":{"line":36,"column":23}},"13":{"start":{"line":37,"column":4},"end":{"line":58,"column":5}},"14":{"start":{"line":38,"column":21},"end":{"line":38,"column":55}},"15":{"start":{"line":39,"column":6},"end":{"line":52,"column":7}},"16":{"start":{"line":40,"column":8},"end":{"line":40,"column":29}},"17":{"start":{"line":41,"column":8},"end":{"line":49,"column":11}},"18":{"start":{"line":51,"column":8},"end":{"line":51,"column":51}},"19":{"start":{"line":54,"column":6},"end":{"line":54,"column":55}},"20":{"start":{"line":55,"column":6},"end":{"line":55,"column":49}},"21":{"start":{"line":57,"column":6},"end":{"line":57,"column":26}},"22":{"start":{"line":61,"column":30},"end":{"line":74,"column":3}},"23":{"start":{"line":62,"column":28},"end":{"line":62,"column":36}},"24":{"start":{"line":63,"column":4},"end":{"line":66,"column":8}},"25":{"start":{"line":63,"column":28},"end":{"line":66,"column":5}},"26":{"start":{"line":68,"column":4},"end":{"line":73,"column":5}},"27":{"start":{"line":69,"column":6},"end":{"line":72,"column":10}},"28":{"start":{"line":69,"column":25},"end":{"line":72,"column":7}},"29":{"start":{"line":76,"column":31},"end":{"line":89,"column":3}},"30":{"start":{"line":77,"column":28},"end":{"line":77,"column":36}},"31":{"start":{"line":78,"column":4},"end":{"line":81,"column":8}},"32":{"start":{"line":78,"column":29},"end":{"line":81,"column":5}},"33":{"start":{"line":83,"column":4},"end":{"line":88,"column":5}},"34":{"start":{"line":84,"column":6},"end":{"line":87,"column":10}},"35":{"start":{"line":84,"column":25},"end":{"line":87,"column":7}},"36":{"start":{"line":91,"column":30},"end":{"line":100,"column":3}},"37":{"start":{"line":92,"column":22},"end":{"line":92,"column":24}},"38":{"start":{"line":94,"column":4},"end":{"line":96,"column":5}},"39":{"start":{"line":95,"column":6},"end":{"line":95,"column":75}},"40":{"start":{"line":98,"column":4},"end":{"line":98,"column":25}},"41":{"start":{"line":99,"column":4},"end":{"line":99,"column":47}},"42":{"start":{"line":102,"column":31},"end":{"line":125,"column":3}},"43":{"start":{"line":103,"column":22},"end":{"line":103,"column":24}},"44":{"start":{"line":105,"column":4},"end":{"line":107,"column":5}},"45":{"start":{"line":106,"column":6},"end":{"line":106,"column":66}},"46":{"start":{"line":109,"column":4},"end":{"line":115,"column":5}},"47":{"start":{"line":110,"column":6},"end":{"line":110,"column":58}},"48":{"start":{"line":111,"column":11},"end":{"line":115,"column":5}},"49":{"start":{"line":112,"column":6},"end":{"line":112,"column":77}},"50":{"start":{"line":113,"column":11},"end":{"line":115,"column":5}},"51":{"start":{"line":114,"column":6},"end":{"line":114,"column":106}},"52":{"start":{"line":117,"column":4},"end":{"line":121,"column":5}},"53":{"start":{"line":118,"column":6},"end":{"line":118,"column":70}},"54":{"start":{"line":119,"column":11},"end":{"line":121,"column":5}},"55":{"start":{"line":120,"column":6},"end":{"line":120,"column":60}},"56":{"start":{"line":123,"column":4},"end":{"line":123,"column":25}},"57":{"start":{"line":124,"column":4},"end":{"line":124,"column":47}},"58":{"start":{"line":127,"column":30},"end":{"line":158,"column":3}},"59":{"start":{"line":128,"column":4},"end":{"line":128,"column":23}},"60":{"start":{"line":130,"column":4},"end":{"line":132,"column":5}},"61":{"start":{"line":131,"column":6},"end":{"line":131,"column":13}},"62":{"start":{"line":134,"column":4},"end":{"line":134,"column":20}},"63":{"start":{"line":136,"column":4},"end":{"line":157,"column":5}},"64":{"start":{"line":137,"column":25},"end":{"line":137,"column":43}},"65":{"start":{"line":138,"column":6},"end":{"line":140,"column":7}},"66":{"start":{"line":139,"column":8},"end":{"line":139,"column":76}},"67":{"start":{"line":142,"column":21},"end":{"line":142,"column":64}},"68":{"start":{"line":144,"column":6},"end":{"line":151,"column":7}},"69":{"start":{"line":145,"column":8},"end":{"line":145,"column":29}},"70":{"start":{"line":146,"column":8},"end":{"line":146,"column":28}},"71":{"start":{"line":147,"column":8},"end":{"line":147,"column":72}},"72":{"start":{"line":149,"column":8},"end":{"line":149,"column":45}},"73":{"start":{"line":150,"column":8},"end":{"line":150,"column":34}},"74":{"start":{"line":153,"column":6},"end":{"line":153,"column":52}},"75":{"start":{"line":154,"column":6},"end":{"line":154,"column":46}},"76":{"start":{"line":156,"column":6},"end":{"line":156,"column":23}},"77":{"start":{"line":160,"column":31},"end":{"line":192,"column":3}},"78":{"start":{"line":161,"column":4},"end":{"line":161,"column":23}},"79":{"start":{"line":163,"column":4},"end":{"line":165,"column":5}},"80":{"start":{"line":164,"column":6},"end":{"line":164,"column":13}},"81":{"start":{"line":167,"column":4},"end":{"line":167,"column":20}},"82":{"start":{"line":169,"column":4},"end":{"line":191,"column":5}},"83":{"start":{"line":170,"column":21},"end":{"line":173,"column":7}},"84":{"start":{"line":175,"column":6},"end":{"line":185,"column":7}},"85":{"start":{"line":176,"column":8},"end":{"line":180,"column":11}},"86":{"start":{"line":181,"column":8},"end":{"line":181,"column":73}},"87":{"start":{"line":183,"column":8},"end":{"line":183,"column":54}},"88":{"start":{"line":184,"column":8},"end":{"line":184,"column":34}},"89":{"start":{"line":187,"column":6},"end":{"line":187,"column":53}},"90":{"start":{"line":188,"column":6},"end":{"line":188,"column":47}},"91":{"start":{"line":190,"column":6},"end":{"line":190,"column":23}},"92":{"start":{"line":194,"column":15},"end":{"line":198,"column":3}},"93":{"start":{"line":200,"column":2},"end":{"line":206,"column":3}},"94":{"start":{"line":201,"column":4},"end":{"line":205,"column":6}},"95":{"start":{"line":208,"column":2},"end":{"line":585,"column":4}},"96":{"start":{"line":224,"column":16},"end":{"line":235,"column":25}},"97":{"start":{"line":226,"column":33},"end":{"line":226,"column":53}},"98":{"start":{"line":248,"column":37},"end":{"line":248,"column":55}},"99":{"start":{"line":325,"column":26},"end":{"line":325,"column":46}},"100":{"start":{"line":326,"column":26},"end":{"line":326,"column":40}}},"fnMap":{"0":{"name":"(anonymous_0)","decl":{"start":{"line":6,"column":20},
[...]
umn":9}},"line":52},"6":{"name":"(anonymous_6)","decl":{"start":{"line":52,"column":50},"end":{"line":52,"column":51}},"loc":{"start":{"line":52,"column":62},"end":{"line":54,"column":7}},"line":52},"7":{"name":"(anonymous_7)","decl":{"start":{"line":57,"column":23},"end":{"line":57,"column":24}},"loc":{"start":{"line":57,"column":38},"end":{"line":57,"column":56}},"line":57},"8":{"name":"(anonymous_8)","decl":{"start":{"line":58,"column":19},"end":{"line":58,"column":20}},"loc":{"start":{"line":58,"column":33},"end":{"line":65,"column":9}},"line":58},"9":{"name":"(anonymous_9)","decl":{"start":{"line":58,"column":37},"end":{"line":58,"column":38}},"loc":{"start":{"line":58,"column":49},"end":{"line":65,"column":7}},"line":58},"10":{"name":"(anonymous_10)","decl":{"start":{"line":66,"column":22},"end":{"line":66,"column":23}},"loc":{"start":{"line":66,"column":34},"end":{"line":71,"column":9}},"line":66},"11":{"name":"(anonymous_11)","decl":{"start":{"line":66,"column":38},"end":{"line":66,"column":39}},"loc":{"start":{"line":66,"column":50},"end":{"line":71,"column":7}},"line":66},"12":{"name":"(anonymous_12)","decl":{"start":{"line":69,"column":54},"end":{"line":69,"column":55}},"loc":{"start":{"line":69,"column":59},"end":{"line":69,"column":78}},"line":69},"13":{"name":"(anonymous_13)","decl":{"start":{"line":74,"column":16},"end":{"line":74,"column":17}},"loc":{"start":{"line":74,"column":27},"end":{"line":74,"column":41}},"line":74},"14":{"name":"(anonymous_14)","decl":{"start":{"line":75,"column":21},"end":{"line":75,"column":22}},"loc":{"start":{"line":75,"column":27},"end":{"line":75,"column":80}},"line":75},"15":{"name":"(anonymous_15)","decl":{"start":{"line":75,"column":31},"end":{"line":75,"column":32}},"loc":{"start":{"line":75,"column":43},"end":{"line":75,"column":78}},"line":75},"16":{"name":"(anonymous_16)","decl":{"start":{"line":80,"column":18},"end":{"line":80,"column":19}},"loc":{"start":{"line":80,"column":30},"end":{"line":87,"column":7}},"line":80}},"branchMap":{},"s":{"0":0,"1":0,"2":0,"3":0,"4":0,"5":0,"6":0,"7":0,"8":0,"9":0,"10":0,"11":0,"12":0,"13":0,"14":0,"15":0,"16":0,"17":0},"f":{"0":0,"1":0,"2":0,"3":0,"4":0,"5":0,"6":0,"7":0,"8":0,"9":0,"10":0,"11":0,"12":0,"13":0,"14":0,"15":0,"16":0},"b":{}}
,"C:\\AIstockbroker\\AiStockbroker\\frontend\\src\\utils\\safeLogger.js": {"path":"C:\\AIstockbroker\\AiStockbroker\\frontend\\src\\utils\\safeLogger.js","statementMap":{"0":{"start":{"line":11,"column":29},"end":{"line":47,"column":1}},"1":{"start":{"line":12,"column":15},"end":{"line":12,"column":28}},"2":{"start":{"line":14,"column":19},"end":{"line":40,"column":3}},"3":{"start":{"line":16,"column":4},"end":{"line":18,"column":5}},"4":{"start":{"line":17,"column":6},"end":{"line":17,"column":26}},"5":{"start":{"line":21,"column":4},"end":{"line":37,"column":5}},"6":{"start":{"line":22,"column":6},"end":{"line":30,"column":7}},"7":{"start":{"line":29,"column":8},"end":{"line":29,"column":50}},"8":{"start":{"line":33,"column":6},"end":{"line":35,"column":7}},"9":{"start":{"line":34,"column":8},"end":{"line":34,"column":38}},"10":{"start":{"line":36,"column":6},"end":{"line":36,"column":22}},"11":{"start":{"line":39,"column":4},"end":{"line":39,"column":17}},"12":{"start":{"line":42,"column":2},"end":{"line":46,"column":3}},"13":{"start":{"line":43,"column":4},"end":{"line":43,"column":44}},"14":{"start":{"line":45,"column":4},"end":{"line":45,"column":59}},"15":{"start":{"line":54,"column":23},"end":{"line":66,"column":1}},"16":{"start":{"line":55,"column":2},"end":{"line":58,"column":3}},"17":{"start":{"line":56,"column":4},"end":{"line":56,"column":25}},"18":{"start":{"line":57,"column":4},"end":{"line":57,"column":11}},"19":{"start":{"line":60,"column":2},"end":{"line":65,"column":3}},"20":{"start":{"line":61,"column":21},"end":{"line":61,"column":40}},"21":{"start":{"line":62,"column":4},"end":{"line":62,"column":35}},"22":{"start":{"line":64,"column":4},"end":{"line":64,"column":49}},"23":{"start":{"line":74,"column":28},"end":{"line":90,"column":1}},"24":{"start":{"line":75,"column":2},"end":{"line":75,"column":25}},"25":{"start":{"line":76,"column":2},"end":{"line":76,"column":41}},"26":{"start":{"line":78,"column":2},"end":{"line":85,"column":3}},"27":{"start":{"line":79,"column":4},"end":{"line":84,"column":5}},"28":{"start":{"line":80,"column":26},"end":{"line":80,"column":48}},"29":{"start":{"line":81,"column":6},"end":{"line":81,"column":45}},"30":{"start":{"line":83,"column":6},"end":{"line":83,"column":56}},"31":{"start":{"line":87,"column":2},"end":{"line":89,"column":3}},"32":{"start":{"line":88,"column":4},"end":{"line":88,"column":41}},"33":{"start":{"line":97,"column":36},"end":{"line":117,"column":1}},"34":{"start":{"line":98,"column":15},"end":{"line":98,"column":28}},"35":{"start":{"line":100,"column":16},"end":{"line":114,"column":3}},"36":{"start":{"line":101,"column":4},"end":{"line":112,"column":5}},"37":{"start":{"line":102,"column":6},"end":{"line":104,"column":7}},"38":{"start":{"line":103,"column":8},"end":{"line":103,"column":20}},"39":{"start":{"line":105,"column":6},"end":{"line":105,"column":22}},"40":{"start":{"line":107,"column":6},"end":{"line":111,"column":7}},"41":{"start":{"line":108,"column":8},"end":{"line":110,"column":9}},"42":{"start":{"line":109,"column":10},"end":{"line":109,"column":22}},"43":{"start":{"line":113,"column":4},"end":{"line":113,"column":17}},"44":{"start":{"line":116,"column":2},"end":{"line":116,"column":20}}},"fnMap":{"0":{"name":"(anonymous_0)","decl":{"start":{"line":11,"column":29},"end":{"line":11,"column":30}},"loc":{"start":{"line":11,"column":52},"end":{"line":47,"column":1}},"line":11},"1":{"name":"(anonymous_1)","decl":{"start":{"line":14,"column":19},"end":{"line":14,"column":20}},"loc":{"start":{"line":14,"column":35},"end":{"line":40,"column":3}},"line":14},"2":{"name":"(anonymous_2)","decl":{"start":{"line":54,"column":23},"end":{"line":54,"column":24}},"loc":{"start":{"line":54,"column":49},"end":{"line":66,"column":1}},"line":54},"3":{"name":"(anonymous_3)","decl":{"start":{"line":74,"column":28},"end":{"line":74,"column":29}},"loc":{"start":{"line":74,"column":64},"end":{"line":90,"column":1}},"line":74},"4":{"name":"(anonymous_4)","decl":{"start":{"line":97,"column":36},"end":{"line":97,"column":37}},"loc":{"start":{"line":97,"column":45},"end":{"line":117,"column":1}},"line":97},"5":{"name":"(anonymous_5)","decl":{"start":{"line":100,"column":16},"end":{"line":100,"column":17}},"loc":{"start":{"line":100,"column":27},"end":{"line":114,"column":3}},"line":100}},"branchMap":{"0":{"loc":{"start":{"line":11,"column":35},"end":{"line":11,"column":47}},"type":"default-arg","locations":[{"start":{"line":11,"column":46},"end":{"line":11,"column":47}}],"line":11},"1":{"loc":{"start":{"line":16,"column":4},"end":{"line":18,"column":5}},"type":"if","locations":[{"start":{"line":16,"column":4},"end":{"line":18,"column":5}},{"start":{},"end":{}}],"line":16},"2":{"loc":{"start":{"line":21,"column":4},"end":{"line":37,"column":5}},"type":"if","locations":[{"start":{"line":21,"column":4},"end":{"line":37,"column":5}},{"start":{},"end":{}}],"line":21},"3":{"loc":{"start":{"line":21,"column":8},"end":{"line":21,"column":42}},"type":"binary-expr","locations":[{"start":{"line":21,"column":8},"end":{"line":21,"column":13}},{"start":{"line":21,"column":17},"end":{"line":21,"column":42}}],"line":21},"4":{"loc":{"start":{"line":22,"column":6},"end":{"line":30,"column":7}},"type":"if","locations":[{"start":{"line":22,"column":6},"end":{"line":30,"column":7}},{"start":{},"end":{}}],"line":22},"5":{"loc":{"start":{"line":22,"column":10},"end":{"line":28,"column":36}},"type":"binary-expr","locations":[{"start":{"line":22,"column":10},"end":{"line":22,"column":43}},{"start":{"line":23,"column":10},"end":{"line":23,"column":47}},{"start":{"line":24,"column":10},"end":{"line":24,"column":46}},{"start":{"line":25,"column":10},"end":{"line":25,"column":49}},{"start":{"line":26,"column":10},"end":{"line":26,"column":29}},{"start":{"line":27,"column":10},"end":{"line":27,"column":40}},{"start":{"line":28,"column":10},"end":{"line":28,"column":36}}],"line":22},"6":{"loc":{"start":{"line":33,"column":6},"end":{"line":35,"column":7}},"type":"if","locations":[{"start":{"line":33,"column":6},"end":{"line":35,"column":7}},{"start":{},"end":{}}],"line":33},"7":{"loc":{"start":{"line":54,"column":33},"end":{"line":54,"column":44}},"type":"default-arg","locations":[{"start":{"line":54,"column":40},"end":{"line":54,"column":44}}],"line":54},"8":{"loc":{"start":{"line":55,"column":2},"end":{"line":58,"column":3}},"type":"if","locations":[{"start":{"line":55,"column":2},"end":{"line":58,"column":3}},{"start":{},"end":{}}],"line":55},"9":{"loc":{"start":{"line":55,"column":6},"end":{"line":55,"column":41}},"type":"binary-expr","locations":[{"start":{"line":55,"column":6},"end":{"line":55,"column":19}},{"start":{"line":55,"column":23},"end":{"line":55,"column":41}}],"line":55},"10":{"loc":{"start":{"line":74,"column":45},"end":{"line":74,"column":59}},"type":"default-arg","locations":[{"start":{"line":74,"column":55},"end":{"line":74,"column":59}}],"line":74},"11":{"loc":{"start":{"line":78,"column":2},"end":{"line":85,"column":3}},"type":"if","locations":[{"start":{"line":78,"column":2},"end":{"line":85,"column":3}},{"start":{},"end":{}}],"line":78},"12":{"loc":{"start":{"line":87,"column":2},"end":{"line":89,"column":3}},"type":"if","locations":[{"start":{"line":87,"column":2},"end":{"line":89,"column":3}},{"start":{},"end":{}}],"line":87},"13":{"loc":{"start":{"line":101,"column":4},"end":{"line":112,"column":5}},"type":"if","locations":[{"start":{"line":101,"column":4},"end":{"line":112,"column":5}},{"start":{},"end":{}}],"line":101},"14":{"loc":{"start":{"line":101,"column":8},"end":{"line":101,"column":42}},"type":"binary-expr","locations":[{"start":{"line":101,"column":8},"end":{"line":101,"column":13}},{"start":{"line":101,"column":17},"end":{"line":101,"column":42}}],"line":101},"15":{"loc":{"start":{"line":102,"column":6},"end":{"line":104,"column":7}},"type":"if","locations":[{"start":{"line":102,"column":6},"end":{"line":104,"column":7}},{"start":{},"end":{}}],"line":102},"16":{"loc":{"start":{"line":108,"column":8},"end":{"line":110,"column":9}},"type":"if","locations":[{"start":{"line":108,"column":8},"end":{"line":110,"column":9}},{"start":{},"end":{}}],"line":108}},"s":{"0":0,"1":0,"2":0,"3":0,"4":0,"5":0,"6":0,"7":0,"8":0,"9":0,"10":0,"11":0,"12":0,"13":0,"14":0,"15":0,"16":0,"17":0,"18":0,"19":0,"20":0,"21":0,"22":0,"23":0,"24":0,"25":0,"26":0,"27":0,"28":0,"29":0,"30":0,"31":0,"32":0,"33":0,"34":0,"35":0,"36":0,"37":0,"38":0,"39":0,"40":0,"41":0,"42":0,"43":0,"44":0},"f":{"0":0,"1":0,"2":0,"3":0,"4":0,"5":0},"b":{"0":[0],"1":[0,0],"2":[0,0],"3":[0,0],"4":[0,0],"5":[0,0,0,0,0,0,0],"6":[0,0],"7":[0],"8":[0,0],"9":[0,0],"10":[0],"11":[0,0],"12":[0,0],"13":[0,0],"14":[0,0],"15":[0,0],"16":[0,0]}}
,"C:\\AIstockbroker\\AiStockbroker\\frontend\\src\\utils\\tradingAuth.js": {"path":"C:\\AIstockbroker\\AiStockbroker\\frontend\\src\\utils\\tradingAuth.js","statementMap":{"0":{"start":{"line":8,"column":4},"end":{"line":8,"column":19}},"1":{"start":{"line":9,"column":4},"end":{"line":9,"column":35}},"2":{"start":{"line":10,"column":4},"end":{"line":10,"column":25}},"3":{"start":{"line":11,"column":4},"end":{"line":11,"column":21}},"4":{"start":{"line":19,"column":40},"end":{"line":56,"column":1}},"5":{"start":{"line":20,"column":2},"end":{"line":20,"column":48}},"6":{"start":{"line":23,"column":2},"end":{"line":53,"column":3}},"7":{"start":{"line":29,"column":20},"end":{"line":30,"column":81}},"8":{"start":{"line":33,"column":4},"end":{"line":37,"column":5}},"9":{"start":{"line":34,"column":6},"end":{"line":34,"column":74}},"10":{"start":{"line":36,"column":6},"end":{"line":36,"column":81}},"11":{"start":{"line":40,"column":4},"end":{"line":40,"column":37}},"12":{"start":{"line":41,"column":4},"end":{"line":41,"column":36}},"13":{"start":{"line":42,"column":4},"end":{"line":42,"column":52}},"14":{"start":{"line":43,"column":4},"end":{"line":43,"column":44}},"15":{"start":{"line":46,"column":4},"end":{"line":50,"column":5}},"16":{"start":{"line":47,"column":6},"end":{"line":47,"column":25}},"17":{"start":{"line":49,"column":6},"end":{"line":49,"column":38}},"18":{"start":{"line":52,"column":4},"end":{"line":52,"column":16}},"19":{"start":{"line":55,"column":2},"end":{"line":55,"column":15}},"20":{"start":{"line":61,"column":26},"end":{"line":77,"column":1}},"21":{"start":{"line":62,"column":2},"end":{"line":76,"column":3}},"22":{"start":{"line":63,"column":4},"end":{"line":63,"column":29}},"23":{"start":{"line":66,"column":4},"end":{"line":72,"column":5}},"24":{"start":{"line":67,"column":6},"end":{"line":71,"column":8}},"25":{"start":{"line":75,"column":4},"end":{"line":75,"column":16}},"26":{"start":{"line":82,"column":37},"end":{"line":106,"column":1}},"27":{"start":{"line":83,"column":2},"end":{"line":105,"column":3}},"28":{"start":{"line":85,"column":24},"end":{"line":85,"column":68}},"29":{"start":{"line":86,"column":4},"end":{"line":88,"column":5}},"30":{"start":{"line":87,"column":6},"end":{"line":87,"column":25}},"31":{"start":{"line":91,"column":21},"end":{"line":91,"column":55}},"32":{"start":{"line":92,"column":17},"end":{"line":92,"column":38}},"33":{"start":{"line":94,"column":4},"end":{"line":99,"column":5}},"34":{"start":{"line":96,"column":20},"end":{"line":96,"column":45}},"35":{"start":{"line":97,"column":6},"end":{"line":97,"column":58}},"36":{"start":{"line":98,"column":6},"end":{"line":98,"column":19}},"37":{"start":{"line":101,"column":4},"end":{"line":101,"column":16}},"38":{"start":{"line":103,"column":4},"end":{"line":103,"column":64}},"39":{"start":{"line":104,"column":4},"end":{"line":104,"column":16}},"40":{"start":{"line":111,"column":37},"end":{"line":113,"column":1}},"41":{"start":{"line":112,"column":2},"end":{"line":112,"column":54}},"42":{"start":{"line":118,"column":39},"end":{"line":120,"column":1}},"43":{"start":{"line":119,"column":2},"end":{"line":119,"column":50}},"44":{"start":{"line":125,"column":32},"end":{"line":128,"column":1}},"45":{"start":{"line":126,"column":16},"end":{"line":126,"column":60}},"46":{"start":{"line":127,"column":2},"end":{"line":127,"column":17}},"47":{"start":{"line":133,"column":38},"end":{"line":157,"column":1}},"48":{"start":{"line":134,"column":16},"end":{"line":134,"column":45}},"49":{"start":{"line":136,"column":18},"end":{"line":139,"column":3}},"50":{"start":{"line":141,"column":2},"end":{"line":143,"column":3}},"51":{"start":{"line":142,"column":4},"end":{"line":142,"column":38}},"52":{"start":{"line":145,"column":19},"end":{"line":148,"column":4}},"53":{"start":{"line":150,"column":2},"end":{"line":154,"column":3}},"54":{"start":{"line":151,"column":18},"end":{"line":151,"column":78}},"55":{"start":{"line":152,"column":4},"end":{"line":152,"column":30}},"56":{"start":{"line":153,"column":4},"end":{"line":153,"column":16}},"57":{"start":{"line":156,"column":2},"end":{"line":156,"column":18}}},"fnMap":{"0":{"name":"(anonymous_0)","decl":{"start":{"line":7,"column":2},"end":{"line":7,"column":3}},"loc":{"start":{"line":7,"column":37},"end":{"line":12,"column":3}},"line":7},"1":{"name":"(anonymous_1)","decl":{"start":{"line":19,"column":40},"end":{"line":19,"column":41}},"loc":{"start":{"line":19,"column":61},"end":{"line":56,"column":1}},"line":19},"2":{"name":"(anonymous_2)","decl":{"start":{"line":61,"column":26},"end":{"line":61,"column":27}},"loc":{"start":{"line":61,"column":57},"end":{"line":77,"column":1}},"line":61},"3":{"name":"(anonymous_3)","decl":{"start":{"line":82,"column":37},"end":{"line":82,"column":38}},"loc":{"start":{"line":82,"column":49},"end":{"line":106,"column":1}},"line":82},"4":{"name":"(anonymous_4)","decl":{"start":{"line":111,"column":37},"end":{"line":111,"column":38}},"loc":{"start":{"line":111,"column":48},"end":{"line":113,"column":1}},"line":111},"5":{"name":"(anonymous_5)","decl":{"start":{"line":118,"column":39},"end":{"line":118,"column":40}},"loc":{"start":{"line":118,"column":45},"end":{"line":120,"column":1}},"line":118},"6":{"name":"(anonymous_6)","decl":{"start":{"line":125,"column":32},"end":{"line":125,"column":33}},"loc":{"start":{"line":125,"column":38},"end":{"line":128,"column":1}},"line":125},"7":{"name":"(anonymous_7)","decl":{"start":{"line":133,"column":38},"end":{"line":133,"column":39}},"loc":{"start":{"line":133,"column":67},"end":{"line":157,"column":1}},"line":133}},"branchMap":{"0":{"loc":{"start":{"line":23,"column":2},"end":{"line":53,"column":3}},"type":"if","locations":[{"start":{"line":23,"column":2},"end":{"line":53,"column":3}},{"start":{},"end":{}}],"line":23},"1":{"loc":{"start":{"line":23,"column":6},"end":{"line":26,"column":36}},"type":"binary-expr","locations":[{"start":{"line":23,"column":6},"end":{"line":23,"column":61}},{"start":{"line":24,"column":6},"end":{"line":24,"column":54}},{"start":{"line":25,"column":6},"end":{"line":25,"column":36}},{"start":{"line":26,"column":6},"end":{"line":26,"column":36}}],"line":23},"2":{"loc":{"start":{"line":29,"column":20},"end":{"line":30,"column":81}},"type":"binary-expr","locations":[{"start":{"line":29,"column":20},"end":{"line":29,"column":49}},{"start":{"line":30,"column":19},"end":{"line":30,"column":81}}],"line":29},"3":{"loc":{"start":{"line":33,"column":4},"end":{"line":37,"column":5}},"type":"if","locations":[{"start":{"line":33,"column":4},"end":{"line":37,"column":5}},{"start":{"line":35,"column":11},"end":{"line":37,"column":5}}],"line":33},"4":{"loc":{"start":{"line":33,"column":8},"end":{"line":33,"column":53}},"type":"binary-expr","locations":[{"start":{"line":33,"column":8},"end":{"line":33,"column":37}},{"start":{"line":33,"column":41},"end":{"line":33,"column":53}}],"line":33},"5":{"loc":{"start":{"line":46,"column":4},"end":{"line":50,"column":5}},"type":"if","locations":[{"start":{"line":46,"column":4},"end":{"line":50,"column":5}},{"start":{"line":48,"column":11},"end":{"line":50,"column":5}}],"line":46},"6":{"loc":{"start":{"line":66,"column":4},"end":{"line":72,"column":5}},"type":"if","locations":[{"start":{"line":66,"column":4},"end":{"line":72,"column":5}},{"start":{},"end":{}}],"line":66},"7":{"loc":{"start":{"line":86,"column":4},"end":{"line":88,"column":5}},"type":"if","locations":[{"start":{"line":86,"column":4},"end":{"line":88,"column":5}},{"start":{},"end":{}}],"line":86},"8":{"loc":{"start":{"line":94,"column":4},"end":{"line":99,"column":5}},"type":"if","locations":[{"start":{"line":94,"column":4},"end":{"line":99,"column":5}},{"start":{},"end":{}}],"line":94},"9":{"loc":{"start":{"line":133,"column":50},"end":{"line":133,"column":62}},"type":"default-arg","locations":[{"start":{"line":133,"column":60},"end":{"line":133,"column":62}}],"line":133},"10":{"loc":{"start":{"line":141,"column":2},"end":{"line":143,"column":3}},"type":"if","locations":[{"start":{"line":141,"column":2},"end":{"line":143,"column":3}},{"start":{},"end":{}}],"line":141},"11":{"loc":{"start":{"line":150,"column":2},"end":{"line":154,"column":3}},"type":"if","locations":[{"start":{"line":150,"column":2},"end":{"line":154,"column":3}},{"start":{},"end":{}}],"line":150}},"s":{"0":1,"1":1,"2":1,"3":1,"4":1,"5":4,"6":4,"7":3,"8":3,"9":3,"10":0,"11":3,"12":3,"13":3,"14":3,"15":3,"16":3,"17":0,"18":3,"19":1,"20":1,"21":0,"22":0,"23":0,"24":0,"25":0,"26":1,"27":2,"28":2,"29":2,"30":1,"31":1,"32":1,"33":1,"34":1,"35":1,"36":1,"37":0,"38":0,"39":0,"40":1,"41":1,"42":1,"43":1,"44":1,"45":2,"46":2,"47":1,"48":0,"49":0,"50":0,"51":0,"52":0,"53":0,"54":0,"55":0,"56":0,"57":0},"f":{"0":1,"1":4,"2":0,"3":2,"4":1,"5":1,"6":2,"7":0},"b":{"0":[3,1],"1":[4,3,3,2],"2":[3,2],"3":[3,0],"4":[3,3],"5":[3,0],"6":[0,0],"7":[1,1],"8":[1,0],"9":[0],"10":[0,0],"11":[0,0]},"_coverageSchema":"1a1c01bbd47fc00a2c39e90264f33305004495a9","hash":"2624a0ccd6d3834a73f89d2b46e1014b1e20fadb"}
}
