TN:
SF:src\App.js
FN:15,(anonymous_0)
FN:16,(anonymous_1)
FN:17,(anonymous_2)
FN:18,(anonymous_3)
FN:19,(anonymous_4)
FN:20,(anonymous_5)
FN:21,(anonymous_6)
FN:22,(anonymous_7)
FN:23,(anonymous_8)
FN:25,App
FNF:10
FNH:0
FNDA:0,(anonymous_0)
FNDA:0,(anonymous_1)
FNDA:0,(anonymous_2)
FNDA:0,(anonymous_3)
FNDA:0,(anonymous_4)
FNDA:0,(anonymous_5)
FNDA:0,(anonymous_6)
FNDA:0,(anonymous_7)
FNDA:0,(anonymous_8)
FNDA:0,App
DA:15,0
DA:16,0
DA:17,0
DA:18,0
DA:19,0
DA:20,0
DA:21,0
DA:22,0
DA:23,0
DA:26,0
DA:28,0
DA:29,0
DA:32,0
LF:13
LH:0
BRDA:28,0,0,0
BRDA:28,0,1,0
BRDA:199,1,0,0
BRDA:199,1,1,0
BRF:4
BRH:0
end_of_record
TN:
SF:src\index.js
FN:11,(anonymous_0)
FN:16,(anonymous_1)
FN:17,(anonymous_2)
FN:28,(anonymous_3)
FN:34,(anonymous_4)
FN:35,(anonymous_5)
FN:47,(anonymous_6)
FN:48,(anonymous_7)
FN:54,(anonymous_8)
FN:59,(anonymous_9)
FN:60,(anonymous_10)
FNF:11
FNH:0
FNDA:0,(anonymous_0)
FNDA:0,(anonymous_1)
FNDA:0,(anonymous_2)
FNDA:0,(anonymous_3)
FNDA:0,(anonymous_4)
FNDA:0,(anonymous_5)
FNDA:0,(anonymous_6)
FNDA:0,(anonymous_7)
FNDA:0,(anonymous_8)
FNDA:0,(anonymous_9)
FNDA:0,(anonymous_10)
DA:11,0
DA:12,0
DA:13,0
DA:15,0
DA:16,0
DA:17,0
DA:18,0
DA:23,0
DA:28,0
DA:29,0
DA:30,0
DA:31,0
DA:33,0
DA:34,0
DA:35,0
DA:36,0
DA:41,0
DA:46,0
DA:47,0
DA:48,0
DA:49,0
DA:54,0
DA:55,0
DA:56,0
DA:58,0
DA:59,0
DA:60,0
DA:61,0
DA:66,0
DA:73,0
DA:82,0
DA:83,0
DA:106,0
LF:33
LH:0
BRDA:12,0,0,0
BRDA:12,0,1,0
BRDA:12,1,0,0
BRDA:12,1,1,0
BRDA:15,2,0,0
BRDA:15,2,1,0
BRDA:29,3,0,0
BRDA:29,3,1,0
BRDA:29,4,0,0
BRDA:29,4,1,0
BRDA:29,4,2,0
BRDA:33,5,0,0
BRDA:33,5,1,0
BRDA:46,6,0,0
BRDA:46,6,1,0
BRDA:55,7,0,0
BRDA:55,7,1,0
BRDA:55,8,0,0
BRDA:55,8,1,0
BRDA:58,9,0,0
BRDA:58,9,1,0
BRF:21
BRH:0
end_of_record
TN:
SF:src\components\ConnectionTest.js
FN:4,(anonymous_0)
FN:8,(anonymous_1)
FN:9,(anonymous_2)
FN:31,(anonymous_3)
FNF:4
FNH:0
FNDA:0,(anonymous_0)
FNDA:0,(anonymous_1)
FNDA:0,(anonymous_2)
FNDA:0,(anonymous_3)
DA:4,0
DA:5,0
DA:6,0
DA:8,0
DA:9,0
DA:10,0
DA:11,0
DA:12,0
DA:14,0
DA:15,0
DA:16,0
DA:17,0
DA:19,0
DA:20,0
DA:23,0
DA:24,0
DA:28,0
DA:31,0
DA:32,0
DA:33,0
DA:34,0
DA:42,0
DA:43,0
DA:44,0
DA:45,0
DA:46,0
DA:48,0
DA:49,0
DA:52,0
DA:53,0
DA:57,0
LF:31
LH:0
BRDA:14,0,0,0
BRDA:14,0,1,0
BRDA:42,1,0,0
BRDA:42,1,1,0
BRDA:61,2,0,0
BRDA:61,2,1,0
BRF:6
BRH:0
end_of_record
TN:
SF:src\components\TradingAccessHandler.js
FN:10,(anonymous_0)
FN:13,(anonymous_1)
FN:15,(anonymous_2)
FN:22,(anonymous_3)
FN:33,(anonymous_4)
FNF:5
FNH:0
FNDA:0,(anonymous_0)
FNDA:0,(anonymous_1)
FNDA:0,(anonymous_2)
FNDA:0,(anonymous_3)
FNDA:0,(anonymous_4)
DA:10,0
DA:11,0
DA:13,0
DA:15,0
DA:16,0
DA:17,0
DA:22,0
DA:23,0
DA:24,0
DA:29,0
DA:30,0
DA:33,0
DA:34,0
DA:35,0
DA:39,0
LF:15
LH:0
BRDA:16,0,0,0
BRDA:16,0,1,0
BRDA:16,1,0,0
BRDA:16,1,1,0
BRDA:23,2,0,0
BRDA:23,2,1,0
BRDA:23,3,0,0
BRDA:23,3,1,0
BRF:8
BRH:0
end_of_record
TN:
SF:src\components\Admin\AdminDashboard.js
FN:14,(anonymous_0)
FN:19,(anonymous_1)
FN:23,(anonymous_2)
FN:56,(anonymous_3)
FN:71,(anonymous_4)
FN:150,(anonymous_5)
FN:223,(anonymous_6)
FN:254,(anonymous_7)
FN:300,(anonymous_8)
FNF:9
FNH:0
FNDA:0,(anonymous_0)
FNDA:0,(anonymous_1)
FNDA:0,(anonymous_2)
FNDA:0,(anonymous_3)
FNDA:0,(anonymous_4)
FNDA:0,(anonymous_5)
FNDA:0,(anonymous_6)
FNDA:0,(anonymous_7)
FNDA:0,(anonymous_8)
DA:14,0
DA:15,0
DA:16,0
DA:17,0
DA:19,0
DA:20,0
DA:23,0
DA:24,0
DA:26,0
DA:28,0
DA:29,0
DA:30,0
DA:32,0
DA:36,0
DA:43,0
DA:44,0
DA:46,0
DA:49,0
DA:50,0
DA:52,0
DA:56,0
DA:57,0
DA:59,0
DA:61,0
DA:63,0
DA:65,0
DA:67,0
DA:71,0
DA:72,0
DA:74,0
DA:76,0
DA:78,0
DA:80,0
DA:84,0
DA:129,0
DA:130,0
DA:137,0
DA:151,0
DA:223,0
DA:255,0
DA:301,0
LF:41
LH:0
BRDA:29,0,0,0
BRDA:29,0,1,0
BRDA:43,1,0,0
BRDA:43,1,1,0
BRDA:44,2,0,0
BRDA:44,2,1,0
BRDA:57,3,0,0
BRDA:57,3,1,0
BRDA:57,3,2,0
BRDA:57,3,3,0
BRDA:57,3,4,0
BRDA:72,4,0,0
BRDA:72,4,1,0
BRDA:72,4,2,0
BRDA:72,4,3,0
BRDA:87,5,0,0
BRDA:87,5,1,0
BRDA:90,6,0,0
BRDA:90,6,1,0
BRDA:94,7,0,0
BRDA:94,7,1,0
BRDA:97,8,0,0
BRDA:97,8,1,0
BRDA:101,9,0,0
BRDA:101,9,1,0
BRDA:104,10,0,0
BRDA:104,10,1,0
BRDA:108,11,0,0
BRDA:108,11,1,0
BRDA:111,12,0,0
BRDA:111,12,1,0
BRDA:115,13,0,0
BRDA:115,13,1,0
BRDA:118,14,0,0
BRDA:118,14,1,0
BRDA:122,15,0,0
BRDA:122,15,1,0
BRDA:129,16,0,0
BRDA:129,16,1,0
BRDA:159,17,0,0
BRDA:159,17,1,0
BRDA:162,18,0,0
BRDA:162,18,1,0
BRDA:201,19,0,0
BRDA:201,19,1,0
BRDA:216,20,0,0
BRDA:216,20,1,0
BRDA:252,21,0,0
BRDA:252,21,1,0
BRDA:260,22,0,0
BRDA:260,22,1,0
BRDA:260,22,2,0
BRDA:266,23,0,0
BRDA:266,23,1,0
BRDA:266,24,0,0
BRDA:266,24,1,0
BRDA:293,25,0,0
BRDA:293,25,1,0
BRDA:300,26,0,0
BRDA:300,26,1,0
BRDA:304,27,0,0
BRDA:304,27,1,0
BRDA:305,28,0,0
BRDA:305,28,1,0
BRDA:306,29,0,0
BRDA:306,29,1,0
BRF:66
BRH:0
end_of_record
TN:
SF:src\components\Admin\UserManagement.js
FN:18,(anonymous_0)
FN:37,(anonymous_1)
FN:41,(anonymous_2)
FN:44,(anonymous_3)
FN:52,(anonymous_4)
FN:70,(anonymous_5)
FN:71,(anonymous_6)
FN:78,(anonymous_7)
FN:80,(anonymous_8)
FN:87,(anonymous_9)
FN:88,(anonymous_10)
FN:94,(anonymous_11)
FN:96,(anonymous_12)
FN:98,(anonymous_13)
FN:98,(anonymous_14)
FN:102,(anonymous_15)
FN:104,(anonymous_16)
FN:110,(anonymous_17)
FN:125,(anonymous_18)
FN:140,(anonymous_19)
FN:159,(anonymous_20)
FN:187,(anonymous_21)
FN:202,(anonymous_22)
FN:215,(anonymous_23)
FN:262,(anonymous_24)
FN:269,(anonymous_25)
FN:285,(anonymous_26)
FN:289,(anonymous_27)
FN:301,(anonymous_28)
FN:305,(anonymous_29)
FN:317,(anonymous_30)
FN:340,(anonymous_31)
FN:346,(anonymous_32)
FN:352,(anonymous_33)
FN:384,(anonymous_34)
FN:389,(anonymous_35)
FN:398,(anonymous_36)
FN:407,(anonymous_37)
FN:416,(anonymous_38)
FN:425,(anonymous_39)
FN:438,(anonymous_40)
FN:445,(anonymous_41)
FN:471,(anonymous_42)
FN:474,(anonymous_43)
FN:484,(anonymous_44)
FN:487,(anonymous_45)
FN:514,(anonymous_46)
FN:531,(anonymous_47)
FN:538,(anonymous_48)
FN:564,(anonymous_49)
FN:572,(anonymous_50)
FN:579,(anonymous_51)
FN:592,(anonymous_52)
FNF:53
FNH:0
FNDA:0,(anonymous_0)
FNDA:0,(anonymous_1)
FNDA:0,(anonymous_2)
FNDA:0,(anonymous_3)
FNDA:0,(anonymous_4)
FNDA:0,(anonymous_5)
FNDA:0,(anonymous_6)
FNDA:0,(anonymous_7)
FNDA:0,(anonymous_8)
FNDA:0,(anonymous_9)
FNDA:0,(anonymous_10)
FNDA:0,(anonymous_11)
FNDA:0,(anonymous_12)
FNDA:0,(anonymous_13)
FNDA:0,(anonymous_14)
FNDA:0,(anonymous_15)
FNDA:0,(anonymous_16)
FNDA:0,(anonymous_17)
FNDA:0,(anonymous_18)
FNDA:0,(anonymous_19)
FNDA:0,(anonymous_20)
FNDA:0,(anonymous_21)
FNDA:0,(anonymous_22)
FNDA:0,(anonymous_23)
FNDA:0,(anonymous_24)
FNDA:0,(anonymous_25)
FNDA:0,(anonymous_26)
FNDA:0,(anonymous_27)
FNDA:0,(anonymous_28)
FNDA:0,(anonymous_29)
FNDA:0,(anonymous_30)
FNDA:0,(anonymous_31)
FNDA:0,(anonymous_32)
FNDA:0,(anonymous_33)
FNDA:0,(anonymous_34)
FNDA:0,(anonymous_35)
FNDA:0,(anonymous_36)
FNDA:0,(anonymous_37)
FNDA:0,(anonymous_38)
FNDA:0,(anonymous_39)
FNDA:0,(anonymous_40)
FNDA:0,(anonymous_41)
FNDA:0,(anonymous_42)
FNDA:0,(anonymous_43)
FNDA:0,(anonymous_44)
FNDA:0,(anonymous_45)
FNDA:0,(anonymous_46)
FNDA:0,(anonymous_47)
FNDA:0,(anonymous_48)
FNDA:0,(anonymous_49)
FNDA:0,(anonymous_50)
FNDA:0,(anonymous_51)
FNDA:0,(anonymous_52)
DA:18,0
DA:19,0
DA:20,0
DA:21,0
DA:22,0
DA:23,0
DA:24,0
DA:27,0
DA:37,0
DA:38,0
DA:41,0
DA:43,0
DA:44,0
DA:45,0
DA:46,0
DA:49,0
DA:52,0
DA:53,0
DA:54,0
DA:55,0
DA:56,0
DA:57,0
DA:58,0
DA:60,0
DA:63,0
DA:64,0
DA:66,0
DA:70,0
DA:71,0
DA:78,0
DA:79,0
DA:80,0
DA:87,0
DA:88,0
DA:94,0
DA:95,0
DA:96,0
DA:98,0
DA:102,0
DA:103,0
DA:104,0
DA:106,0
DA:110,0
DA:111,0
DA:112,0
DA:113,0
DA:114,0
DA:115,0
DA:117,0
DA:120,0
DA:121,0
DA:125,0
DA:126,0
DA:127,0
DA:128,0
DA:129,0
DA:130,0
DA:132,0
DA:135,0
DA:136,0
DA:140,0
DA:141,0
DA:142,0
DA:145,0
DA:146,0
DA:147,0
DA:148,0
DA:149,0
DA:151,0
DA:154,0
DA:155,0
DA:159,0
DA:160,0
DA:161,0
DA:162,0
DA:165,0
DA:166,0
DA:169,0
DA:170,0
DA:171,0
DA:172,0
DA:173,0
DA:174,0
DA:176,0
DA:177,0
DA:179,0
DA:182,0
DA:183,0
DA:187,0
DA:188,0
DA:190,0
DA:192,0
DA:194,0
DA:196,0
DA:198,0
DA:202,0
DA:203,0
DA:205,0
DA:207,0
DA:209,0
DA:211,0
DA:215,0
DA:216,0
DA:217,0
DA:224,0
DA:225,0
DA:227,0
DA:262,0
DA:269,0
DA:285,0
DA:290,0
DA:301,0
DA:306,0
DA:317,0
DA:340,0
DA:346,0
DA:352,0
DA:384,0
DA:389,0
DA:398,0
DA:407,0
DA:416,0
DA:425,0
DA:439,0
DA:445,0
DA:471,0
DA:475,0
DA:484,0
DA:488,0
DA:514,0
DA:531,0
DA:538,0
DA:564,0
DA:573,0
DA:574,0
DA:576,0
DA:579,0
DA:592,0
LF:138
LH:0
BRDA:28,0,0,0
BRDA:28,0,1,0
BRDA:29,1,0,0
BRDA:29,1,1,0
BRDA:30,2,0,0
BRDA:30,2,1,0
BRDA:31,3,0,0
BRDA:31,3,1,0
BRDA:32,4,0,0
BRDA:32,4,1,0
BRDA:33,5,0,0
BRDA:33,5,1,0
BRDA:34,6,0,0
BRDA:34,6,1,0
BRDA:45,7,0,0
BRDA:45,7,1,0
BRDA:56,8,0,0
BRDA:56,8,1,0
BRDA:57,9,0,0
BRDA:57,9,1,0
BRDA:58,10,0,0
BRDA:58,10,1,0
BRDA:79,11,0,0
BRDA:79,11,1,0
BRDA:79,12,0,0
BRDA:79,12,1,0
BRDA:95,13,0,0
BRDA:95,13,1,0
BRDA:103,14,0,0
BRDA:103,14,1,0
BRDA:113,15,0,0
BRDA:113,15,1,0
BRDA:128,16,0,0
BRDA:128,16,1,0
BRDA:141,17,0,0
BRDA:141,17,1,0
BRDA:147,18,0,0
BRDA:147,18,1,0
BRDA:160,19,0,0
BRDA:160,19,1,0
BRDA:165,20,0,0
BRDA:165,20,1,0
BRDA:171,21,0,0
BRDA:171,21,1,0
BRDA:173,22,0,0
BRDA:173,22,1,0
BRDA:188,23,0,0
BRDA:188,23,1,0
BRDA:188,23,2,0
BRDA:188,23,3,0
BRDA:188,23,4,0
BRDA:203,24,0,0
BRDA:203,24,1,0
BRDA:203,24,2,0
BRDA:203,24,3,0
BRDA:216,25,0,0
BRDA:216,25,1,0
BRDA:217,26,0,0
BRDA:217,26,1,0
BRDA:278,27,0,0
BRDA:278,27,1,0
BRDA:332,28,0,0
BRDA:332,28,1,0
BRDA:336,29,0,0
BRDA:336,29,1,0
BRDA:365,30,0,0
BRDA:365,30,1,0
BRDA:370,31,0,0
BRDA:370,31,1,0
BRDA:383,32,0,0
BRDA:383,32,1,0
BRDA:453,33,0,0
BRDA:453,33,1,0
BRDA:453,33,2,0
BRDA:459,34,0,0
BRDA:459,34,1,0
BRDA:459,35,0,0
BRDA:459,35,1,0
BRDA:495,36,0,0
BRDA:495,36,1,0
BRDA:498,37,0,0
BRDA:498,37,1,0
BRDA:526,38,0,0
BRDA:526,38,1,0
BRDA:574,39,0,0
BRDA:574,39,1,0
BRDA:581,40,0,0
BRDA:581,40,1,0
BRF:88
BRH:0
end_of_record
TN:
SF:src\components\Auth\LoginForm.js
FN:7,(anonymous_0)
FN:17,(anonymous_1)
FN:19,(anonymous_2)
FN:26,(anonymous_3)
FN:33,(anonymous_4)
FN:48,(anonymous_5)
FN:150,(anonymous_6)
FNF:7
FNH:0
FNDA:0,(anonymous_0)
FNDA:0,(anonymous_1)
FNDA:0,(anonymous_2)
FNDA:0,(anonymous_3)
FNDA:0,(anonymous_4)
FNDA:0,(anonymous_5)
FNDA:0,(anonymous_6)
DA:7,0
DA:8,0
DA:13,0
DA:14,0
DA:15,0
DA:17,0
DA:18,0
DA:19,0
DA:25,0
DA:26,0
DA:33,0
DA:34,0
DA:36,0
DA:37,0
DA:40,0
DA:41,0
DA:44,0
DA:45,0
DA:48,0
DA:49,0
DA:51,0
DA:52,0
DA:55,0
DA:57,0
DA:58,0
DA:64,0
DA:65,0
DA:67,0
DA:68,0
DA:71,0
DA:74,0
DA:75,0
DA:78,0
DA:79,0
DA:80,0
DA:81,0
DA:83,0
DA:87,0
DA:150,0
LF:39
LH:0
BRDA:7,0,0,0
BRDA:21,1,0,0
BRDA:21,1,1,0
BRDA:25,2,0,0
BRDA:25,2,1,0
BRDA:36,3,0,0
BRDA:36,3,1,0
BRDA:40,4,0,0
BRDA:40,4,1,0
BRDA:51,5,0,0
BRDA:51,5,1,0
BRDA:64,6,0,0
BRDA:64,6,1,0
BRDA:65,7,0,0
BRDA:65,7,1,0
BRDA:67,8,0,0
BRDA:67,8,1,0
BRDA:117,9,0,0
BRDA:117,9,1,0
BRDA:124,10,0,0
BRDA:124,10,1,0
BRDA:137,11,0,0
BRDA:137,11,1,0
BRDA:140,12,0,0
BRDA:140,12,1,0
BRDA:152,13,0,0
BRDA:152,13,1,0
BRDA:159,14,0,0
BRDA:159,14,1,0
BRDA:191,15,0,0
BRDA:191,15,1,0
BRDA:203,16,0,0
BRDA:203,16,1,0
BRF:33
BRH:0
end_of_record
TN:
SF:src\components\Auth\ProfilePage.js
FN:6,(anonymous_0)
FN:31,(anonymous_1)
FN:35,(anonymous_2)
FN:61,(anonymous_3)
FN:63,(anonymous_4)
FN:69,(anonymous_5)
FN:76,(anonymous_6)
FN:78,(anonymous_7)
FN:84,(anonymous_8)
FN:91,(anonymous_9)
FN:102,(anonymous_10)
FN:127,(anonymous_11)
FN:160,(anonymous_12)
FN:223,(anonymous_13)
FN:226,(anonymous_14)
FN:248,(anonymous_15)
FN:324,(anonymous_16)
FNF:17
FNH:0
FNDA:0,(anonymous_0)
FNDA:0,(anonymous_1)
FNDA:0,(anonymous_2)
FNDA:0,(anonymous_3)
FNDA:0,(anonymous_4)
FNDA:0,(anonymous_5)
FNDA:0,(anonymous_6)
FNDA:0,(anonymous_7)
FNDA:0,(anonymous_8)
FNDA:0,(anonymous_9)
FNDA:0,(anonymous_10)
FNDA:0,(anonymous_11)
FNDA:0,(anonymous_12)
FNDA:0,(anonymous_13)
FNDA:0,(anonymous_14)
FNDA:0,(anonymous_15)
FNDA:0,(anonymous_16)
DA:6,0
DA:7,0
DA:8,0
DA:9,0
DA:10,0
DA:11,0
DA:13,0
DA:23,0
DA:29,0
DA:31,0
DA:32,0
DA:35,0
DA:36,0
DA:37,0
DA:38,0
DA:39,0
DA:40,0
DA:41,0
DA:51,0
DA:54,0
DA:55,0
DA:57,0
DA:61,0
DA:62,0
DA:63,0
DA:68,0
DA:69,0
DA:76,0
DA:77,0
DA:78,0
DA:83,0
DA:84,0
DA:91,0
DA:92,0
DA:94,0
DA:95,0
DA:98,0
DA:99,0
DA:102,0
DA:103,0
DA:105,0
DA:106,0
DA:109,0
DA:110,0
DA:111,0
DA:112,0
DA:113,0
DA:114,0
DA:117,0
DA:118,0
DA:119,0
DA:120,0
DA:123,0
DA:124,0
DA:127,0
DA:128,0
DA:130,0
DA:131,0
DA:134,0
DA:136,0
DA:137,0
DA:138,0
DA:139,0
DA:142,0
DA:144,0
DA:145,0
DA:146,0
DA:147,0
DA:149,0
DA:150,0
DA:153,0
DA:154,0
DA:156,0
DA:160,0
DA:161,0
DA:163,0
DA:164,0
DA:167,0
DA:169,0
DA:170,0
DA:175,0
DA:176,0
DA:181,0
DA:183,0
DA:184,0
DA:187,0
DA:188,0
DA:190,0
DA:194,0
DA:200,0
DA:201,0
DA:208,0
DA:224,0
DA:226,0
DA:248,0
DA:325,0
DA:326,0
LF:97
LH:0
BRDA:39,0,0,0
BRDA:39,0,1,0
BRDA:42,1,0,0
BRDA:42,1,1,0
BRDA:43,2,0,0
BRDA:43,2,1,0
BRDA:44,3,0,0
BRDA:44,3,1,0
BRDA:45,4,0,0
BRDA:45,4,1,0
BRDA:46,5,0,0
BRDA:46,5,1,0
BRDA:47,6,0,0
BRDA:47,6,1,0
BRDA:48,7,0,0
BRDA:48,7,1,0
BRDA:68,8,0,0
BRDA:68,8,1,0
BRDA:83,9,0,0
BRDA:83,9,1,0
BRDA:94,10,0,0
BRDA:94,10,1,0
BRDA:94,11,0,0
BRDA:94,11,1,0
BRDA:105,12,0,0
BRDA:105,12,1,0
BRDA:109,13,0,0
BRDA:109,13,1,0
BRDA:111,14,0,0
BRDA:111,14,1,0
BRDA:113,15,0,0
BRDA:113,15,1,0
BRDA:117,16,0,0
BRDA:117,16,1,0
BRDA:119,17,0,0
BRDA:119,17,1,0
BRDA:130,18,0,0
BRDA:130,18,1,0
BRDA:138,19,0,0
BRDA:138,19,1,0
BRDA:144,20,0,0
BRDA:144,20,1,0
BRDA:147,21,0,0
BRDA:147,21,1,0
BRDA:163,22,0,0
BRDA:163,22,1,0
BRDA:175,23,0,0
BRDA:175,23,1,0
BRDA:181,24,0,0
BRDA:181,24,1,0
BRDA:200,25,0,0
BRDA:200,25,1,0
BRDA:228,26,0,0
BRDA:228,26,1,0
BRDA:242,27,0,0
BRDA:242,27,1,0
BRDA:246,28,0,0
BRDA:246,28,1,0
BRDA:256,29,0,0
BRDA:256,29,1,0
BRDA:291,30,0,0
BRDA:291,30,1,0
BRDA:306,31,0,0
BRDA:306,31,1,0
BRDA:315,32,0,0
BRDA:315,32,1,0
BRDA:337,33,0,0
BRDA:337,33,1,0
BRDA:346,34,0,0
BRDA:346,34,1,0
BRDA:350,35,0,0
BRDA:350,35,1,0
BRDA:365,36,0,0
BRDA:365,36,1,0
BRDA:375,37,0,0
BRDA:375,37,1,0
BRDA:386,38,0,0
BRDA:386,38,1,0
BRDA:464,39,0,0
BRDA:464,39,1,0
BRDA:468,40,0,0
BRDA:468,40,1,0
BRDA:479,41,0,0
BRDA:479,41,1,0
BRDA:486,42,0,0
BRDA:486,42,1,0
BRDA:501,43,0,0
BRDA:501,43,1,0
BRDA:504,44,0,0
BRDA:504,44,1,0
BRDA:519,45,0,0
BRDA:519,45,1,0
BRDA:522,46,0,0
BRDA:522,46,1,0
BRDA:537,47,0,0
BRDA:537,47,1,0
BRDA:540,48,0,0
BRDA:540,48,1,0
BRDA:545,49,0,0
BRDA:545,49,1,0
BRDA:557,50,0,0
BRDA:557,50,1,0
BRDA:568,51,0,0
BRDA:568,51,1,0
BRDA:574,52,0,0
BRDA:574,52,1,0
BRF:106
BRH:0
end_of_record
TN:
SF:src\components\Auth\ProtectedRoute.js
FN:5,(anonymous_0)
FN:120,(anonymous_1)
FN:126,(anonymous_2)
FN:132,(anonymous_3)
FN:138,(anonymous_4)
FNF:5
FNH:0
FNDA:0,(anonymous_0)
FNDA:0,(anonymous_1)
FNDA:0,(anonymous_2)
FNDA:0,(anonymous_3)
FNDA:0,(anonymous_4)
DA:5,0
DA:13,0
DA:16,0
DA:17,0
DA:25,0
DA:26,0
DA:30,0
DA:31,0
DA:53,0
DA:54,0
DA:74,0
DA:75,0
DA:95,0
DA:96,0
DA:116,0
DA:120,0
DA:121,0
DA:126,0
DA:127,0
DA:132,0
DA:133,0
DA:138,0
DA:139,0
DA:141,0
DA:142,0
DA:150,0
DA:151,0
DA:155,0
LF:28
LH:0
BRDA:7,0,0,0
BRDA:8,1,0,0
BRDA:9,2,0,0
BRDA:10,3,0,0
BRDA:11,4,0,0
BRDA:16,5,0,0
BRDA:16,5,1,0
BRDA:25,6,0,0
BRDA:25,6,1,0
BRDA:30,7,0,0
BRDA:30,7,1,0
BRDA:30,8,0,0
BRDA:30,8,1,0
BRDA:42,9,0,0
BRDA:42,9,1,0
BRDA:43,10,0,0
BRDA:43,10,1,0
BRDA:44,11,0,0
BRDA:44,11,1,0
BRDA:53,12,0,0
BRDA:53,12,1,0
BRDA:53,13,0,0
BRDA:53,13,1,0
BRDA:74,14,0,0
BRDA:74,14,1,0
BRDA:74,15,0,0
BRDA:74,15,1,0
BRDA:95,16,0,0
BRDA:95,16,1,0
BRDA:95,17,0,0
BRDA:95,17,1,0
BRDA:138,18,0,0
BRDA:141,19,0,0
BRDA:141,19,1,0
BRDA:150,20,0,0
BRDA:150,20,1,0
BRF:36
BRH:0
end_of_record
TN:
SF:src\components\Auth\RegisterForm.js
FN:7,(anonymous_0)
FN:21,(anonymous_1)
FN:23,(anonymous_2)
FN:30,(anonymous_3)
FN:37,(anonymous_4)
FN:76,(anonymous_5)
FN:242,(anonymous_6)
FN:278,(anonymous_7)
FNF:8
FNH:0
FNDA:0,(anonymous_0)
FNDA:0,(anonymous_1)
FNDA:0,(anonymous_2)
FNDA:0,(anonymous_3)
FNDA:0,(anonymous_4)
FNDA:0,(anonymous_5)
FNDA:0,(anonymous_6)
FNDA:0,(anonymous_7)
DA:7,0
DA:8,0
DA:16,0
DA:17,0
DA:18,0
DA:19,0
DA:21,0
DA:22,0
DA:23,0
DA:29,0
DA:30,0
DA:37,0
DA:38,0
DA:41,0
DA:42,0
DA:43,0
DA:44,0
DA:48,0
DA:49,0
DA:50,0
DA:51,0
DA:52,0
DA:53,0
DA:57,0
DA:58,0
DA:59,0
DA:60,0
DA:61,0
DA:62,0
DA:66,0
DA:67,0
DA:68,0
DA:69,0
DA:72,0
DA:73,0
DA:76,0
DA:77,0
DA:79,0
DA:80,0
DA:83,0
DA:85,0
DA:86,0
DA:94,0
DA:96,0
DA:97,0
DA:99,0
DA:100,0
DA:103,0
DA:106,0
DA:107,0
DA:110,0
DA:111,0
DA:112,0
DA:113,0
DA:115,0
DA:119,0
DA:242,0
DA:278,0
LF:58
LH:0
BRDA:29,0,0,0
BRDA:29,0,1,0
BRDA:41,1,0,0
BRDA:41,1,1,0
BRDA:43,2,0,0
BRDA:43,2,1,0
BRDA:48,3,0,0
BRDA:48,3,1,0
BRDA:50,4,0,0
BRDA:50,4,1,0
BRDA:52,5,0,0
BRDA:52,5,1,0
BRDA:57,6,0,0
BRDA:57,6,1,0
BRDA:59,7,0,0
BRDA:59,7,1,0
BRDA:61,8,0,0
BRDA:61,8,1,0
BRDA:66,9,0,0
BRDA:66,9,1,0
BRDA:68,10,0,0
BRDA:68,10,1,0
BRDA:79,11,0,0
BRDA:79,11,1,0
BRDA:90,12,0,0
BRDA:90,12,1,0
BRDA:91,13,0,0
BRDA:91,13,1,0
BRDA:96,14,0,0
BRDA:96,14,1,0
BRDA:97,15,0,0
BRDA:97,15,1,0
BRDA:99,16,0,0
BRDA:99,16,1,0
BRDA:185,17,0,0
BRDA:185,17,1,0
BRDA:192,18,0,0
BRDA:192,18,1,0
BRDA:208,19,0,0
BRDA:208,19,1,0
BRDA:215,20,0,0
BRDA:215,20,1,0
BRDA:229,21,0,0
BRDA:229,21,1,0
BRDA:232,22,0,0
BRDA:232,22,1,0
BRDA:244,23,0,0
BRDA:244,23,1,0
BRDA:251,24,0,0
BRDA:251,24,1,0
BRDA:265,25,0,0
BRDA:265,25,1,0
BRDA:268,26,0,0
BRDA:268,26,1,0
BRDA:280,27,0,0
BRDA:280,27,1,0
BRDA:287,28,0,0
BRDA:287,28,1,0
BRDA:293,29,0,0
BRDA:293,29,1,0
BRDA:305,30,0,0
BRDA:305,30,1,0
BRF:62
BRH:0
end_of_record
TN:
SF:src\components\Charts\CandlestickChart.js
FN:14,(anonymous_0)
FN:26,(anonymous_1)
FN:39,(anonymous_2)
FN:98,(anonymous_3)
FN:99,(anonymous_4)
FNF:5
FNH:0
FNDA:0,(anonymous_0)
FNDA:0,(anonymous_1)
FNDA:0,(anonymous_2)
FNDA:0,(anonymous_3)
FNDA:0,(anonymous_4)
DA:14,0
DA:15,0
DA:16,0
DA:26,0
DA:39,0
DA:40,0
DA:41,0
DA:42,0
DA:70,0
DA:73,0
DA:98,0
DA:99,0
LF:12
LH:0
BRDA:15,0,0,0
BRDA:15,0,1,0
BRDA:15,1,0,0
BRDA:15,1,1,0
BRDA:40,2,0,0
BRDA:40,2,1,0
BRDA:40,3,0,0
BRDA:40,3,1,0
BRDA:40,3,2,0
BRDA:62,4,0,0
BRDA:62,4,1,0
BRDA:63,5,0,0
BRDA:63,5,1,0
BRDA:98,6,0,0
BRDA:98,6,1,0
BRDA:99,7,0,0
BRDA:99,7,1,0
BRF:17
BRH:0
end_of_record
TN:
SF:src\components\Charts\ChartExport.js
FN:8,(anonymous_0)
FN:9,(anonymous_1)
FN:17,(anonymous_2)
FN:25,(anonymous_3)
FN:26,(anonymous_4)
FN:45,(anonymous_5)
FN:53,(anonymous_6)
FNF:7
FNH:0
FNDA:0,(anonymous_0)
FNDA:0,(anonymous_1)
FNDA:0,(anonymous_2)
FNDA:0,(anonymous_3)
FNDA:0,(anonymous_4)
FNDA:0,(anonymous_5)
FNDA:0,(anonymous_6)
DA:8,0
DA:9,0
DA:10,0
DA:13,0
DA:17,0
DA:18,0
DA:19,0
DA:20,0
DA:24,0
DA:25,0
DA:26,0
DA:27,0
DA:31,0
DA:34,0
DA:35,0
DA:36,0
DA:37,0
DA:38,0
DA:39,0
DA:40,0
DA:41,0
DA:42,0
DA:45,0
DA:46,0
DA:47,0
DA:48,0
DA:51,0
DA:53,0
DA:54,0
DA:55,0
DA:57,0
DA:65,0
DA:69,0
DA:70,0
DA:72,0
DA:73,0
DA:76,0
DA:79,0
DA:82,0
DA:85,0
DA:86,0
DA:87,0
DA:88,0
DA:89,0
DA:90,0
DA:91,0
DA:92,0
DA:93,0
DA:94,0
DA:96,0
DA:97,0
DA:101,0
LF:52
LH:0
BRDA:10,0,0,0
BRDA:10,0,1,0
BRDA:10,1,0,0
BRDA:10,1,1,0
BRDA:18,2,0,0
BRDA:18,2,1,0
BRDA:18,3,0,0
BRDA:18,3,1,0
BRDA:27,4,0,0
BRDA:27,4,1,0
BRDA:46,5,0,0
BRDA:46,5,1,0
BRDA:46,6,0,0
BRDA:46,6,1,0
BRDA:57,7,0,0
BRDA:57,7,1,0
BRDA:57,8,0,0
BRDA:57,8,1,0
BRDA:57,8,2,0
BRDA:57,8,3,0
BRDA:57,8,4,0
BRDA:57,8,5,0
BRDA:57,8,6,0
BRDA:57,8,7,0
BRDA:57,8,8,0
BRDA:69,9,0,0
BRDA:69,9,1,0
BRDA:69,10,0,0
BRDA:69,10,1,0
BRF:29
BRH:0
end_of_record
TN:
SF:src\components\Charts\EquityCurveChart.js
FN:32,(anonymous_0)
FN:35,(anonymous_1)
FN:72,(anonymous_2)
FN:77,(anonymous_3)
FN:124,(anonymous_4)
FN:127,(anonymous_5)
FN:165,(anonymous_6)
FNF:7
FNH:0
FNDA:0,(anonymous_0)
FNDA:0,(anonymous_1)
FNDA:0,(anonymous_2)
FNDA:0,(anonymous_3)
FNDA:0,(anonymous_4)
FNDA:0,(anonymous_5)
FNDA:0,(anonymous_6)
DA:5,0
DA:7,0
DA:8,0
DA:9,0
DA:11,0
DA:12,0
DA:15,0
DA:26,0
DA:28,0
DA:29,0
DA:32,0
DA:33,0
DA:35,0
DA:36,0
DA:37,0
DA:42,0
DA:43,0
DA:57,0
DA:58,0
DA:72,0
DA:73,0
DA:74,0
DA:77,0
DA:79,0
DA:99,0
DA:125,0
DA:128,0
DA:129,0
DA:166,0
DA:183,0
LF:30
LH:0
BRDA:32,0,0,0
BRDA:36,1,0,0
BRDA:36,1,1,0
BRDA:36,2,0,0
BRDA:36,2,1,0
BRDA:42,3,0,0
BRDA:42,3,1,0
BRDA:57,4,0,0
BRDA:57,4,1,0
BRDA:57,5,0,0
BRDA:57,5,1,0
BRF:11
BRH:0
end_of_record
TN:
SF:src\components\Charts\MultiIndicatorChart.js
FN:20,(anonymous_0)
FN:32,(anonymous_1)
FNF:2
FNH:0
FNDA:0,(anonymous_0)
FNDA:0,(anonymous_1)
DA:20,0
DA:21,0
DA:22,0
DA:32,0
DA:38,0
LF:5
LH:0
BRDA:21,0,0,0
BRDA:21,0,1,0
BRDA:21,1,0,0
BRDA:21,1,1,0
BRF:4
BRH:0
end_of_record
TN:
SF:src\components\Charts\SensitivityChart.js
FN:20,(anonymous_0)
FN:26,(anonymous_1)
FN:32,(anonymous_2)
FN:50,(anonymous_3)
FN:98,(anonymous_4)
FN:111,(anonymous_5)
FN:123,(anonymous_6)
FN:167,(anonymous_7)
FN:220,(anonymous_8)
FN:241,(anonymous_9)
FN:242,(anonymous_10)
FN:243,(anonymous_11)
FN:243,(anonymous_12)
FN:250,(anonymous_13)
FN:251,(anonymous_14)
FN:252,(anonymous_15)
FN:259,(anonymous_16)
FN:260,(anonymous_17)
FN:275,(anonymous_18)
FNF:19
FNH:0
FNDA:0,(anonymous_0)
FNDA:0,(anonymous_1)
FNDA:0,(anonymous_2)
FNDA:0,(anonymous_3)
FNDA:0,(anonymous_4)
FNDA:0,(anonymous_5)
FNDA:0,(anonymous_6)
FNDA:0,(anonymous_7)
FNDA:0,(anonymous_8)
FNDA:0,(anonymous_9)
FNDA:0,(anonymous_10)
FNDA:0,(anonymous_11)
FNDA:0,(anonymous_12)
FNDA:0,(anonymous_13)
FNDA:0,(anonymous_14)
FNDA:0,(anonymous_15)
FNDA:0,(anonymous_16)
FNDA:0,(anonymous_17)
FNDA:0,(anonymous_18)
DA:20,0
DA:21,0
DA:22,0
DA:23,0
DA:24,0
DA:26,0
DA:27,0
DA:28,0
DA:32,0
DA:33,0
DA:34,0
DA:35,0
DA:37,0
DA:39,0
DA:40,0
DA:43,0
DA:44,0
DA:46,0
DA:50,0
DA:52,0
DA:95,0
DA:98,0
DA:99,0
DA:100,0
DA:101,0
DA:112,0
DA:120,0
DA:123,0
DA:124,0
DA:125,0
DA:126,0
DA:133,0
DA:136,0
DA:137,0
DA:147,0
DA:148,0
DA:157,0
DA:167,0
DA:221,0
DA:222,0
DA:223,0
DA:224,0
DA:225,0
DA:226,0
DA:227,0
DA:241,0
DA:242,0
DA:243,0
DA:250,0
DA:251,0
DA:252,0
DA:260,0
DA:261,0
DA:276,0
LF:54
LH:0
BRDA:27,0,0,0
BRDA:27,0,1,0
BRDA:37,1,0,0
BRDA:37,1,1,0
BRDA:37,2,0,0
BRDA:37,2,1,0
BRDA:99,3,0,0
BRDA:99,3,1,0
BRDA:99,4,0,0
BRDA:99,4,1,0
BRDA:99,4,2,0
BRDA:124,5,0,0
BRDA:124,5,1,0
BRDA:124,6,0,0
BRDA:124,6,1,0
BRDA:124,6,2,0
BRDA:136,7,0,0
BRDA:136,7,1,0
BRDA:147,8,0,0
BRDA:147,8,1,0
BRDA:179,9,0,0
BRDA:179,9,1,0
BRDA:194,10,0,0
BRDA:194,10,1,0
BRDA:210,11,0,0
BRDA:210,11,1,0
BRDA:221,12,0,0
BRDA:221,12,1,0
BRDA:221,12,2,0
BRDA:221,12,3,0
BRDA:221,12,4,0
BRDA:221,12,5,0
BRDA:261,13,0,0
BRDA:261,13,1,0
BRDA:263,14,0,0
BRDA:263,14,1,0
BRDA:285,15,0,0
BRDA:285,15,1,0
BRDA:286,16,0,0
BRDA:286,16,1,0
BRDA:287,17,0,0
BRDA:287,17,1,0
BRDA:288,18,0,0
BRDA:288,18,1,0
BRF:44
BRH:0
end_of_record
TN:
SF:src\components\Charts\StockChart.js
FN:22,(anonymous_0)
FN:35,(anonymous_1)
FN:39,(anonymous_2)
FN:45,(anonymous_3)
FN:72,(anonymous_4)
FN:76,(anonymous_5)
FN:80,(anonymous_6)
FN:91,(anonymous_7)
FN:97,(anonymous_8)
FN:99,(anonymous_9)
FN:108,(anonymous_10)
FN:129,(anonymous_11)
FN:137,(anonymous_12)
FN:191,(anonymous_13)
FN:206,(anonymous_14)
FN:215,(anonymous_15)
FN:224,(anonymous_16)
FNF:17
FNH:0
FNDA:0,(anonymous_0)
FNDA:0,(anonymous_1)
FNDA:0,(anonymous_2)
FNDA:0,(anonymous_3)
FNDA:0,(anonymous_4)
FNDA:0,(anonymous_5)
FNDA:0,(anonymous_6)
FNDA:0,(anonymous_7)
FNDA:0,(anonymous_8)
FNDA:0,(anonymous_9)
FNDA:0,(anonymous_10)
FNDA:0,(anonymous_11)
FNDA:0,(anonymous_12)
FNDA:0,(anonymous_13)
FNDA:0,(anonymous_14)
FNDA:0,(anonymous_15)
FNDA:0,(anonymous_16)
DA:22,0
DA:23,0
DA:24,0
DA:25,0
DA:26,0
DA:27,0
DA:35,0
DA:36,0
DA:39,0
DA:40,0
DA:41,0
DA:42,0
DA:44,0
DA:45,0
DA:61,0
DA:64,0
DA:65,0
DA:67,0
DA:72,0
DA:73,0
DA:74,0
DA:76,0
DA:77,0
DA:80,0
DA:81,0
DA:82,0
DA:83,0
DA:85,0
DA:86,0
DA:88,0
DA:91,0
DA:92,0
DA:94,0
DA:95,0
DA:97,0
DA:99,0
DA:100,0
DA:102,0
DA:108,0
DA:109,0
DA:111,0
DA:112,0
DA:114,0
DA:115,0
DA:116,0
DA:117,0
DA:119,0
DA:123,0
DA:124,0
DA:125,0
DA:126,0
DA:129,0
DA:130,0
DA:132,0
DA:133,0
DA:134,0
DA:137,0
DA:138,0
DA:139,0
DA:140,0
DA:156,0
DA:159,0
DA:160,0
DA:170,0
DA:171,0
DA:180,0
DA:191,0
DA:206,0
DA:215,0
DA:224,0
LF:70
LH:0
BRDA:22,0,0,0
BRDA:22,1,0,0
BRDA:22,2,0,0
BRDA:22,3,0,0
BRDA:44,4,0,0
BRDA:44,4,1,0
BRDA:44,5,0,0
BRDA:44,5,1,0
BRDA:46,6,0,0
BRDA:46,6,1,0
BRDA:47,7,0,0
BRDA:47,7,1,0
BRDA:52,8,0,0
BRDA:52,8,1,0
BRDA:73,9,0,0
BRDA:73,9,1,0
BRDA:81,10,0,0
BRDA:81,10,1,0
BRDA:92,11,0,0
BRDA:92,11,1,0
BRDA:109,12,0,0
BRDA:109,12,1,0
BRDA:116,13,0,0
BRDA:116,13,1,0
BRDA:130,14,0,0
BRDA:130,14,1,0
BRDA:138,15,0,0
BRDA:138,15,1,0
BRDA:138,16,0,0
BRDA:138,16,1,0
BRDA:138,16,2,0
BRDA:148,17,0,0
BRDA:148,17,1,0
BRDA:149,18,0,0
BRDA:149,18,1,0
BRDA:150,19,0,0
BRDA:150,19,1,0
BRDA:151,20,0,0
BRDA:151,20,1,0
BRDA:159,21,0,0
BRDA:159,21,1,0
BRDA:170,22,0,0
BRDA:170,22,1,0
BRDA:250,23,0,0
BRDA:250,23,1,0
BRDA:270,24,0,0
BRDA:270,24,1,0
BRDA:281,25,0,0
BRDA:281,25,1,0
BRDA:292,26,0,0
BRDA:292,26,1,0
BRDA:297,27,0,0
BRDA:297,27,1,0
BRDA:308,28,0,0
BRDA:308,28,1,0
BRDA:319,29,0,0
BRDA:319,29,1,0
BRDA:346,30,0,0
BRDA:346,30,1,0
BRDA:362,31,0,0
BRDA:362,31,1,0
BRF:61
BRH:0
end_of_record
TN:
SF:src\components\Charts\TechnicalChart.js
FN:23,(anonymous_0)
FN:35,(anonymous_1)
FN:41,(anonymous_2)
FN:253,(anonymous_3)
FNF:4
FNH:0
FNDA:0,(anonymous_0)
FNDA:0,(anonymous_1)
FNDA:0,(anonymous_2)
FNDA:0,(anonymous_3)
DA:23,0
DA:24,0
DA:25,0
DA:35,0
DA:41,0
DA:42,0
DA:44,0
DA:47,0
DA:63,0
DA:78,0
DA:93,0
DA:110,0
DA:124,0
DA:139,0
DA:153,0
DA:168,0
DA:181,0
DA:194,0
DA:208,0
DA:221,0
DA:253,0
DA:254,0
DA:268,0
LF:23
LH:0
BRDA:24,0,0,0
BRDA:24,0,1,0
BRDA:24,1,0,0
BRDA:24,1,1,0
BRDA:42,2,0,0
BRDA:42,2,1,0
BRDA:42,2,2,0
BRDA:42,2,3,0
BRDA:42,2,4,0
BRDA:42,2,5,0
BRDA:42,2,6,0
BRDA:42,2,7,0
BRDA:42,2,8,0
BRDA:42,2,9,0
BRDA:42,2,10,0
BRDA:42,2,11,0
BRDA:42,2,12,0
BRDA:268,3,0,0
BRDA:268,3,1,0
BRF:19
BRH:0
end_of_record
TN:
SF:src\components\Charts\TradingBotChart.js
FN:27,(anonymous_0)
FN:31,(anonymous_1)
FN:42,(anonymous_2)
FN:47,(anonymous_3)
FN:48,(anonymous_4)
FN:115,(anonymous_5)
FN:143,(anonymous_6)
FN:159,(anonymous_7)
FNF:8
FNH:0
FNDA:0,(anonymous_0)
FNDA:0,(anonymous_1)
FNDA:0,(anonymous_2)
FNDA:0,(anonymous_3)
FNDA:0,(anonymous_4)
FNDA:0,(anonymous_5)
FNDA:0,(anonymous_6)
FNDA:0,(anonymous_7)
DA:15,0
DA:27,0
DA:28,0
DA:29,0
DA:31,0
DA:32,0
DA:34,0
DA:37,0
DA:38,0
DA:42,0
DA:43,0
DA:44,0
DA:47,0
DA:48,0
DA:51,0
DA:52,0
DA:53,0
DA:55,0
DA:116,0
DA:117,0
DA:144,0
DA:159,0
DA:160,0
DA:161,0
DA:166,0
LF:25
LH:0
BRDA:27,0,0,0
BRDA:32,1,0,0
BRDA:32,1,1,0
BRDA:32,2,0,0
BRDA:32,2,1,0
BRDA:32,2,2,0
BRDA:37,3,0,0
BRDA:37,3,1,0
BRDA:160,4,0,0
BRDA:160,4,1,0
BRF:10
BRH:0
end_of_record
TN:
SF:src\components\Dashboard\MarketSelector.js
FN:6,(anonymous_0)
FN:9,(anonymous_1)
FN:26,(anonymous_2)
FN:29,(anonymous_3)
FNF:4
FNH:0
FNDA:0,(anonymous_0)
FNDA:0,(anonymous_1)
FNDA:0,(anonymous_2)
FNDA:0,(anonymous_3)
DA:6,0
DA:7,0
DA:9,0
DA:10,0
DA:13,0
DA:27,0
DA:29,0
LF:7
LH:0
BRDA:31,0,0,0
BRDA:31,0,1,0
BRF:2
BRH:0
end_of_record
TN:
SF:src\components\Dashboard\MetricCard.js
FN:4,(anonymous_0)
FN:7,(anonymous_1)
FN:24,(anonymous_2)
FN:39,(anonymous_3)
FN:45,(anonymous_4)
FN:51,(anonymous_5)
FN:60,(anonymous_6)
FN:61,(anonymous_7)
FN:164,(anonymous_8)
FNF:9
FNH:0
FNDA:0,(anonymous_0)
FNDA:0,(anonymous_1)
FNDA:0,(anonymous_2)
FNDA:0,(anonymous_3)
FNDA:0,(anonymous_4)
FNDA:0,(anonymous_5)
FNDA:0,(anonymous_6)
FNDA:0,(anonymous_7)
FNDA:0,(anonymous_8)
DA:4,0
DA:5,0
DA:7,0
DA:8,0
DA:10,0
DA:11,0
DA:12,0
DA:13,0
DA:16,0
DA:17,0
DA:19,0
DA:20,0
DA:21,0
DA:24,0
DA:25,0
DA:26,0
DA:27,0
DA:28,0
DA:31,0
DA:32,0
DA:34,0
DA:35,0
DA:36,0
DA:39,0
DA:40,0
DA:41,0
DA:42,0
DA:45,0
DA:46,0
DA:47,0
DA:48,0
DA:51,0
DA:52,0
DA:53,0
DA:54,0
DA:57,0
DA:60,0
DA:61,0
DA:165,0
LF:39
LH:0
BRDA:4,0,0,0
BRDA:8,1,0,0
BRDA:8,1,1,0
BRDA:8,2,0,0
BRDA:8,2,1,0
BRDA:10,3,0,0
BRDA:10,3,1,0
BRDA:11,4,0,0
BRDA:11,4,1,0
BRDA:12,5,0,0
BRDA:12,5,1,0
BRDA:16,6,0,0
BRDA:16,6,1,0
BRDA:16,6,2,0
BRDA:16,6,3,0
BRDA:17,7,0,0
BRDA:17,7,1,0
BRDA:17,7,2,0
BRDA:17,7,3,0
BRDA:19,8,0,0
BRDA:19,8,1,0
BRDA:20,9,0,0
BRDA:20,9,1,0
BRDA:25,10,0,0
BRDA:25,10,1,0
BRDA:26,11,0,0
BRDA:26,11,1,0
BRDA:27,12,0,0
BRDA:27,12,1,0
BRDA:31,13,0,0
BRDA:31,13,1,0
BRDA:31,13,2,0
BRDA:31,13,3,0
BRDA:32,14,0,0
BRDA:32,14,1,0
BRDA:32,14,2,0
BRDA:32,14,3,0
BRDA:34,15,0,0
BRDA:34,15,1,0
BRDA:35,16,0,0
BRDA:35,16,1,0
BRDA:40,17,0,0
BRDA:40,17,1,0
BRDA:41,18,0,0
BRDA:41,18,1,0
BRDA:46,19,0,0
BRDA:46,19,1,0
BRDA:47,20,0,0
BRDA:47,20,1,0
BRDA:52,21,0,0
BRDA:52,21,1,0
BRDA:53,22,0,0
BRDA:53,22,1,0
BRDA:64,23,0,0
BRDA:64,23,1,0
BRDA:73,24,0,0
BRDA:73,24,1,0
BRDA:75,25,0,0
BRDA:75,25,1,0
BRDA:76,26,0,0
BRDA:76,26,1,0
BRDA:80,27,0,0
BRDA:80,27,1,0
BRDA:81,28,0,0
BRDA:81,28,1,0
BRDA:91,29,0,0
BRDA:91,29,1,0
BRDA:95,30,0,0
BRDA:95,30,1,0
BRDA:101,31,0,0
BRDA:101,31,1,0
BRDA:101,31,2,0
BRDA:104,32,0,0
BRDA:104,32,1,0
BRDA:104,33,0,0
BRDA:104,33,1,0
BRDA:113,34,0,0
BRDA:113,34,1,0
BRDA:114,35,0,0
BRDA:114,35,1,0
BRDA:121,36,0,0
BRDA:121,36,1,0
BRDA:121,36,2,0
BRDA:132,37,0,0
BRDA:132,37,1,0
BRDA:140,38,0,0
BRDA:140,38,1,0
BRDA:140,38,2,0
BRDA:144,39,0,0
BRDA:144,39,1,0
BRDA:145,40,0,0
BRDA:145,40,1,0
BRDA:151,41,0,0
BRDA:151,41,1,0
BRDA:155,42,0,0
BRDA:155,42,1,0
BRDA:155,43,0,0
BRDA:155,43,1,0
BRDA:156,44,0,0
BRDA:156,44,1,0
BRDA:156,45,0,0
BRDA:156,45,1,0
BRDA:168,46,0,0
BRDA:168,46,1,0
BRDA:169,47,0,0
BRDA:169,47,1,0
BRDA:183,48,0,0
BRDA:183,48,1,0
BRF:108
BRH:0
end_of_record
TN:
SF:src\components\Dashboard\QuickActions.js
FN:10,(anonymous_0)
FN:46,(anonymous_1)
FNF:2
FNH:0
FNDA:0,(anonymous_0)
FNDA:0,(anonymous_1)
DA:10,0
DA:11,0
DA:42,0
DA:47,0
DA:48,0
LF:5
LH:0
BRF:0
BRH:0
end_of_record
TN:
SF:src\components\Dashboard\RecentActivity.js
FN:5,(anonymous_0)
FN:9,(anonymous_1)
FN:26,(anonymous_2)
FNF:3
FNH:0
FNDA:0,(anonymous_0)
FNDA:0,(anonymous_1)
FNDA:0,(anonymous_2)
DA:5,0
DA:6,0
DA:9,0
DA:10,0
DA:11,0
DA:13,0
DA:16,0
DA:28,0
DA:29,0
DA:32,0
LF:10
LH:0
BRDA:10,0,0,0
BRDA:10,0,1,0
BRDA:10,1,0,0
BRDA:10,1,1,0
BRDA:10,1,2,0
BRDA:20,2,0,0
BRDA:20,2,1,0
BRDA:28,3,0,0
BRDA:28,3,1,0
BRDA:28,4,0,0
BRDA:28,4,1,0
BRDA:35,5,0,0
BRDA:35,5,1,0
BRDA:36,6,0,0
BRDA:36,6,1,0
BRDA:40,7,0,0
BRDA:40,7,1,0
BRDA:40,8,0,0
BRDA:40,8,1,0
BRDA:43,9,0,0
BRDA:43,9,1,0
BRDA:43,10,0,0
BRDA:43,10,1,0
BRDA:48,11,0,0
BRDA:48,11,1,0
BRF:25
BRH:0
end_of_record
TN:
SF:src\components\Dashboard\StockSearch.js
FN:6,(anonymous_0)
FN:12,(anonymous_1)
FN:17,(anonymous_2)
FN:38,(anonymous_3)
FN:41,(anonymous_4)
FN:51,(anonymous_5)
FN:57,(anonymous_6)
FN:76,(anonymous_7)
FN:77,(anonymous_8)
FN:85,(anonymous_9)
FN:89,(anonymous_10)
FN:106,(anonymous_11)
FN:109,(anonymous_12)
FNF:13
FNH:0
FNDA:0,(anonymous_0)
FNDA:0,(anonymous_1)
FNDA:0,(anonymous_2)
FNDA:0,(anonymous_3)
FNDA:0,(anonymous_4)
FNDA:0,(anonymous_5)
FNDA:0,(anonymous_6)
FNDA:0,(anonymous_7)
FNDA:0,(anonymous_8)
FNDA:0,(anonymous_9)
FNDA:0,(anonymous_10)
FNDA:0,(anonymous_11)
FNDA:0,(anonymous_12)
DA:6,0
DA:7,0
DA:8,0
DA:9,0
DA:12,0
DA:13,0
DA:14,0
DA:17,0
DA:24,0
DA:38,0
DA:39,0
DA:40,0
DA:41,0
DA:42,0
DA:45,0
DA:47,0
DA:51,0
DA:52,0
DA:53,0
DA:54,0
DA:57,0
DA:58,0
DA:59,0
DA:60,0
DA:64,0
DA:76,0
DA:77,0
DA:86,0
DA:89,0
DA:106,0
DA:110,0
LF:31
LH:0
BRDA:8,0,0,0
BRDA:8,0,1,0
BRDA:39,1,0,0
BRDA:39,1,1,0
BRDA:42,2,0,0
BRDA:42,2,1,0
BRDA:59,3,0,0
BRDA:59,3,1,0
BRDA:83,4,0,0
BRDA:83,4,1,0
BRF:10
BRH:0
end_of_record
TN:
SF:src\components\Dashboard\TradingBotWidget.js
FN:13,(anonymous_0)
FN:33,(anonymous_1)
FNF:2
FNH:0
FNDA:0,(anonymous_0)
FNDA:0,(anonymous_1)
DA:13,0
DA:28,0
DA:33,0
DA:34,0
DA:35,0
DA:36,0
DA:38,0
DA:45,0
LF:8
LH:0
BRDA:35,0,0,0
BRDA:35,0,1,0
BRDA:35,1,0,0
BRDA:35,1,1,0
BRDA:50,2,0,0
BRDA:50,2,1,0
BRDA:50,3,0,0
BRDA:50,3,1,0
BRDA:50,4,0,0
BRDA:50,4,1,0
BRDA:54,5,0,0
BRDA:54,5,1,0
BRDA:69,6,0,0
BRDA:69,6,1,0
BRDA:69,7,0,0
BRDA:69,7,1,0
BRDA:74,8,0,0
BRDA:74,8,1,0
BRDA:74,9,0,0
BRDA:74,9,1,0
BRDA:89,10,0,0
BRDA:89,10,1,0
BRDA:107,11,0,0
BRDA:107,11,1,0
BRDA:136,12,0,0
BRDA:136,12,1,0
BRDA:139,13,0,0
BRDA:139,13,1,0
BRDA:146,14,0,0
BRDA:146,14,1,0
BRF:30
BRH:0
end_of_record
TN:
SF:src\components\Investment\InvestmentSettings.js
FN:6,(anonymous_0)
FN:27,(anonymous_1)
FN:31,(anonymous_2)
FN:34,(anonymous_3)
FN:45,(anonymous_4)
FN:71,(anonymous_5)
FN:74,(anonymous_6)
FN:95,(anonymous_7)
FN:102,(anonymous_8)
FN:126,(anonymous_9)
FN:136,(anonymous_10)
FN:155,(anonymous_11)
FN:167,(anonymous_12)
FN:181,(anonymous_13)
FN:186,(anonymous_14)
FN:206,(anonymous_15)
FN:218,(anonymous_16)
FNF:17
FNH:0
FNDA:0,(anonymous_0)
FNDA:0,(anonymous_1)
FNDA:0,(anonymous_2)
FNDA:0,(anonymous_3)
FNDA:0,(anonymous_4)
FNDA:0,(anonymous_5)
FNDA:0,(anonymous_6)
FNDA:0,(anonymous_7)
FNDA:0,(anonymous_8)
FNDA:0,(anonymous_9)
FNDA:0,(anonymous_10)
FNDA:0,(anonymous_11)
FNDA:0,(anonymous_12)
FNDA:0,(anonymous_13)
FNDA:0,(anonymous_14)
FNDA:0,(anonymous_15)
FNDA:0,(anonymous_16)
DA:6,0
DA:7,0
DA:8,0
DA:10,0
DA:16,0
DA:27,0
DA:28,0
DA:31,0
DA:32,0
DA:33,0
DA:34,0
DA:37,0
DA:40,0
DA:45,0
DA:72,0
DA:74,0
DA:96,0
DA:102,0
DA:126,0
DA:136,0
DA:155,0
DA:167,0
DA:182,0
DA:186,0
DA:206,0
DA:218,0
LF:26
LH:0
BRDA:33,0,0,0
BRDA:33,0,1,0
BRDA:54,1,0,0
BRDA:54,1,1,0
BRDA:62,2,0,0
BRDA:62,2,1,0
BRDA:76,3,0,0
BRDA:76,3,1,0
BRDA:126,4,0,0
BRDA:126,4,1,0
BRDA:136,5,0,0
BRDA:136,5,1,0
BRDA:155,6,0,0
BRDA:155,6,1,0
BRDA:167,7,0,0
BRDA:167,7,1,0
BRDA:206,8,0,0
BRDA:206,8,1,0
BRF:18
BRH:0
end_of_record
TN:
SF:src\components\Layout\Header.js
FN:8,(anonymous_0)
FN:17,(anonymous_1)
FN:18,(anonymous_2)
FN:26,(anonymous_3)
FN:30,(anonymous_4)
FN:31,(anonymous_5)
FN:38,(anonymous_6)
FN:52,(anonymous_7)
FN:63,(anonymous_8)
FN:70,(anonymous_9)
FN:123,(anonymous_10)
FN:177,(anonymous_11)
FN:195,(anonymous_12)
FN:205,(anonymous_13)
FN:213,(anonymous_14)
FN:267,(anonymous_15)
FNF:16
FNH:0
FNDA:0,(anonymous_0)
FNDA:0,(anonymous_1)
FNDA:0,(anonymous_2)
FNDA:0,(anonymous_3)
FNDA:0,(anonymous_4)
FNDA:0,(anonymous_5)
FNDA:0,(anonymous_6)
FNDA:0,(anonymous_7)
FNDA:0,(anonymous_8)
FNDA:0,(anonymous_9)
FNDA:0,(anonymous_10)
FNDA:0,(anonymous_11)
FNDA:0,(anonymous_12)
FNDA:0,(anonymous_13)
FNDA:0,(anonymous_14)
FNDA:0,(anonymous_15)
DA:8,0
DA:9,0
DA:10,0
DA:11,0
DA:12,0
DA:13,0
DA:14,0
DA:17,0
DA:18,0
DA:19,0
DA:20,0
DA:21,0
DA:25,0
DA:26,0
DA:30,0
DA:31,0
DA:32,0
DA:33,0
DA:37,0
DA:38,0
DA:41,0
DA:52,0
DA:53,0
DA:54,0
DA:55,0
DA:56,0
DA:58,0
DA:60,0
DA:63,0
DA:64,0
DA:65,0
DA:67,0
DA:70,0
DA:71,0
DA:72,0
DA:74,0
DA:75,0
DA:77,0
DA:80,0
DA:124,0
DA:125,0
DA:177,0
DA:195,0
DA:205,0
DA:213,0
DA:268,0
DA:269,0
LF:47
LH:0
BRDA:20,0,0,0
BRDA:20,0,1,0
BRDA:32,1,0,0
BRDA:32,1,1,0
BRDA:32,2,0,0
BRDA:32,2,1,0
BRDA:64,3,0,0
BRDA:64,3,1,0
BRDA:64,4,0,0
BRDA:64,4,1,0
BRDA:67,5,0,0
BRDA:67,5,1,0
BRDA:67,5,2,0
BRDA:71,6,0,0
BRDA:71,6,1,0
BRDA:71,7,0,0
BRDA:71,7,1,0
BRDA:74,8,0,0
BRDA:74,8,1,0
BRDA:82,9,0,0
BRDA:82,9,1,0
BRDA:93,10,0,0
BRDA:93,10,1,0
BRDA:130,11,0,0
BRDA:130,11,1,0
BRDA:144,12,0,0
BRDA:144,12,1,0
BRDA:165,13,0,0
BRDA:165,13,1,0
BRDA:190,14,0,0
BRDA:190,14,1,0
BRDA:201,15,0,0
BRDA:201,15,1,0
BRDA:238,16,0,0
BRDA:238,16,1,0
BRDA:275,17,0,0
BRDA:275,17,1,0
BRDA:285,18,0,0
BRDA:285,18,1,0
BRDA:293,19,0,0
BRDA:293,19,1,0
BRF:41
BRH:0
end_of_record
TN:
SF:src\components\Layout\Layout.js
FN:5,(anonymous_0)
FN:10,(anonymous_1)
FN:17,(anonymous_2)
FN:23,(anonymous_3)
FNF:4
FNH:0
FNDA:0,(anonymous_0)
FNDA:0,(anonymous_1)
FNDA:0,(anonymous_2)
FNDA:0,(anonymous_3)
DA:5,0
DA:6,0
DA:7,0
DA:10,0
DA:11,0
DA:12,0
DA:14,0
DA:17,0
DA:18,0
DA:23,0
DA:24,0
DA:27,0
LF:12
LH:0
BRDA:11,0,0,0
BRDA:11,0,1,0
BRDA:41,1,0,0
BRDA:41,1,1,0
BRF:4
BRH:0
end_of_record
TN:
SF:src\components\Layout\Sidebar.js
FN:13,(anonymous_0)
FN:17,(anonymous_1)
FN:63,(anonymous_2)
FN:101,(anonymous_3)
FN:117,(anonymous_4)
FN:120,(anonymous_5)
FNF:6
FNH:0
FNDA:0,(anonymous_0)
FNDA:0,(anonymous_1)
FNDA:0,(anonymous_2)
FNDA:0,(anonymous_3)
FNDA:0,(anonymous_4)
FNDA:0,(anonymous_5)
DA:13,0
DA:14,0
DA:15,0
DA:17,0
DA:18,0
DA:20,0
DA:22,0
DA:24,0
DA:26,0
DA:28,0
DA:32,0
DA:43,0
DA:64,0
DA:65,0
DA:67,0
DA:101,0
DA:117,0
DA:121,0
LF:18
LH:0
BRDA:18,0,0,0
BRDA:18,0,1,0
BRDA:18,0,2,0
BRDA:18,0,3,0
BRDA:18,0,4,0
BRDA:73,1,0,0
BRDA:73,1,1,0
BRDA:81,2,0,0
BRDA:81,2,1,0
BRF:9
BRH:0
end_of_record
TN:
SF:src\components\Trading\BotConfiguration.js
FN:14,(anonymous_0)
FN:30,(anonymous_1)
FN:31,(anonymous_2)
FN:38,(anonymous_3)
FN:41,(anonymous_4)
FN:44,(anonymous_5)
FN:76,(anonymous_6)
FN:95,(anonymous_7)
FN:113,(anonymous_8)
FN:130,(anonymous_9)
FN:150,(anonymous_10)
FN:157,(anonymous_11)
FN:176,(anonymous_12)
FN:183,(anonymous_13)
FN:210,(anonymous_14)
FN:231,(anonymous_15)
FN:247,(anonymous_16)
FNF:17
FNH:0
FNDA:0,(anonymous_0)
FNDA:0,(anonymous_1)
FNDA:0,(anonymous_2)
FNDA:0,(anonymous_3)
FNDA:0,(anonymous_4)
FNDA:0,(anonymous_5)
FNDA:0,(anonymous_6)
FNDA:0,(anonymous_7)
FNDA:0,(anonymous_8)
FNDA:0,(anonymous_9)
FNDA:0,(anonymous_10)
FNDA:0,(anonymous_11)
FNDA:0,(anonymous_12)
FNDA:0,(anonymous_13)
FNDA:0,(anonymous_14)
FNDA:0,(anonymous_15)
FNDA:0,(anonymous_16)
DA:14,0
DA:15,0
DA:26,0
DA:28,0
DA:30,0
DA:31,0
DA:35,0
DA:38,0
DA:39,0
DA:40,0
DA:41,0
DA:44,0
DA:45,0
DA:48,0
DA:54,0
DA:61,0
DA:76,0
DA:95,0
DA:113,0
DA:130,0
DA:151,0
DA:157,0
DA:177,0
DA:183,0
DA:210,0
DA:231,0
DA:247,0
LF:27
LH:0
BRDA:16,0,0,0
BRDA:16,0,1,0
BRDA:17,1,0,0
BRDA:17,1,1,0
BRDA:18,2,0,0
BRDA:18,2,1,0
BRDA:19,3,0,0
BRDA:19,3,1,0
BRDA:20,4,0,0
BRDA:20,4,1,0
BRDA:21,5,0,0
BRDA:21,5,1,0
BRDA:22,6,0,0
BRDA:22,6,1,0
BRDA:69,7,0,0
BRDA:69,7,1,0
BRDA:79,8,0,0
BRDA:79,8,1,0
BRDA:84,9,0,0
BRDA:84,9,1,0
BRDA:112,10,0,0
BRDA:112,10,1,0
BRDA:113,11,0,0
BRDA:113,11,1,0
BRDA:265,12,0,0
BRDA:265,12,1,0
BRDA:286,13,0,0
BRDA:286,13,1,0
BRF:28
BRH:0
end_of_record
TN:
SF:src\components\Trading\CurrencySwap.js
FN:6,(anonymous_0)
FN:86,(anonymous_1)
FN:95,(anonymous_2)
FN:102,(anonymous_3)
FN:108,(anonymous_4)
FN:121,(anonymous_5)
FN:126,(anonymous_6)
FN:130,(anonymous_7)
FN:152,(anonymous_8)
FN:155,(anonymous_9)
FN:164,(anonymous_10)
FN:186,(anonymous_11)
FN:189,(anonymous_12)
FN:244,(anonymous_13)
FNF:14
FNH:0
FNDA:0,(anonymous_0)
FNDA:0,(anonymous_1)
FNDA:0,(anonymous_2)
FNDA:0,(anonymous_3)
FNDA:0,(anonymous_4)
FNDA:0,(anonymous_5)
FNDA:0,(anonymous_6)
FNDA:0,(anonymous_7)
FNDA:0,(anonymous_8)
FNDA:0,(anonymous_9)
FNDA:0,(anonymous_10)
FNDA:0,(anonymous_11)
FNDA:0,(anonymous_12)
FNDA:0,(anonymous_13)
DA:6,0
DA:7,0
DA:8,0
DA:9,0
DA:10,0
DA:11,0
DA:12,0
DA:13,0
DA:16,0
DA:75,0
DA:86,0
DA:88,0
DA:89,0
DA:90,0
DA:91,0
DA:95,0
DA:97,0
DA:98,0
DA:99,0
DA:102,0
DA:103,0
DA:105,0
DA:108,0
DA:109,0
DA:110,0
DA:121,0
DA:122,0
DA:126,0
DA:127,0
DA:130,0
DA:132,0
DA:135,0
DA:152,0
DA:156,0
DA:164,0
DA:186,0
DA:190,0
DA:245,0
LF:38
LH:0
BRDA:89,0,0,0
BRDA:89,0,1,0
BRDA:98,1,0,0
BRDA:98,1,1,0
BRDA:103,2,0,0
BRDA:103,2,1,0
BRDA:164,3,0,0
BRDA:164,3,1,0
BRDA:212,4,0,0
BRDA:212,4,1,0
BRDA:222,5,0,0
BRDA:222,5,1,0
BRDA:225,6,0,0
BRDA:225,6,1,0
BRDA:240,7,0,0
BRDA:240,7,1,0
BRF:16
BRH:0
end_of_record
TN:
SF:src\components\Trading\DayTradingPrediction.js
FN:7,(anonymous_0)
FN:15,(anonymous_1)
FN:21,(anonymous_2)
FN:25,(anonymous_3)
FN:63,(anonymous_4)
FN:106,(anonymous_5)
FN:219,(anonymous_6)
FN:230,(anonymous_7)
FN:240,(anonymous_8)
FN:249,(anonymous_9)
FN:307,(anonymous_10)
FN:350,(anonymous_11)
FN:368,(anonymous_12)
FN:398,(anonymous_13)
FN:427,(anonymous_14)
FN:442,(anonymous_15)
FNF:16
FNH:0
FNDA:0,(anonymous_0)
FNDA:0,(anonymous_1)
FNDA:0,(anonymous_2)
FNDA:0,(anonymous_3)
FNDA:0,(anonymous_4)
FNDA:0,(anonymous_5)
FNDA:0,(anonymous_6)
FNDA:0,(anonymous_7)
FNDA:0,(anonymous_8)
FNDA:0,(anonymous_9)
FNDA:0,(anonymous_10)
FNDA:0,(anonymous_11)
FNDA:0,(anonymous_12)
FNDA:0,(anonymous_13)
FNDA:0,(anonymous_14)
FNDA:0,(anonymous_15)
DA:7,0
DA:8,0
DA:9,0
DA:10,0
DA:11,0
DA:12,0
DA:15,0
DA:16,0
DA:17,0
DA:18,0
DA:21,0
DA:22,0
DA:25,0
DA:26,0
DA:27,0
DA:28,0
DA:31,0
DA:32,0
DA:33,0
DA:36,0
DA:38,0
DA:40,0
DA:43,0
DA:63,0
DA:93,0
DA:95,0
DA:98,0
DA:99,0
DA:101,0
DA:106,0
DA:107,0
DA:108,0
DA:109,0
DA:112,0
DA:114,0
DA:115,0
DA:123,0
DA:131,0
DA:139,0
DA:147,0
DA:148,0
DA:156,0
DA:164,0
DA:172,0
DA:182,0
DA:190,0
DA:198,0
DA:206,0
DA:216,0
DA:219,0
DA:221,0
DA:222,0
DA:223,0
DA:230,0
DA:231,0
DA:232,0
DA:240,0
DA:241,0
DA:242,0
DA:243,0
DA:244,0
DA:245,0
DA:249,0
DA:250,0
DA:251,0
DA:252,0
DA:253,0
DA:254,0
DA:258,0
DA:307,0
DA:351,0
DA:369,0
DA:399,0
DA:428,0
DA:443,0
LF:75
LH:0
BRDA:26,0,0,0
BRDA:26,0,1,0
BRDA:26,1,0,0
BRDA:26,1,1,0
BRDA:38,2,0,0
BRDA:38,2,1,0
BRDA:38,3,0,0
BRDA:38,3,1,0
BRDA:40,4,0,0
BRDA:40,4,1,0
BRDA:51,5,0,0
BRDA:51,5,1,0
BRDA:56,6,0,0
BRDA:56,6,1,0
BRDA:56,7,0,0
BRDA:56,7,1,0
BRDA:57,8,0,0
BRDA:57,8,1,0
BRDA:63,9,0,0
BRDA:63,9,1,0
BRDA:70,10,0,0
BRDA:70,10,1,0
BRDA:71,11,0,0
BRDA:71,11,1,0
BRDA:72,12,0,0
BRDA:72,12,1,0
BRDA:75,13,0,0
BRDA:75,13,1,0
BRDA:76,14,0,0
BRDA:76,14,1,0
BRDA:77,15,0,0
BRDA:77,15,1,0
BRDA:82,16,0,0
BRDA:82,16,1,0
BRDA:83,17,0,0
BRDA:83,17,1,0
BRDA:84,18,0,0
BRDA:84,18,1,0
BRDA:88,19,0,0
BRDA:88,19,1,0
BRDA:89,20,0,0
BRDA:89,20,1,0
BRDA:90,21,0,0
BRDA:90,21,1,0
BRDA:107,22,0,0
BRDA:107,22,1,0
BRDA:108,23,0,0
BRDA:108,23,1,0
BRDA:109,24,0,0
BRDA:109,24,1,0
BRDA:114,25,0,0
BRDA:114,25,1,0
BRDA:147,26,0,0
BRDA:147,26,1,0
BRDA:219,27,0,0
BRDA:241,28,0,0
BRDA:241,28,1,0
BRDA:241,28,2,0
BRDA:241,28,3,0
BRDA:250,29,0,0
BRDA:250,29,1,0
BRDA:250,29,2,0
BRDA:250,29,3,0
BRDA:280,30,0,0
BRDA:280,30,1,0
BRDA:280,30,2,0
BRDA:283,31,0,0
BRDA:283,31,1,0
BRDA:289,32,0,0
BRDA:289,32,1,0
BRDA:298,33,0,0
BRDA:298,33,1,0
BRDA:311,34,0,0
BRDA:311,34,1,0
BRDA:321,35,0,0
BRDA:321,35,1,0
BRDA:322,36,0,0
BRDA:322,36,1,0
BRDA:325,37,0,0
BRDA:325,37,1,0
BRDA:327,38,0,0
BRDA:327,38,1,0
BRDA:334,39,0,0
BRDA:334,39,1,0
BRDA:334,40,0,0
BRDA:334,40,1,0
BRDA:341,41,0,0
BRDA:341,41,1,0
BRDA:341,41,2,0
BRDA:350,42,0,0
BRDA:350,42,1,0
BRDA:354,43,0,0
BRDA:354,43,1,0
BRDA:354,44,0,0
BRDA:354,44,1,0
BRDA:357,45,0,0
BRDA:357,45,1,0
BRDA:368,46,0,0
BRDA:368,46,1,0
BRDA:368,46,2,0
BRDA:372,47,0,0
BRDA:372,47,1,0
BRDA:373,48,0,0
BRDA:373,48,1,0
BRDA:375,49,0,0
BRDA:375,49,1,0
BRDA:376,50,0,0
BRDA:376,50,1,0
BRDA:379,51,0,0
BRDA:379,51,1,0
BRDA:380,52,0,0
BRDA:380,52,1,0
BRDA:383,53,0,0
BRDA:383,53,1,0
BRDA:386,54,0,0
BRDA:386,54,1,0
BRDA:386,54,2,0
BRDA:386,54,3,0
BRDA:398,55,0,0
BRDA:398,55,1,0
BRDA:398,55,2,0
BRDA:401,56,0,0
BRDA:401,56,1,0
BRDA:402,57,0,0
BRDA:402,57,1,0
BRDA:403,58,0,0
BRDA:403,58,1,0
BRDA:406,59,0,0
BRDA:406,59,1,0
BRDA:408,60,0,0
BRDA:408,60,1,0
BRDA:412,61,0,0
BRDA:412,61,1,0
BRDA:412,61,2,0
BRDA:412,61,3,0
BRDA:427,62,0,0
BRDA:427,62,1,0
BRDA:427,62,2,0
BRDA:430,63,0,0
BRDA:430,63,1,0
BRDA:430,63,2,0
BRDA:430,63,3,0
BRDA:437,64,0,0
BRDA:437,64,1,0
BRDA:442,65,0,0
BRDA:442,65,1,0
BRDA:442,65,2,0
BRDA:445,66,0,0
BRDA:445,66,1,0
BRDA:445,66,2,0
BRDA:445,66,3,0
BRDA:455,67,0,0
BRDA:455,67,1,0
BRF:153
BRH:0
end_of_record
TN:
SF:src\components\Trading\TradingMonitor.js
FN:13,(anonymous_0)
FN:16,(anonymous_1)
FN:23,(anonymous_2)
FN:30,(anonymous_3)
FN:35,(anonymous_4)
FN:63,(anonymous_5)
FN:68,(anonymous_6)
FN:146,(anonymous_7)
FN:170,(anonymous_8)
FN:291,(anonymous_9)
FNF:10
FNH:0
FNDA:0,(anonymous_0)
FNDA:0,(anonymous_1)
FNDA:0,(anonymous_2)
FNDA:0,(anonymous_3)
FNDA:0,(anonymous_4)
FNDA:0,(anonymous_5)
FNDA:0,(anonymous_6)
FNDA:0,(anonymous_7)
FNDA:0,(anonymous_8)
FNDA:0,(anonymous_9)
DA:13,0
DA:14,0
DA:16,0
DA:17,0
DA:23,0
DA:24,0
DA:25,0
DA:27,0
DA:30,0
DA:31,0
DA:32,0
DA:35,0
DA:36,0
DA:37,0
DA:40,0
DA:47,0
DA:64,0
DA:65,0
DA:68,0
DA:147,0
DA:171,0
DA:292,0
LF:22
LH:0
BRDA:24,0,0,0
BRDA:24,0,1,0
BRDA:24,1,0,0
BRDA:24,1,1,0
BRDA:24,1,2,0
BRDA:27,2,0,0
BRDA:27,2,1,0
BRDA:31,3,0,0
BRDA:31,3,1,0
BRDA:36,4,0,0
BRDA:36,4,1,0
BRDA:70,5,0,0
BRDA:70,5,1,0
BRDA:85,6,0,0
BRDA:85,6,1,0
BRDA:95,7,0,0
BRDA:95,7,1,0
BRDA:106,8,0,0
BRDA:106,8,1,0
BRDA:107,9,0,0
BRDA:107,9,1,0
BRDA:119,10,0,0
BRDA:119,10,1,0
BRDA:131,11,0,0
BRDA:131,11,1,0
BRDA:144,12,0,0
BRDA:144,12,1,0
BRDA:146,13,0,0
BRDA:146,13,1,0
BRDA:150,14,0,0
BRDA:150,14,1,0
BRDA:153,15,0,0
BRDA:153,15,1,0
BRDA:154,16,0,0
BRDA:154,16,1,0
BRDA:155,17,0,0
BRDA:155,17,1,0
BRDA:165,18,0,0
BRDA:165,18,1,0
BRDA:168,19,0,0
BRDA:168,19,1,0
BRDA:168,20,0,0
BRDA:168,20,1,0
BRDA:174,21,0,0
BRDA:174,21,1,0
BRDA:178,22,0,0
BRDA:178,22,1,0
BRDA:178,23,0,0
BRDA:178,23,1,0
BRDA:181,24,0,0
BRDA:181,24,1,0
BRDA:181,25,0,0
BRDA:181,25,1,0
BRDA:186,26,0,0
BRDA:186,26,1,0
BRDA:186,27,0,0
BRDA:186,27,1,0
BRDA:188,28,0,0
BRDA:188,28,1,0
BRDA:203,29,0,0
BRDA:203,29,1,0
BRDA:209,30,0,0
BRDA:209,30,1,0
BRDA:214,31,0,0
BRDA:214,31,1,0
BRDA:215,32,0,0
BRDA:215,32,1,0
BRDA:227,33,0,0
BRDA:227,33,1,0
BRDA:239,34,0,0
BRDA:239,34,1,0
BRDA:254,35,0,0
BRDA:254,35,1,0
BRDA:258,36,0,0
BRDA:258,36,1,0
BRDA:266,37,0,0
BRDA:266,37,1,0
BRDA:273,38,0,0
BRDA:273,38,1,0
BRDA:280,39,0,0
BRDA:280,39,1,0
BRDA:287,40,0,0
BRDA:287,40,1,0
BRDA:287,40,2,0
BRF:84
BRH:0
end_of_record
TN:
SF:src\components\UI\LoadingSpinner.js
FN:3,(anonymous_0)
FNF:1
FNH:0
FNDA:0,(anonymous_0)
DA:3,0
DA:4,0
DA:11,0
LF:3
LH:0
BRDA:3,0,0,0
BRDA:3,1,0,0
BRF:2
BRH:0
end_of_record
TN:
SF:src\contexts\AuthContext.js
FN:26,(anonymous_0)
FN:80,(anonymous_1)
FN:84,(anonymous_2)
FN:88,(anonymous_3)
FN:115,(anonymous_4)
FN:135,(anonymous_5)
FN:156,(anonymous_6)
FN:166,(anonymous_7)
FN:170,(anonymous_8)
FN:185,(anonymous_9)
FN:189,(anonymous_10)
FN:193,(anonymous_11)
FN:197,(anonymous_12)
FN:201,(anonymous_13)
FN:232,(anonymous_14)
FNF:15
FNH:0
FNDA:0,(anonymous_0)
FNDA:0,(anonymous_1)
FNDA:0,(anonymous_2)
FNDA:0,(anonymous_3)
FNDA:0,(anonymous_4)
FNDA:0,(anonymous_5)
FNDA:0,(anonymous_6)
FNDA:0,(anonymous_7)
FNDA:0,(anonymous_8)
FNDA:0,(anonymous_9)
FNDA:0,(anonymous_10)
FNDA:0,(anonymous_11)
FNDA:0,(anonymous_12)
FNDA:0,(anonymous_13)
FNDA:0,(anonymous_14)
DA:5,0
DA:8,0
DA:18,0
DA:26,0
DA:27,0
DA:29,0
DA:36,0
DA:45,0
DA:54,0
DA:63,0
DA:69,0
DA:75,0
DA:80,0
DA:81,0
DA:84,0
DA:85,0
DA:88,0
DA:89,0
DA:90,0
DA:93,0
DA:95,0
DA:97,0
DA:99,0
DA:100,0
DA:101,0
DA:104,0
DA:107,0
DA:110,0
DA:111,0
DA:115,0
DA:116,0
DA:117,0
DA:119,0
DA:121,0
DA:122,0
DA:123,0
DA:125,0
DA:126,0
DA:129,0
DA:130,0
DA:131,0
DA:135,0
DA:136,0
DA:137,0
DA:139,0
DA:141,0
DA:143,0
DA:144,0
DA:146,0
DA:147,0
DA:150,0
DA:151,0
DA:152,0
DA:156,0
DA:157,0
DA:158,0
DA:160,0
DA:162,0
DA:166,0
DA:167,0
DA:170,0
DA:171,0
DA:172,0
DA:173,0
DA:174,0
DA:175,0
DA:177,0
DA:179,0
DA:180,0
DA:185,0
DA:186,0
DA:189,0
DA:190,0
DA:193,0
DA:194,0
DA:197,0
DA:198,0
DA:201,0
DA:202,0
DA:205,0
DA:224,0
DA:232,0
DA:233,0
DA:235,0
DA:236,0
DA:239,0
LF:86
LH:0
BRDA:27,0,0,0
BRDA:27,0,1,0
BRDA:27,0,2,0
BRDA:27,0,3,0
BRDA:27,0,4,0
BRDA:27,0,5,0
BRDA:27,0,6,0
BRDA:95,1,0,0
BRDA:95,1,1,0
BRDA:99,2,0,0
BRDA:99,2,1,0
BRDA:115,3,0,0
BRDA:121,4,0,0
BRDA:121,4,1,0
BRDA:141,5,0,0
BRDA:141,5,1,0
BRDA:156,6,0,0
BRDA:173,7,0,0
BRDA:173,7,1,0
BRDA:194,8,0,0
BRDA:194,8,1,0
BRDA:194,8,2,0
BRDA:235,9,0,0
BRDA:235,9,1,0
BRF:24
BRH:0
end_of_record
TN:
SF:src\hooks\useTradingAccess.js
FN:16,(anonymous_0)
FN:23,(anonymous_1)
FN:24,(anonymous_2)
FN:42,(anonymous_3)
FN:52,(anonymous_4)
FN:75,(anonymous_5)
FN:82,(anonymous_6)
FNF:7
FNH:0
FNDA:0,(anonymous_0)
FNDA:0,(anonymous_1)
FNDA:0,(anonymous_2)
FNDA:0,(anonymous_3)
FNDA:0,(anonymous_4)
FNDA:0,(anonymous_5)
FNDA:0,(anonymous_6)
DA:16,0
DA:17,0
DA:18,0
DA:19,0
DA:20,0
DA:23,0
DA:24,0
DA:25,0
DA:26,0
DA:27,0
DA:28,0
DA:29,0
DA:31,0
DA:32,0
DA:34,0
DA:38,0
DA:42,0
DA:43,0
DA:44,0
DA:45,0
DA:46,0
DA:48,0
DA:52,0
DA:53,0
DA:54,0
DA:56,0
DA:57,0
DA:58,0
DA:59,0
DA:60,0
DA:61,0
DA:63,0
DA:66,0
DA:67,0
DA:68,0
DA:70,0
DA:75,0
DA:76,0
DA:77,0
DA:78,0
DA:82,0
DA:83,0
DA:85,0
DA:86,0
DA:89,0
DA:91,0
DA:92,0
DA:94,0
DA:98,0
LF:49
LH:0
BRDA:43,0,0,0
BRDA:43,0,1,0
BRDA:58,1,0,0
BRDA:58,1,1,0
BRDA:85,2,0,0
BRDA:85,2,1,0
BRDA:91,3,0,0
BRDA:91,3,1,0
BRF:8
BRH:0
end_of_record
TN:
SF:src\hooks\useTradingBot.js
FN:7,(anonymous_0)
FN:36,(anonymous_1)
FN:64,(anonymous_2)
FN:84,(anonymous_3)
FN:103,(anonymous_4)
FN:130,(anonymous_5)
FN:141,(anonymous_6)
FN:152,(anonymous_7)
FN:157,(anonymous_8)
FN:162,(anonymous_9)
FN:178,(anonymous_10)
FN:186,(anonymous_11)
FN:190,(anonymous_12)
FN:197,(anonymous_13)
FN:204,(anonymous_14)
FNF:15
FNH:0
FNDA:0,(anonymous_0)
FNDA:0,(anonymous_1)
FNDA:0,(anonymous_2)
FNDA:0,(anonymous_3)
FNDA:0,(anonymous_4)
FNDA:0,(anonymous_5)
FNDA:0,(anonymous_6)
FNDA:0,(anonymous_7)
FNDA:0,(anonymous_8)
FNDA:0,(anonymous_9)
FNDA:0,(anonymous_10)
FNDA:0,(anonymous_11)
FNDA:0,(anonymous_12)
FNDA:0,(anonymous_13)
FNDA:0,(anonymous_14)
DA:7,0
DA:17,0
DA:20,0
DA:21,0
DA:22,0
DA:23,0
DA:24,0
DA:25,0
DA:26,0
DA:27,0
DA:28,0
DA:29,0
DA:32,0
DA:33,0
DA:36,0
DA:37,0
DA:39,0
DA:40,0
DA:42,0
DA:43,0
DA:44,0
DA:45,0
DA:46,0
DA:47,0
DA:48,0
DA:49,0
DA:50,0
DA:51,0
DA:52,0
DA:53,0
DA:56,0
DA:57,0
DA:58,0
DA:64,0
DA:65,0
DA:66,0
DA:68,0
DA:69,0
DA:70,0
DA:71,0
DA:74,0
DA:76,0
DA:77,0
DA:79,0
DA:84,0
DA:85,0
DA:86,0
DA:88,0
DA:89,0
DA:90,0
DA:93,0
DA:95,0
DA:96,0
DA:98,0
DA:103,0
DA:104,0
DA:105,0
DA:106,0
DA:108,0
DA:109,0
DA:110,0
DA:111,0
DA:112,0
DA:113,0
DA:116,0
DA:117,0
DA:118,0
DA:120,0
DA:121,0
DA:122,0
DA:124,0
DA:125,0
DA:130,0
DA:131,0
DA:132,0
DA:133,0
DA:135,0
DA:136,0
DA:141,0
DA:142,0
DA:143,0
DA:144,0
DA:146,0
DA:147,0
DA:152,0
DA:153,0
DA:157,0
DA:158,0
DA:159,0
DA:162,0
DA:163,0
DA:164,0
DA:165,0
DA:166,0
DA:167,0
DA:168,0
DA:169,0
DA:170,0
DA:171,0
DA:172,0
DA:178,0
DA:179,0
DA:180,0
DA:181,0
DA:186,0
DA:187,0
DA:188,0
DA:190,0
DA:191,0
DA:192,0
DA:197,0
DA:198,0
DA:199,0
DA:201,0
DA:204,0
DA:205,0
DA:210,0
DA:213,0
DA:214,0
DA:215,0
DA:216,0
DA:218,0
LF:122
LH:0
BRDA:7,0,0,0
BRDA:9,1,0,0
BRDA:10,2,0,0
BRDA:11,3,0,0
BRDA:37,4,0,0
BRDA:37,4,1,0
BRDA:42,5,0,0
BRDA:42,5,1,0
BRDA:48,6,0,0
BRDA:48,6,1,0
BRDA:56,7,0,0
BRDA:56,7,1,0
BRDA:64,8,0,0
BRDA:103,9,0,0
BRDA:158,10,0,0
BRDA:158,10,1,0
BRDA:163,11,0,0
BRDA:163,11,1,0
BRDA:167,12,0,0
BRDA:167,12,1,0
BRDA:179,13,0,0
BRDA:179,13,1,0
BRDA:198,14,0,0
BRDA:198,14,1,0
BRDA:198,15,0,0
BRDA:198,15,1,0
BRDA:198,15,2,0
BRDA:250,16,0,0
BRDA:250,16,1,0
BRDA:253,17,0,0
BRDA:253,17,1,0
BRDA:253,18,0,0
BRDA:253,18,1,0
BRDA:254,19,0,0
BRDA:254,19,1,0
BRDA:255,20,0,0
BRDA:255,20,1,0
BRF:37
BRH:0
end_of_record
TN:
SF:src\pages\AIAssistant.js
FN:8,(anonymous_0)
FN:42,(anonymous_1)
FN:46,(anonymous_2)
FN:50,(anonymous_3)
FN:125,(anonymous_4)
FN:135,(anonymous_5)
FN:151,(anonymous_6)
FN:162,(anonymous_7)
FN:246,(anonymous_8)
FN:320,(anonymous_9)
FN:331,(anonymous_10)
FN:369,(anonymous_11)
FN:379,(anonymous_12)
FN:389,(anonymous_13)
FN:440,(anonymous_14)
FN:452,(anonymous_15)
FN:466,(anonymous_16)
FN:474,(anonymous_17)
FN:475,(anonymous_18)
FN:479,(anonymous_19)
FN:479,(anonymous_20)
FN:520,(anonymous_21)
FN:533,(anonymous_22)
FN:535,(anonymous_23)
FN:550,(anonymous_24)
FN:558,(anonymous_25)
FN:559,(anonymous_26)
FN:563,(anonymous_27)
FN:563,(anonymous_28)
FN:607,(anonymous_29)
FN:637,(anonymous_30)
FN:700,(anonymous_31)
FN:722,(anonymous_32)
FN:728,(anonymous_33)
FN:782,(anonymous_34)
FN:975,(anonymous_35)
FN:985,(anonymous_36)
FN:1111,(anonymous_37)
FN:1136,(anonymous_38)
FN:1142,(anonymous_39)
FN:1164,(anonymous_40)
FN:1186,(anonymous_41)
FN:1217,(anonymous_42)
FNF:43
FNH:0
FNDA:0,(anonymous_0)
FNDA:0,(anonymous_1)
FNDA:0,(anonymous_2)
FNDA:0,(anonymous_3)
FNDA:0,(anonymous_4)
FNDA:0,(anonymous_5)
FNDA:0,(anonymous_6)
FNDA:0,(anonymous_7)
FNDA:0,(anonymous_8)
FNDA:0,(anonymous_9)
FNDA:0,(anonymous_10)
FNDA:0,(anonymous_11)
FNDA:0,(anonymous_12)
FNDA:0,(anonymous_13)
FNDA:0,(anonymous_14)
FNDA:0,(anonymous_15)
FNDA:0,(anonymous_16)
FNDA:0,(anonymous_17)
FNDA:0,(anonymous_18)
FNDA:0,(anonymous_19)
FNDA:0,(anonymous_20)
FNDA:0,(anonymous_21)
FNDA:0,(anonymous_22)
FNDA:0,(anonymous_23)
FNDA:0,(anonymous_24)
FNDA:0,(anonymous_25)
FNDA:0,(anonymous_26)
FNDA:0,(anonymous_27)
FNDA:0,(anonymous_28)
FNDA:0,(anonymous_29)
FNDA:0,(anonymous_30)
FNDA:0,(anonymous_31)
FNDA:0,(anonymous_32)
FNDA:0,(anonymous_33)
FNDA:0,(anonymous_34)
FNDA:0,(anonymous_35)
FNDA:0,(anonymous_36)
FNDA:0,(anonymous_37)
FNDA:0,(anonymous_38)
FNDA:0,(anonymous_39)
FNDA:0,(anonymous_40)
FNDA:0,(anonymous_41)
FNDA:0,(anonymous_42)
DA:8,0
DA:9,0
DA:37,0
DA:38,0
DA:39,0
DA:40,0
DA:42,0
DA:43,0
DA:46,0
DA:47,0
DA:50,0
DA:52,0
DA:53,0
DA:54,0
DA:55,0
DA:56,0
DA:58,0
DA:59,0
DA:63,0
DA:75,0
DA:107,0
DA:108,0
DA:109,0
DA:110,0
DA:111,0
DA:112,0
DA:114,0
DA:115,0
DA:116,0
DA:124,0
DA:125,0
DA:126,0
DA:132,0
DA:135,0
DA:136,0
DA:139,0
DA:140,0
DA:141,0
DA:142,0
DA:143,0
DA:144,0
DA:145,0
DA:148,0
DA:151,0
DA:152,0
DA:154,0
DA:155,0
DA:157,0
DA:158,0
DA:162,0
DA:164,0
DA:173,0
DA:174,0
DA:175,0
DA:176,0
DA:178,0
DA:179,0
DA:180,0
DA:181,0
DA:183,0
DA:188,0
DA:189,0
DA:190,0
DA:192,0
DA:193,0
DA:194,0
DA:195,0
DA:198,0
DA:200,0
DA:201,0
DA:202,0
DA:204,0
DA:206,0
DA:209,0
DA:213,0
DA:214,0
DA:215,0
DA:218,0
DA:220,0
DA:221,0
DA:223,0
DA:224,0
DA:225,0
DA:226,0
DA:227,0
DA:228,0
DA:231,0
DA:232,0
DA:233,0
DA:234,0
DA:235,0
DA:236,0
DA:237,0
DA:243,0
DA:246,0
DA:247,0
DA:248,0
DA:251,0
DA:254,0
DA:255,0
DA:258,0
DA:259,0
DA:262,0
DA:265,0
DA:268,0
DA:271,0
DA:274,0
DA:277,0
DA:280,0
DA:283,0
DA:286,0
DA:289,0
DA:292,0
DA:295,0
DA:297,0
DA:299,0
DA:300,0
DA:302,0
DA:303,0
DA:309,0
DA:321,0
DA:323,0
DA:324,0
DA:325,0
DA:331,0
DA:350,0
DA:352,0
DA:353,0
DA:354,0
DA:357,0
DA:358,0
DA:365,0
DA:368,0
DA:369,0
DA:379,0
DA:381,0
DA:390,0
DA:409,0
DA:411,0
DA:413,0
DA:414,0
DA:417,0
DA:420,0
DA:432,0
DA:433,0
DA:434,0
DA:436,0
DA:440,0
DA:452,0
DA:454,0
DA:458,0
DA:467,0
DA:474,0
DA:475,0
DA:479,0
DA:491,0
DA:493,0
DA:494,0
DA:495,0
DA:497,0
DA:500,0
DA:512,0
DA:513,0
DA:514,0
DA:516,0
DA:520,0
DA:532,0
DA:533,0
DA:535,0
DA:538,0
DA:542,0
DA:551,0
DA:558,0
DA:559,0
DA:563,0
DA:575,0
DA:577,0
DA:578,0
DA:579,0
DA:580,0
DA:582,0
DA:607,0
DA:618,0
DA:619,0
DA:621,0
DA:637,0
DA:642,0
DA:644,0
DA:645,0
DA:646,0
DA:647,0
DA:649,0
DA:681,0
DA:682,0
DA:684,0
DA:700,0
DA:705,0
DA:707,0
DA:708,0
DA:710,0
DA:723,0
DA:724,0
DA:729,0
DA:730,0
DA:751,0
DA:753,0
DA:754,0
DA:755,0
DA:757,0
DA:766,0
DA:768,0
DA:783,0
DA:784,0
DA:785,0
DA:786,0
DA:814,0
DA:816,0
DA:817,0
DA:818,0
DA:820,0
DA:874,0
DA:876,0
DA:878,0
DA:917,0
DA:918,0
DA:920,0
DA:953,0
DA:955,0
DA:956,0
DA:957,0
DA:975,0
DA:976,0
DA:978,0
DA:985,0
DA:986,0
DA:987,0
DA:989,0
DA:992,0
DA:993,0
DA:994,0
DA:996,0
DA:998,0
DA:1001,0
DA:1003,0
DA:1004,0
DA:1005,0
DA:1006,0
DA:1007,0
DA:1010,0
DA:1011,0
DA:1014,0
DA:1016,0
DA:1017,0
DA:1020,0
DA:1021,0
DA:1024,0
DA:1026,0
DA:1029,0
DA:1033,0
DA:1034,0
DA:1036,0
DA:1039,0
DA:1040,0
DA:1041,0
DA:1042,0
DA:1046,0
DA:1047,0
DA:1048,0
DA:1049,0
DA:1051,0
DA:1052,0
DA:1053,0
DA:1054,0
DA:1055,0
DA:1056,0
DA:1057,0
DA:1065,0
DA:1067,0
DA:1100,0
DA:1104,0
DA:1111,0
DA:1113,0
DA:1115,0
DA:1136,0
DA:1138,0
DA:1142,0
DA:1143,0
DA:1144,0
DA:1145,0
DA:1149,0
DA:1164,0
DA:1187,0
DA:1217,0
LF:293
LH:0
BRDA:58,0,0,0
BRDA:58,0,1,0
BRDA:58,1,0,0
BRDA:58,1,1,0
BRDA:58,1,2,0
BRDA:58,1,3,0
BRDA:58,1,4,0
BRDA:109,2,0,0
BRDA:109,2,1,0
BRDA:112,3,0,0
BRDA:112,3,1,0
BRDA:112,4,0,0
BRDA:112,4,1,0
BRDA:112,4,2,0
BRDA:115,5,0,0
BRDA:115,5,1,0
BRDA:126,6,0,0
BRDA:126,6,1,0
BRDA:126,6,2,0
BRDA:126,6,3,0
BRDA:126,6,4,0
BRDA:132,7,0,0
BRDA:132,7,1,0
BRDA:136,8,0,0
BRDA:136,8,1,0
BRDA:139,9,0,0
BRDA:139,9,1,0
BRDA:140,10,0,0
BRDA:140,10,1,0
BRDA:141,11,0,0
BRDA:141,11,1,0
BRDA:142,12,0,0
BRDA:142,12,1,0
BRDA:143,13,0,0
BRDA:143,13,1,0
BRDA:144,14,0,0
BRDA:144,14,1,0
BRDA:145,15,0,0
BRDA:145,15,1,0
BRDA:155,16,0,0
BRDA:155,16,1,0
BRDA:175,17,0,0
BRDA:175,17,1,0
BRDA:176,18,0,0
BRDA:176,18,1,0
BRDA:176,19,0,0
BRDA:176,19,1,0
BRDA:176,19,2,0
BRDA:176,19,3,0
BRDA:189,20,0,0
BRDA:189,20,1,0
BRDA:194,21,0,0
BRDA:194,21,1,0
BRDA:198,22,0,0
BRDA:198,22,1,0
BRDA:198,23,0,0
BRDA:198,23,1,0
BRDA:198,23,2,0
BRDA:204,24,0,0
BRDA:204,24,1,0
BRDA:214,25,0,0
BRDA:214,25,1,0
BRDA:218,26,0,0
BRDA:218,26,1,0
BRDA:223,27,0,0
BRDA:223,27,1,0
BRDA:225,28,0,0
BRDA:225,28,1,0
BRDA:227,29,0,0
BRDA:227,29,1,0
BRDA:233,30,0,0
BRDA:233,30,1,0
BRDA:236,31,0,0
BRDA:236,31,1,0
BRDA:246,32,0,0
BRDA:297,33,0,0
BRDA:297,33,1,0
BRDA:297,34,0,0
BRDA:297,34,1,0
BRDA:321,35,0,0
BRDA:321,35,1,0
BRDA:322,36,0,0
BRDA:322,36,1,0
BRDA:334,37,0,0
BRDA:334,37,1,0
BRDA:334,38,0,0
BRDA:334,38,1,0
BRDA:335,39,0,0
BRDA:335,39,1,0
BRDA:335,40,0,0
BRDA:335,40,1,0
BRDA:336,41,0,0
BRDA:336,41,1,0
BRDA:336,42,0,0
BRDA:336,42,1,0
BRDA:341,43,0,0
BRDA:341,43,1,0
BRDA:346,44,0,0
BRDA:346,44,1,0
BRDA:350,45,0,0
BRDA:350,45,1,0
BRDA:353,46,0,0
BRDA:353,46,1,0
BRDA:357,47,0,0
BRDA:357,47,1,0
BRDA:373,48,0,0
BRDA:373,48,1,0
BRDA:374,49,0,0
BRDA:374,49,1,0
BRDA:379,50,0,0
BRDA:379,50,1,0
BRDA:390,51,0,0
BRDA:390,51,1,0
BRDA:390,52,0,0
BRDA:390,52,1,0
BRDA:395,53,0,0
BRDA:395,53,1,0
BRDA:396,54,0,0
BRDA:396,54,1,0
BRDA:409,55,0,0
BRDA:409,55,1,0
BRDA:409,56,0,0
BRDA:409,56,1,0
BRDA:411,57,0,0
BRDA:411,57,1,0
BRDA:413,58,0,0
BRDA:413,58,1,0
BRDA:414,59,0,0
BRDA:414,59,1,0
BRDA:433,60,0,0
BRDA:433,60,1,0
BRDA:433,61,0,0
BRDA:433,61,1,0
BRDA:434,62,0,0
BRDA:434,62,1,0
BRDA:448,63,0,0
BRDA:448,63,1,0
BRDA:448,64,0,0
BRDA:448,64,1,0
BRDA:454,65,0,0
BRDA:454,65,1,0
BRDA:455,66,0,0
BRDA:455,66,1,0
BRDA:467,67,0,0
BRDA:467,67,1,0
BRDA:467,68,0,0
BRDA:467,68,1,0
BRDA:491,69,0,0
BRDA:491,69,1,0
BRDA:491,70,0,0
BRDA:491,70,1,0
BRDA:494,71,0,0
BRDA:494,71,1,0
BRDA:495,72,0,0
BRDA:495,72,1,0
BRDA:513,73,0,0
BRDA:513,73,1,0
BRDA:513,74,0,0
BRDA:513,74,1,0
BRDA:514,75,0,0
BRDA:514,75,1,0
BRDA:528,76,0,0
BRDA:528,76,1,0
BRDA:528,77,0,0
BRDA:528,77,1,0
BRDA:532,78,0,0
BRDA:532,78,1,0
BRDA:532,79,0,0
BRDA:532,79,1,0
BRDA:538,80,0,0
BRDA:538,80,1,0
BRDA:539,81,0,0
BRDA:539,81,1,0
BRDA:551,82,0,0
BRDA:551,82,1,0
BRDA:551,83,0,0
BRDA:551,83,1,0
BRDA:557,84,0,0
BRDA:557,84,1,0
BRDA:557,85,0,0
BRDA:557,85,1,0
BRDA:571,86,0,0
BRDA:571,86,1,0
BRDA:571,87,0,0
BRDA:571,87,1,0
BRDA:575,88,0,0
BRDA:575,88,1,0
BRDA:575,89,0,0
BRDA:575,89,1,0
BRDA:585,90,0,0
BRDA:585,90,1,0
BRDA:639,91,0,0
BRDA:639,91,1,0
BRDA:642,92,0,0
BRDA:642,92,1,0
BRDA:652,93,0,0
BRDA:652,93,1,0
BRDA:663,94,0,0
BRDA:663,94,1,0
BRDA:664,95,0,0
BRDA:664,95,1,0
BRDA:667,96,0,0
BRDA:667,96,1,0
BRDA:668,97,0,0
BRDA:668,97,1,0
BRDA:669,98,0,0
BRDA:669,98,1,0
BRDA:670,99,0,0
BRDA:670,99,1,0
BRDA:673,100,0,0
BRDA:673,100,1,0
BRDA:675,101,0,0
BRDA:675,101,1,0
BRDA:702,102,0,0
BRDA:702,102,1,0
BRDA:705,103,0,0
BRDA:705,103,1,0
BRDA:716,104,0,0
BRDA:716,104,1,0
BRDA:717,105,0,0
BRDA:717,105,1,0
BRDA:719,106,0,0
BRDA:719,106,1,0
BRDA:736,107,0,0
BRDA:736,107,1,0
BRDA:745,108,0,0
BRDA:745,108,1,0
BRDA:746,109,0,0
BRDA:746,109,1,0
BRDA:747,110,0,0
BRDA:747,110,1,0
BRDA:751,111,0,0
BRDA:751,111,1,0
BRDA:754,112,0,0
BRDA:754,112,1,0
BRDA:766,113,0,0
BRDA:766,113,1,0
BRDA:771,114,0,0
BRDA:771,114,1,0
BRDA:771,115,0,0
BRDA:771,115,1,0
BRDA:774,116,0,0
BRDA:774,116,1,0
BRDA:775,117,0,0
BRDA:775,117,1,0
BRDA:776,118,0,0
BRDA:776,118,1,0
BRDA:777,119,0,0
BRDA:777,119,1,0
BRDA:786,120,0,0
BRDA:786,120,1,0
BRDA:792,121,0,0
BRDA:792,121,1,0
BRDA:800,122,0,0
BRDA:800,122,1,0
BRDA:801,123,0,0
BRDA:801,123,1,0
BRDA:802,124,0,0
BRDA:802,124,1,0
BRDA:803,125,0,0
BRDA:803,125,1,0
BRDA:804,126,0,0
BRDA:804,126,1,0
BRDA:810,127,0,0
BRDA:810,127,1,0
BRDA:814,128,0,0
BRDA:814,128,1,0
BRDA:817,129,0,0
BRDA:817,129,1,0
BRDA:826,130,0,0
BRDA:826,130,1,0
BRDA:828,131,0,0
BRDA:828,131,1,0
BRDA:828,132,0,0
BRDA:828,132,1,0
BRDA:829,133,0,0
BRDA:829,133,1,0
BRDA:830,134,0,0
BRDA:830,134,1,0
BRDA:831,135,0,0
BRDA:831,135,1,0
BRDA:835,136,0,0
BRDA:835,136,1,0
BRDA:836,137,0,0
BRDA:836,137,1,0
BRDA:841,138,0,0
BRDA:841,138,1,0
BRDA:846,139,0,0
BRDA:846,139,1,0
BRDA:855,140,0,0
BRDA:855,140,1,0
BRDA:861,141,0,0
BRDA:861,141,1,0
BRDA:862,142,0,0
BRDA:862,142,1,0
BRDA:863,143,0,0
BRDA:863,143,1,0
BRDA:864,144,0,0
BRDA:864,144,1,0
BRDA:874,145,0,0
BRDA:874,145,1,0
BRDA:886,146,0,0
BRDA:886,146,1,0
BRDA:887,147,0,0
BRDA:887,147,1,0
BRDA:888,148,0,0
BRDA:888,148,1,0
BRDA:889,149,0,0
BRDA:889,149,1,0
BRDA:892,150,0,0
BRDA:892,150,1,0
BRDA:893,151,0,0
BRDA:893,151,1,0
BRDA:894,152,0,0
BRDA:894,152,1,0
BRDA:895,153,0,0
BRDA:895,153,1,0
BRDA:959,154,0,0
BRDA:959,154,1,0
BRDA:976,155,0,0
BRDA:976,155,1,0
BRDA:976,156,0,0
BRDA:976,156,1,0
BRDA:996,157,0,0
BRDA:996,157,1,0
BRDA:996,158,0,0
BRDA:996,158,1,0
BRDA:1001,159,0,0
BRDA:1001,159,1,0
BRDA:1004,160,0,0
BRDA:1004,160,1,0
BRDA:1010,161,0,0
BRDA:1010,161,1,0
BRDA:1010,162,0,0
BRDA:1010,162,1,0
BRDA:1014,163,0,0
BRDA:1014,163,1,0
BRDA:1040,164,0,0
BRDA:1040,164,1,0
BRDA:1047,165,0,0
BRDA:1047,165,1,0
BRDA:1049,166,0,0
BRDA:1049,166,1,0
BRDA:1051,167,0,0
BRDA:1051,167,1,0
BRDA:1054,168,0,0
BRDA:1054,168,1,0
BRDA:1065,169,0,0
BRDA:1065,169,1,0
BRDA:1065,170,0,0
BRDA:1065,170,1,0
BRDA:1143,171,0,0
BRDA:1143,171,1,0
BRDA:1143,172,0,0
BRDA:1143,172,1,0
BRDA:1187,173,0,0
BRDA:1187,173,1,0
BRDA:1188,174,0,0
BRDA:1188,174,1,0
BRDA:1192,175,0,0
BRDA:1192,175,1,0
BRDA:1198,176,0,0
BRDA:1198,176,1,0
BRDA:1227,177,0,0
BRDA:1227,177,1,0
BRF:365
BRH:0
end_of_record
TN:
SF:src\pages\AIFeatures.js
FN:17,(anonymous_0)
FN:26,(anonymous_1)
FN:33,(anonymous_2)
FN:39,(anonymous_3)
FN:41,(anonymous_4)
FN:44,(anonymous_5)
FN:52,(anonymous_6)
FN:54,(anonymous_7)
FN:57,(anonymous_8)
FN:65,(anonymous_9)
FN:67,(anonymous_10)
FN:70,(anonymous_11)
FN:114,(anonymous_12)
FN:118,(anonymous_13)
FN:126,(anonymous_14)
FN:144,(anonymous_15)
FN:147,(anonymous_16)
FN:209,(anonymous_17)
FN:251,(anonymous_18)
FN:276,(anonymous_19)
FN:287,(anonymous_20)
FN:337,(anonymous_21)
FN:347,(anonymous_22)
FN:362,(anonymous_23)
FN:380,(anonymous_24)
FNF:25
FNH:0
FNDA:0,(anonymous_0)
FNDA:0,(anonymous_1)
FNDA:0,(anonymous_2)
FNDA:0,(anonymous_3)
FNDA:0,(anonymous_4)
FNDA:0,(anonymous_5)
FNDA:0,(anonymous_6)
FNDA:0,(anonymous_7)
FNDA:0,(anonymous_8)
FNDA:0,(anonymous_9)
FNDA:0,(anonymous_10)
FNDA:0,(anonymous_11)
FNDA:0,(anonymous_12)
FNDA:0,(anonymous_13)
FNDA:0,(anonymous_14)
FNDA:0,(anonymous_15)
FNDA:0,(anonymous_16)
FNDA:0,(anonymous_17)
FNDA:0,(anonymous_18)
FNDA:0,(anonymous_19)
FNDA:0,(anonymous_20)
FNDA:0,(anonymous_21)
FNDA:0,(anonymous_22)
FNDA:0,(anonymous_23)
FNDA:0,(anonymous_24)
DA:17,0
DA:18,0
DA:19,0
DA:20,0
DA:21,0
DA:24,0
DA:26,0
DA:31,0
DA:33,0
DA:38,0
DA:39,0
DA:42,0
DA:45,0
DA:51,0
DA:52,0
DA:55,0
DA:58,0
DA:64,0
DA:65,0
DA:68,0
DA:71,0
DA:76,0
DA:114,0
DA:115,0
DA:118,0
DA:119,0
DA:126,0
DA:127,0
DA:134,0
DA:145,0
DA:147,0
DA:210,0
DA:252,0
DA:276,0
DA:287,0
DA:337,0
DA:347,0
DA:362,0
DA:381,0
LF:39
LH:0
BRDA:149,0,0,0
BRDA:149,0,1,0
BRDA:169,1,0,0
BRDA:169,1,1,0
BRDA:172,2,0,0
BRDA:172,2,1,0
BRDA:180,3,0,0
BRDA:180,3,1,0
BRDA:186,4,0,0
BRDA:186,4,1,0
BRDA:192,5,0,0
BRDA:192,5,1,0
BRDA:199,6,0,0
BRDA:199,6,1,0
BRDA:202,7,0,0
BRDA:202,7,1,0
BRDA:222,8,0,0
BRDA:222,8,1,0
BRDA:226,9,0,0
BRDA:226,9,1,0
BRDA:235,10,0,0
BRDA:235,10,1,0
BRDA:244,11,0,0
BRDA:244,11,1,0
BRDA:247,12,0,0
BRDA:247,12,1,0
BRDA:264,13,0,0
BRDA:264,13,1,0
BRDA:297,14,0,0
BRDA:297,14,1,0
BRDA:302,15,0,0
BRDA:302,15,1,0
BRDA:309,16,0,0
BRDA:309,16,1,0
BRDA:325,17,0,0
BRDA:325,17,1,0
BRDA:373,18,0,0
BRDA:373,18,1,0
BRDA:376,19,0,0
BRDA:376,19,1,0
BRF:40
BRH:0
end_of_record
TN:
SF:src\pages\AgentDashboard.js
FN:16,(anonymous_0)
FN:23,(anonymous_1)
FN:29,(anonymous_2)
FN:48,(anonymous_3)
FN:67,(anonymous_4)
FN:88,(anonymous_5)
FN:116,(anonymous_6)
FN:153,(anonymous_7)
FN:222,(anonymous_8)
FN:257,(anonymous_9)
FN:266,(anonymous_10)
FN:296,(anonymous_11)
FN:305,(anonymous_12)
FN:322,(anonymous_13)
FN:330,(anonymous_14)
FNF:15
FNH:0
FNDA:0,(anonymous_0)
FNDA:0,(anonymous_1)
FNDA:0,(anonymous_2)
FNDA:0,(anonymous_3)
FNDA:0,(anonymous_4)
FNDA:0,(anonymous_5)
FNDA:0,(anonymous_6)
FNDA:0,(anonymous_7)
FNDA:0,(anonymous_8)
FNDA:0,(anonymous_9)
FNDA:0,(anonymous_10)
FNDA:0,(anonymous_11)
FNDA:0,(anonymous_12)
FNDA:0,(anonymous_13)
FNDA:0,(anonymous_14)
DA:16,0
DA:17,0
DA:18,0
DA:19,0
DA:20,0
DA:21,0
DA:23,0
DA:24,0
DA:25,0
DA:26,0
DA:29,0
DA:30,0
DA:31,0
DA:32,0
DA:39,0
DA:40,0
DA:41,0
DA:44,0
DA:48,0
DA:49,0
DA:50,0
DA:51,0
DA:58,0
DA:59,0
DA:60,0
DA:63,0
DA:67,0
DA:68,0
DA:69,0
DA:70,0
DA:77,0
DA:78,0
DA:79,0
DA:82,0
DA:84,0
DA:88,0
DA:89,0
DA:90,0
DA:91,0
DA:93,0
DA:102,0
DA:104,0
DA:105,0
DA:106,0
DA:108,0
DA:111,0
DA:112,0
DA:116,0
DA:117,0
DA:118,0
DA:119,0
DA:127,0
DA:128,0
DA:129,0
DA:130,0
DA:132,0
DA:135,0
DA:136,0
DA:140,0
DA:141,0
DA:148,0
DA:153,0
DA:223,0
DA:257,0
DA:267,0
DA:268,0
DA:269,0
DA:297,0
DA:306,0
DA:322,0
DA:330,0
LF:71
LH:0
BRDA:39,0,0,0
BRDA:39,0,1,0
BRDA:58,1,0,0
BRDA:58,1,1,0
BRDA:77,2,0,0
BRDA:77,2,1,0
BRDA:88,3,0,0
BRDA:102,4,0,0
BRDA:102,4,1,0
BRDA:127,5,0,0
BRDA:127,5,1,0
BRDA:140,6,0,0
BRDA:140,6,1,0
BRDA:170,7,0,0
BRDA:170,7,1,0
BRDA:182,8,0,0
BRDA:182,8,1,0
BRDA:194,9,0,0
BRDA:194,9,1,0
BRDA:206,10,0,0
BRDA:206,10,1,0
BRDA:218,11,0,0
BRDA:218,11,1,0
BRDA:228,12,0,0
BRDA:228,12,1,0
BRDA:229,13,0,0
BRDA:229,13,1,0
BRDA:268,14,0,0
BRDA:268,14,1,0
BRDA:292,15,0,0
BRDA:292,15,1,0
BRDA:305,16,0,0
BRDA:305,16,1,0
BRDA:313,17,0,0
BRDA:313,17,1,0
BRF:35
BRH:0
end_of_record
TN:
SF:src\pages\Analysis.js
FN:23,(anonymous_0)
FN:34,(anonymous_1)
FN:39,(anonymous_2)
FN:97,(anonymous_3)
FN:101,(anonymous_4)
FN:110,(anonymous_5)
FN:114,(anonymous_6)
FN:123,(anonymous_7)
FN:131,(anonymous_8)
FN:137,(anonymous_9)
FN:144,(anonymous_10)
FN:149,(anonymous_11)
FN:155,(anonymous_12)
FN:164,(anonymous_13)
FN:174,(anonymous_14)
FN:222,(anonymous_15)
FN:230,(anonymous_16)
FN:235,(anonymous_17)
FN:256,(anonymous_18)
FN:260,(anonymous_19)
FN:266,(anonymous_20)
FN:300,(anonymous_21)
FN:303,(anonymous_22)
FN:362,(anonymous_23)
FN:367,(anonymous_24)
FN:390,(anonymous_25)
FN:396,(anonymous_26)
FN:406,(anonymous_27)
FN:418,(anonymous_28)
FN:438,(anonymous_29)
FN:445,(anonymous_30)
FNF:31
FNH:0
FNDA:0,(anonymous_0)
FNDA:0,(anonymous_1)
FNDA:0,(anonymous_2)
FNDA:0,(anonymous_3)
FNDA:0,(anonymous_4)
FNDA:0,(anonymous_5)
FNDA:0,(anonymous_6)
FNDA:0,(anonymous_7)
FNDA:0,(anonymous_8)
FNDA:0,(anonymous_9)
FNDA:0,(anonymous_10)
FNDA:0,(anonymous_11)
FNDA:0,(anonymous_12)
FNDA:0,(anonymous_13)
FNDA:0,(anonymous_14)
FNDA:0,(anonymous_15)
FNDA:0,(anonymous_16)
FNDA:0,(anonymous_17)
FNDA:0,(anonymous_18)
FNDA:0,(anonymous_19)
FNDA:0,(anonymous_20)
FNDA:0,(anonymous_21)
FNDA:0,(anonymous_22)
FNDA:0,(anonymous_23)
FNDA:0,(anonymous_24)
FNDA:0,(anonymous_25)
FNDA:0,(anonymous_26)
FNDA:0,(anonymous_27)
FNDA:0,(anonymous_28)
FNDA:0,(anonymous_29)
FNDA:0,(anonymous_30)
DA:23,0
DA:24,0
DA:25,0
DA:26,0
DA:27,0
DA:28,0
DA:29,0
DA:30,0
DA:31,0
DA:34,0
DA:35,0
DA:36,0
DA:38,0
DA:39,0
DA:65,0
DA:67,0
DA:79,0
DA:95,0
DA:97,0
DA:102,0
DA:108,0
DA:110,0
DA:115,0
DA:121,0
DA:123,0
DA:131,0
DA:132,0
DA:133,0
DA:137,0
DA:138,0
DA:139,0
DA:140,0
DA:144,0
DA:145,0
DA:146,0
DA:149,0
DA:150,0
DA:152,0
DA:153,0
DA:155,0
DA:156,0
DA:157,0
DA:161,0
DA:164,0
DA:165,0
DA:166,0
DA:167,0
DA:168,0
DA:169,0
DA:170,0
DA:174,0
DA:175,0
DA:176,0
DA:177,0
DA:178,0
DA:179,0
DA:180,0
DA:184,0
DA:185,0
DA:192,0
DA:222,0
DA:231,0
DA:232,0
DA:235,0
DA:257,0
DA:261,0
DA:262,0
DA:263,0
DA:266,0
DA:301,0
DA:303,0
DA:363,0
DA:364,0
DA:367,0
DA:390,0
DA:396,0
DA:406,0
DA:418,0
DA:438,0
DA:445,0
LF:80
LH:0
BRDA:150,0,0,0
BRDA:150,0,1,0
BRDA:156,1,0,0
BRDA:156,1,1,0
BRDA:156,2,0,0
BRDA:156,2,1,0
BRDA:165,3,0,0
BRDA:165,3,1,0
BRDA:165,3,2,0
BRDA:165,3,3,0
BRDA:165,3,4,0
BRDA:175,4,0,0
BRDA:175,4,1,0
BRDA:175,4,2,0
BRDA:175,4,3,0
BRDA:175,4,4,0
BRDA:184,5,0,0
BRDA:184,5,1,0
BRDA:184,6,0,0
BRDA:184,6,1,0
BRDA:184,6,2,0
BRDA:228,7,0,0
BRDA:228,7,1,0
BRDA:268,8,0,0
BRDA:268,8,1,0
BRDA:305,9,0,0
BRDA:305,9,1,0
BRDA:317,10,0,0
BRDA:317,10,1,0
BRDA:322,11,0,0
BRDA:322,11,1,0
BRDA:328,12,0,0
BRDA:328,12,1,0
BRDA:328,13,0,0
BRDA:328,13,1,0
BRDA:330,14,0,0
BRDA:330,14,1,0
BRDA:331,15,0,0
BRDA:331,15,1,0
BRDA:332,16,0,0
BRDA:332,16,1,0
BRDA:338,17,0,0
BRDA:338,17,1,0
BRDA:344,18,0,0
BRDA:344,18,1,0
BRDA:351,19,0,0
BRDA:351,19,1,0
BRDA:369,20,0,0
BRDA:369,20,1,0
BRDA:390,21,0,0
BRDA:390,21,1,0
BRDA:398,22,0,0
BRDA:398,22,1,0
BRDA:408,23,0,0
BRDA:408,23,1,0
BRDA:423,24,0,0
BRDA:423,24,1,0
BRDA:427,25,0,0
BRDA:427,25,1,0
BRDA:434,26,0,0
BRDA:434,26,1,0
BRDA:436,27,0,0
BRDA:436,27,1,0
BRDA:438,28,0,0
BRDA:438,28,1,0
BRDA:442,29,0,0
BRDA:442,29,1,0
BRDA:445,30,0,0
BRDA:445,30,1,0
BRDA:451,31,0,0
BRDA:451,31,1,0
BRDA:459,32,0,0
BRDA:459,32,1,0
BRDA:460,33,0,0
BRDA:460,33,1,0
BRDA:462,34,0,0
BRDA:462,34,1,0
BRDA:463,35,0,0
BRDA:463,35,1,0
BRDA:466,36,0,0
BRDA:466,36,1,0
BRDA:473,37,0,0
BRDA:473,37,1,0
BRDA:475,38,0,0
BRDA:475,38,1,0
BRDA:478,39,0,0
BRDA:478,39,1,0
BRDA:485,40,0,0
BRDA:485,40,1,0
BRDA:487,41,0,0
BRDA:487,41,1,0
BRDA:490,42,0,0
BRDA:490,42,1,0
BRDA:497,43,0,0
BRDA:497,43,1,0
BRDA:498,44,0,0
BRDA:498,44,1,0
BRDA:500,45,0,0
BRDA:500,45,1,0
BRDA:501,46,0,0
BRDA:501,46,1,0
BRDA:504,47,0,0
BRDA:504,47,1,0
BRDA:511,48,0,0
BRDA:511,48,1,0
BRDA:512,49,0,0
BRDA:512,49,1,0
BRDA:514,50,0,0
BRDA:514,50,1,0
BRDA:515,51,0,0
BRDA:515,51,1,0
BRDA:518,52,0,0
BRDA:518,52,1,0
BRDA:525,53,0,0
BRDA:525,53,1,0
BRDA:527,54,0,0
BRDA:527,54,1,0
BRDA:530,55,0,0
BRDA:530,55,1,0
BRDA:538,56,0,0
BRDA:538,56,1,0
BRDA:538,56,2,0
BRDA:543,57,0,0
BRDA:543,57,1,0
BRDA:544,58,0,0
BRDA:544,58,1,0
BRF:126
BRH:0
end_of_record
TN:
SF:src\pages\Backtest.js
FN:23,(anonymous_0)
FN:138,(anonymous_1)
FN:139,(anonymous_2)
FN:142,(anonymous_3)
FN:149,(anonymous_4)
FN:153,(anonymous_5)
FN:154,(anonymous_6)
FN:160,(anonymous_7)
FN:165,(anonymous_8)
FN:167,(anonymous_9)
FN:172,(anonymous_10)
FN:180,(anonymous_11)
FN:199,(anonymous_12)
FN:209,(anonymous_13)
FN:219,(anonymous_14)
FN:227,(anonymous_15)
FN:252,(anonymous_16)
FN:254,(anonymous_17)
FN:255,(anonymous_18)
FN:256,(anonymous_19)
FN:257,(anonymous_20)
FN:267,(anonymous_21)
FN:271,(anonymous_22)
FN:276,(anonymous_23)
FN:312,(anonymous_24)
FN:321,(anonymous_25)
FN:335,(anonymous_26)
FN:348,(anonymous_27)
FN:353,(anonymous_28)
FN:376,(anonymous_29)
FN:376,(anonymous_30)
FN:384,(anonymous_31)
FN:505,(anonymous_32)
FN:535,(anonymous_33)
FNF:34
FNH:0
FNDA:0,(anonymous_0)
FNDA:0,(anonymous_1)
FNDA:0,(anonymous_2)
FNDA:0,(anonymous_3)
FNDA:0,(anonymous_4)
FNDA:0,(anonymous_5)
FNDA:0,(anonymous_6)
FNDA:0,(anonymous_7)
FNDA:0,(anonymous_8)
FNDA:0,(anonymous_9)
FNDA:0,(anonymous_10)
FNDA:0,(anonymous_11)
FNDA:0,(anonymous_12)
FNDA:0,(anonymous_13)
FNDA:0,(anonymous_14)
FNDA:0,(anonymous_15)
FNDA:0,(anonymous_16)
FNDA:0,(anonymous_17)
FNDA:0,(anonymous_18)
FNDA:0,(anonymous_19)
FNDA:0,(anonymous_20)
FNDA:0,(anonymous_21)
FNDA:0,(anonymous_22)
FNDA:0,(anonymous_23)
FNDA:0,(anonymous_24)
FNDA:0,(anonymous_25)
FNDA:0,(anonymous_26)
FNDA:0,(anonymous_27)
FNDA:0,(anonymous_28)
FNDA:0,(anonymous_29)
FNDA:0,(anonymous_30)
FNDA:0,(anonymous_31)
FNDA:0,(anonymous_32)
FNDA:0,(anonymous_33)
DA:23,0
DA:24,0
DA:25,0
DA:26,0
DA:27,0
DA:28,0
DA:29,0
DA:30,0
DA:33,0
DA:70,0
DA:135,0
DA:138,0
DA:139,0
DA:140,0
DA:141,0
DA:142,0
DA:143,0
DA:145,0
DA:149,0
DA:150,0
DA:153,0
DA:154,0
DA:160,0
DA:161,0
DA:164,0
DA:165,0
DA:168,0
DA:169,0
DA:170,0
DA:173,0
DA:174,0
DA:175,0
DA:180,0
DA:181,0
DA:182,0
DA:183,0
DA:186,0
DA:187,0
DA:196,0
DA:199,0
DA:200,0
DA:201,0
DA:202,0
DA:203,0
DA:204,0
DA:205,0
DA:209,0
DA:210,0
DA:211,0
DA:212,0
DA:213,0
DA:214,0
DA:215,0
DA:219,0
DA:220,0
DA:227,0
DA:228,0
DA:231,0
DA:253,0
DA:254,0
DA:255,0
DA:256,0
DA:257,0
DA:260,0
DA:268,0
DA:272,0
DA:273,0
DA:276,0
DA:312,0
DA:321,0
DA:335,0
DA:349,0
DA:350,0
DA:353,0
DA:376,0
DA:377,0
DA:384,0
DA:505,0
DA:536,0
LF:79
LH:0
BRDA:140,0,0,0
BRDA:140,0,1,0
BRDA:181,1,0,0
BRDA:181,1,1,0
BRDA:181,2,0,0
BRDA:181,2,1,0
BRDA:181,2,2,0
BRDA:181,2,3,0
BRDA:200,3,0,0
BRDA:200,3,1,0
BRDA:200,3,2,0
BRDA:200,3,3,0
BRDA:200,3,4,0
BRDA:210,4,0,0
BRDA:210,4,1,0
BRDA:210,4,2,0
BRDA:210,4,3,0
BRDA:210,4,4,0
BRDA:254,5,0,0
BRDA:254,5,1,0
BRDA:254,5,2,0
BRDA:254,5,3,0
BRDA:254,5,4,0
BRDA:278,6,0,0
BRDA:278,6,1,0
BRDA:355,7,0,0
BRDA:355,7,1,0
BRDA:372,8,0,0
BRDA:372,8,1,0
BRDA:383,9,0,0
BRDA:383,9,1,0
BRDA:387,10,0,0
BRDA:387,10,1,0
BRDA:402,11,0,0
BRDA:402,11,1,0
BRDA:407,12,0,0
BRDA:407,12,1,0
BRDA:424,13,0,0
BRDA:424,13,1,0
BRDA:443,14,0,0
BRDA:443,14,1,0
BRDA:463,15,0,0
BRDA:463,15,1,0
BRDA:476,16,0,0
BRDA:476,16,1,0
BRDA:482,17,0,0
BRDA:482,17,1,0
BRDA:488,18,0,0
BRDA:488,18,1,0
BRDA:494,19,0,0
BRDA:494,19,1,0
BRDA:510,20,0,0
BRDA:510,20,1,0
BRDA:510,20,2,0
BRDA:542,21,0,0
BRDA:542,21,1,0
BRDA:556,22,0,0
BRDA:556,22,1,0
BRDA:558,23,0,0
BRDA:558,23,1,0
BRF:60
BRH:0
end_of_record
TN:
SF:src\pages\CreateCustomer.js
FN:6,(anonymous_0)
FN:24,(anonymous_1)
FN:26,(anonymous_2)
FN:32,(anonymous_3)
FN:39,(anonymous_4)
FN:69,(anonymous_5)
FN:118,(anonymous_6)
FN:331,(anonymous_7)
FNF:8
FNH:0
FNDA:0,(anonymous_0)
FNDA:0,(anonymous_1)
FNDA:0,(anonymous_2)
FNDA:0,(anonymous_3)
FNDA:0,(anonymous_4)
FNDA:0,(anonymous_5)
FNDA:0,(anonymous_6)
FNDA:0,(anonymous_7)
DA:6,0
DA:7,0
DA:21,0
DA:22,0
DA:24,0
DA:25,0
DA:26,0
DA:31,0
DA:32,0
DA:39,0
DA:40,0
DA:42,0
DA:43,0
DA:45,0
DA:46,0
DA:48,0
DA:49,0
DA:51,0
DA:52,0
DA:55,0
DA:56,0
DA:58,0
DA:59,0
DA:60,0
DA:61,0
DA:64,0
DA:66,0
DA:69,0
DA:70,0
DA:72,0
DA:73,0
DA:74,0
DA:75,0
DA:78,0
DA:79,0
DA:81,0
DA:82,0
DA:83,0
DA:95,0
DA:97,0
DA:98,0
DA:100,0
DA:102,0
DA:105,0
DA:106,0
DA:108,0
DA:112,0
DA:118,0
DA:331,0
LF:49
LH:0
BRDA:31,0,0,0
BRDA:31,0,1,0
BRDA:42,1,0,0
BRDA:42,1,1,0
BRDA:43,2,0,0
BRDA:43,2,1,0
BRDA:45,3,0,0
BRDA:45,3,1,0
BRDA:46,4,0,0
BRDA:46,4,1,0
BRDA:48,5,0,0
BRDA:48,5,1,0
BRDA:49,6,0,0
BRDA:49,6,1,0
BRDA:51,7,0,0
BRDA:51,7,1,0
BRDA:55,8,0,0
BRDA:55,8,1,0
BRDA:56,9,0,0
BRDA:56,9,1,0
BRDA:58,10,0,0
BRDA:58,10,1,0
BRDA:60,11,0,0
BRDA:60,11,1,0
BRDA:60,12,0,0
BRDA:60,12,1,0
BRDA:64,13,0,0
BRDA:64,13,1,0
BRDA:73,14,0,0
BRDA:73,14,1,0
BRDA:97,15,0,0
BRDA:97,15,1,0
BRDA:102,16,0,0
BRDA:102,16,1,0
BRDA:151,17,0,0
BRDA:151,17,1,0
BRDA:166,18,0,0
BRDA:166,18,1,0
BRDA:184,19,0,0
BRDA:184,19,1,0
BRDA:199,20,0,0
BRDA:199,20,1,0
BRDA:217,21,0,0
BRDA:217,21,1,0
BRDA:232,22,0,0
BRDA:232,22,1,0
BRDA:252,23,0,0
BRDA:252,23,1,0
BRDA:301,24,0,0
BRDA:301,24,1,0
BRDA:320,25,0,0
BRDA:320,25,1,0
BRDA:340,26,0,0
BRDA:340,26,1,0
BRF:54
BRH:0
end_of_record
TN:
SF:src\pages\Dashboard.js
FN:18,(anonymous_0)
FN:23,(anonymous_1)
FN:29,(anonymous_2)
FN:35,(anonymous_3)
FNF:4
FNH:0
FNDA:0,(anonymous_0)
FNDA:0,(anonymous_1)
FNDA:0,(anonymous_2)
FNDA:0,(anonymous_3)
DA:18,0
DA:19,0
DA:21,0
DA:23,0
DA:27,0
DA:29,0
DA:33,0
DA:35,0
DA:39,0
DA:40,0
DA:47,0
DA:48,0
DA:49,0
DA:50,0
DA:52,0
LF:15
LH:0
BRDA:39,0,0,0
BRDA:39,0,1,0
BRDA:39,1,0,0
BRDA:39,1,1,0
BRDA:39,1,2,0
BRDA:47,2,0,0
BRDA:47,2,1,0
BRDA:48,3,0,0
BRDA:48,3,1,0
BRDA:49,4,0,0
BRDA:49,4,1,0
BRDA:50,5,0,0
BRDA:50,5,1,0
BRDA:62,6,0,0
BRDA:62,6,1,0
BRDA:64,7,0,0
BRDA:64,7,1,0
BRDA:88,8,0,0
BRDA:88,8,1,0
BRDA:99,9,0,0
BRDA:99,9,1,0
BRDA:103,10,0,0
BRDA:103,10,1,0
BRDA:115,11,0,0
BRDA:115,11,1,0
BRDA:154,12,0,0
BRDA:154,12,1,0
BRDA:154,12,2,0
BRDA:166,13,0,0
BRDA:166,13,1,0
BRDA:167,14,0,0
BRDA:167,14,1,0
BRDA:180,15,0,0
BRDA:180,15,1,0
BRDA:181,16,0,0
BRDA:181,16,1,0
BRDA:193,17,0,0
BRDA:193,17,1,0
BRDA:198,18,0,0
BRDA:198,18,1,0
BRDA:208,19,0,0
BRDA:208,19,1,0
BRDA:212,20,0,0
BRDA:212,20,1,0
BRDA:216,21,0,0
BRDA:216,21,1,0
BRDA:221,22,0,0
BRDA:221,22,1,0
BRDA:221,23,0,0
BRDA:221,23,1,0
BRDA:223,24,0,0
BRDA:223,24,1,0
BRDA:233,25,0,0
BRDA:233,25,1,0
BRDA:238,26,0,0
BRDA:238,26,1,0
BRDA:297,27,0,0
BRDA:297,27,1,0
BRDA:297,27,2,0
BRDA:306,28,0,0
BRDA:306,28,1,0
BRDA:307,29,0,0
BRDA:307,29,1,0
BRF:63
BRH:0
end_of_record
TN:
SF:src\pages\EnhancedAIAssistant.js
FN:9,(anonymous_0)
FN:75,(anonymous_1)
FN:79,(anonymous_2)
FN:84,(anonymous_3)
FN:159,(anonymous_4)
FN:169,(anonymous_5)
FN:185,(anonymous_6)
FN:196,(anonymous_7)
FN:281,(anonymous_8)
FN:342,(anonymous_9)
FN:359,(anonymous_10)
FN:400,(anonymous_11)
FN:410,(anonymous_12)
FN:470,(anonymous_13)
FN:512,(anonymous_14)
FN:518,(anonymous_15)
FN:565,(anonymous_16)
FN:609,(anonymous_17)
FN:615,(anonymous_18)
FN:622,(anonymous_19)
FN:623,(anonymous_20)
FN:626,(anonymous_21)
FN:734,(anonymous_22)
FN:756,(anonymous_23)
FN:793,(anonymous_24)
FNF:25
FNH:0
FNDA:0,(anonymous_0)
FNDA:0,(anonymous_1)
FNDA:0,(anonymous_2)
FNDA:0,(anonymous_3)
FNDA:0,(anonymous_4)
FNDA:0,(anonymous_5)
FNDA:0,(anonymous_6)
FNDA:0,(anonymous_7)
FNDA:0,(anonymous_8)
FNDA:0,(anonymous_9)
FNDA:0,(anonymous_10)
FNDA:0,(anonymous_11)
FNDA:0,(anonymous_12)
FNDA:0,(anonymous_13)
FNDA:0,(anonymous_14)
FNDA:0,(anonymous_15)
FNDA:0,(anonymous_16)
FNDA:0,(anonymous_17)
FNDA:0,(anonymous_18)
FNDA:0,(anonymous_19)
FNDA:0,(anonymous_20)
FNDA:0,(anonymous_21)
FNDA:0,(anonymous_22)
FNDA:0,(anonymous_23)
FNDA:0,(anonymous_24)
DA:9,0
DA:10,0
DA:69,0
DA:70,0
DA:71,0
DA:72,0
DA:73,0
DA:75,0
DA:76,0
DA:79,0
DA:80,0
DA:84,0
DA:86,0
DA:87,0
DA:88,0
DA:89,0
DA:90,0
DA:92,0
DA:93,0
DA:97,0
DA:109,0
DA:141,0
DA:142,0
DA:143,0
DA:144,0
DA:145,0
DA:146,0
DA:148,0
DA:149,0
DA:150,0
DA:158,0
DA:159,0
DA:160,0
DA:166,0
DA:169,0
DA:170,0
DA:173,0
DA:174,0
DA:175,0
DA:176,0
DA:177,0
DA:178,0
DA:179,0
DA:182,0
DA:185,0
DA:186,0
DA:188,0
DA:189,0
DA:191,0
DA:192,0
DA:196,0
DA:198,0
DA:207,0
DA:208,0
DA:209,0
DA:210,0
DA:212,0
DA:213,0
DA:214,0
DA:215,0
DA:217,0
DA:222,0
DA:223,0
DA:224,0
DA:226,0
DA:227,0
DA:228,0
DA:229,0
DA:232,0
DA:234,0
DA:235,0
DA:236,0
DA:238,0
DA:240,0
DA:243,0
DA:247,0
DA:248,0
DA:249,0
DA:252,0
DA:254,0
DA:255,0
DA:257,0
DA:258,0
DA:259,0
DA:260,0
DA:261,0
DA:262,0
DA:265,0
DA:266,0
DA:267,0
DA:268,0
DA:269,0
DA:270,0
DA:271,0
DA:277,0
DA:281,0
DA:282,0
DA:283,0
DA:286,0
DA:288,0
DA:302,0
DA:305,0
DA:307,0
DA:310,0
DA:314,0
DA:317,0
DA:319,0
DA:322,0
DA:323,0
DA:325,0
DA:342,0
DA:359,0
DA:362,0
DA:364,0
DA:365,0
DA:383,0
DA:400,0
DA:401,0
DA:403,0
DA:410,0
DA:411,0
DA:412,0
DA:414,0
DA:416,0
DA:417,0
DA:419,0
DA:422,0
DA:423,0
DA:424,0
DA:425,0
DA:429,0
DA:430,0
DA:431,0
DA:432,0
DA:434,0
DA:435,0
DA:436,0
DA:437,0
DA:438,0
DA:439,0
DA:440,0
DA:449,0
DA:451,0
DA:452,0
DA:454,0
DA:470,0
DA:488,0
DA:489,0
DA:492,0
DA:493,0
DA:496,0
DA:497,0
DA:513,0
DA:514,0
DA:518,0
DA:523,0
DA:540,0
DA:558,0
DA:565,0
DA:567,0
DA:569,0
DA:609,0
DA:611,0
DA:615,0
DA:616,0
DA:617,0
DA:618,0
DA:622,0
DA:623,0
DA:626,0
DA:627,0
DA:688,0
DA:689,0
DA:693,0
DA:734,0
DA:757,0
DA:793,0
LF:177
LH:0
BRDA:92,0,0,0
BRDA:92,0,1,0
BRDA:92,1,0,0
BRDA:92,1,1,0
BRDA:92,1,2,0
BRDA:92,1,3,0
BRDA:92,1,4,0
BRDA:143,2,0,0
BRDA:143,2,1,0
BRDA:146,3,0,0
BRDA:146,3,1,0
BRDA:146,4,0,0
BRDA:146,4,1,0
BRDA:146,4,2,0
BRDA:149,5,0,0
BRDA:149,5,1,0
BRDA:160,6,0,0
BRDA:160,6,1,0
BRDA:160,6,2,0
BRDA:160,6,3,0
BRDA:160,6,4,0
BRDA:166,7,0,0
BRDA:166,7,1,0
BRDA:170,8,0,0
BRDA:170,8,1,0
BRDA:173,9,0,0
BRDA:173,9,1,0
BRDA:174,10,0,0
BRDA:174,10,1,0
BRDA:175,11,0,0
BRDA:175,11,1,0
BRDA:176,12,0,0
BRDA:176,12,1,0
BRDA:177,13,0,0
BRDA:177,13,1,0
BRDA:178,14,0,0
BRDA:178,14,1,0
BRDA:179,15,0,0
BRDA:179,15,1,0
BRDA:189,16,0,0
BRDA:189,16,1,0
BRDA:209,17,0,0
BRDA:209,17,1,0
BRDA:210,18,0,0
BRDA:210,18,1,0
BRDA:210,19,0,0
BRDA:210,19,1,0
BRDA:210,19,2,0
BRDA:210,19,3,0
BRDA:223,20,0,0
BRDA:223,20,1,0
BRDA:228,21,0,0
BRDA:228,21,1,0
BRDA:232,22,0,0
BRDA:232,22,1,0
BRDA:232,23,0,0
BRDA:232,23,1,0
BRDA:232,23,2,0
BRDA:238,24,0,0
BRDA:238,24,1,0
BRDA:248,25,0,0
BRDA:248,25,1,0
BRDA:252,26,0,0
BRDA:252,26,1,0
BRDA:257,27,0,0
BRDA:257,27,1,0
BRDA:259,28,0,0
BRDA:259,28,1,0
BRDA:261,29,0,0
BRDA:261,29,1,0
BRDA:267,30,0,0
BRDA:267,30,1,0
BRDA:270,31,0,0
BRDA:270,31,1,0
BRDA:281,32,0,0
BRDA:286,33,0,0
BRDA:286,33,1,0
BRDA:289,34,0,0
BRDA:289,34,1,0
BRDA:292,35,0,0
BRDA:292,35,1,0
BRDA:331,36,0,0
BRDA:331,36,1,0
BRDA:333,37,0,0
BRDA:333,37,1,0
BRDA:364,38,0,0
BRDA:364,38,1,0
BRDA:371,39,0,0
BRDA:371,39,1,0
BRDA:401,40,0,0
BRDA:401,40,1,0
BRDA:401,41,0,0
BRDA:401,41,1,0
BRDA:423,42,0,0
BRDA:423,42,1,0
BRDA:430,43,0,0
BRDA:430,43,1,0
BRDA:432,44,0,0
BRDA:432,44,1,0
BRDA:434,45,0,0
BRDA:434,45,1,0
BRDA:437,46,0,0
BRDA:437,46,1,0
BRDA:449,47,0,0
BRDA:449,47,1,0
BRDA:449,48,0,0
BRDA:449,48,1,0
BRDA:492,49,0,0
BRDA:492,49,1,0
BRDA:492,50,0,0
BRDA:492,50,1,0
BRDA:492,50,2,0
BRDA:496,51,0,0
BRDA:496,51,1,0
BRDA:496,52,0,0
BRDA:496,52,1,0
BRDA:513,53,0,0
BRDA:513,53,1,0
BRDA:513,54,0,0
BRDA:513,54,1,0
BRDA:513,55,0,0
BRDA:513,55,1,0
BRDA:513,56,0,0
BRDA:513,56,1,0
BRDA:577,57,0,0
BRDA:577,57,1,0
BRDA:616,58,0,0
BRDA:616,58,1,0
BRDA:616,59,0,0
BRDA:616,59,1,0
BRDA:623,60,0,0
BRDA:623,60,1,0
BRDA:688,61,0,0
BRDA:688,61,1,0
BRDA:712,62,0,0
BRDA:712,62,1,0
BRDA:717,63,0,0
BRDA:717,63,1,0
BRDA:757,64,0,0
BRDA:757,64,1,0
BRDA:759,65,0,0
BRDA:759,65,1,0
BRDA:766,66,0,0
BRDA:766,66,1,0
BRDA:772,67,0,0
BRDA:772,67,1,0
BRDA:778,68,0,0
BRDA:778,68,1,0
BRDA:795,69,0,0
BRDA:795,69,1,0
BRDA:803,70,0,0
BRDA:803,70,1,0
BRF:152
BRH:0
end_of_record
TN:
SF:src\pages\EnhancedPortfolio.js
FN:24,(anonymous_0)
FN:56,(anonymous_1)
FN:59,(anonymous_2)
FN:69,(anonymous_3)
FN:79,(anonymous_4)
FN:88,(anonymous_5)
FN:92,(anonymous_6)
FN:96,(anonymous_7)
FN:104,(anonymous_8)
FN:106,(anonymous_9)
FN:110,(anonymous_10)
FN:118,(anonymous_11)
FN:120,(anonymous_12)
FN:126,(anonymous_13)
FN:134,(anonymous_14)
FN:136,(anonymous_15)
FN:142,(anonymous_16)
FN:150,(anonymous_17)
FN:154,(anonymous_18)
FN:161,(anonymous_19)
FN:169,(anonymous_20)
FN:173,(anonymous_21)
FN:180,(anonymous_22)
FN:187,(anonymous_23)
FN:192,(anonymous_24)
FN:196,(anonymous_25)
FN:205,(anonymous_26)
FN:214,(anonymous_27)
FN:223,(anonymous_28)
FN:232,(anonymous_29)
FN:242,(anonymous_30)
FN:379,(anonymous_31)
FN:411,(anonymous_32)
FN:418,(anonymous_33)
FN:440,(anonymous_34)
FN:447,(anonymous_35)
FN:467,(anonymous_36)
FN:479,(anonymous_37)
FN:493,(anonymous_38)
FN:552,(anonymous_39)
FN:570,(anonymous_40)
FN:605,(anonymous_41)
FN:644,(anonymous_42)
FN:653,(anonymous_43)
FNF:44
FNH:0
FNDA:0,(anonymous_0)
FNDA:0,(anonymous_1)
FNDA:0,(anonymous_2)
FNDA:0,(anonymous_3)
FNDA:0,(anonymous_4)
FNDA:0,(anonymous_5)
FNDA:0,(anonymous_6)
FNDA:0,(anonymous_7)
[...]
BRDA:342,28,1,0
BRDA:346,29,0,0
BRDA:346,29,1,0
BRDA:346,30,0,0
BRDA:346,30,1,0
BRDA:346,30,2,0
BRDA:351,31,0,0
BRDA:351,31,1,0
BRDA:351,32,0,0
BRDA:351,32,1,0
BRDA:356,33,0,0
BRDA:356,33,1,0
BRDA:356,34,0,0
BRDA:356,34,1,0
BRF:67
BRH:0
end_of_record
TN:
SF:src\services\api.js
FN:14,(anonymous_0)
FN:18,(anonymous_1)
FN:25,(anonymous_2)
FN:29,(anonymous_3)
FN:99,(anonymous_4)
FN:115,(anonymous_5)
FN:131,(anonymous_6)
FN:145,(anonymous_7)
FN:149,(anonymous_8)
FN:153,(anonymous_9)
FN:174,(anonymous_10)
FN:175,(anonymous_11)
FN:176,(anonymous_12)
FN:177,(anonymous_13)
FN:178,(anonymous_14)
FN:179,(anonymous_15)
FN:180,(anonymous_16)
FN:189,(anonymous_17)
FN:203,(anonymous_18)
FN:217,(anonymous_19)
FN:234,(anonymous_20)
FN:246,(anonymous_21)
FN:256,(anonymous_22)
FN:267,(anonymous_23)
FN:288,(anonymous_24)
FN:310,(anonymous_25)
FN:328,(anonymous_26)
FN:346,(anonymous_27)
FN:357,(anonymous_28)
FN:368,(anonymous_29)
FN:379,(anonymous_30)
FN:391,(anonymous_31)
FN:401,(anonymous_32)
FN:413,(anonymous_33)
FN:425,(anonymous_34)
FN:437,(anonymous_35)
FN:451,(anonymous_36)
FN:465,(anonymous_37)
FN:475,(anonymous_38)
FN:485,(anonymous_39)
FN:495,(anonymous_40)
FN:508,(anonymous_41)
FN:527,(anonymous_42)
FN:543,(anonymous_43)
FN:556,(anonymous_44)
FN:569,(anonymous_45)
FN:584,(anonymous_46)
FN:597,(anonymous_47)
FNF:48
FNH:0
FNDA:0,(anonymous_0)
FNDA:0,(anonymous_1)
FNDA:0,(anonymous_2)
FNDA:0,(anonymous_3)
FNDA:0,(anonymous_4)
FNDA:0,(anonymous_5)
FNDA:0,(anonymous_6)
FNDA:0,(anonymous_7)
FNDA:0,(anonymous_8)
FNDA:0,(anonymous_9)
FNDA:0,(anonymous_10)
FNDA:0,(anonymous_11)
FNDA:0,(anonymous_12)
FNDA:0,(anonymous_13)
FNDA:0,(anonymous_14)
FNDA:0,(anonymous_15)
FNDA:0,(anonymous_16)
FNDA:0,(anonymous_17)
FNDA:0,(anonymous_18)
FNDA:0,(anonymous_19)
FNDA:0,(anonymous_20)
FNDA:0,(anonymous_21)
FNDA:0,(anonymous_22)
FNDA:0,(anonymous_23)
FNDA:0,(anonymous_24)
FNDA:0,(anonymous_25)
FNDA:0,(anonymous_26)
FNDA:0,(anonymous_27)
FNDA:0,(anonymous_28)
FNDA:0,(anonymous_29)
FNDA:0,(anonymous_30)
FNDA:0,(anonymous_31)
FNDA:0,(anonymous_32)
FNDA:0,(anonymous_33)
FNDA:0,(anonymous_34)
FNDA:0,(anonymous_35)
FNDA:0,(anonymous_36)
FNDA:0,(anonymous_37)
FNDA:0,(anonymous_38)
FNDA:0,(anonymous_39)
FNDA:0,(anonymous_40)
FNDA:0,(anonymous_41)
FNDA:0,(anonymous_42)
FNDA:0,(anonymous_43)
FNDA:0,(anonymous_44)
FNDA:0,(anonymous_45)
FNDA:0,(anonymous_46)
FNDA:0,(anonymous_47)
DA:5,0
DA:13,0
DA:15,0
DA:16,0
DA:19,0
DA:20,0
DA:24,0
DA:26,0
DA:27,0
DA:30,0
DA:34,0
DA:39,0
DA:98,0
DA:100,0
DA:101,0
DA:102,0
DA:103,0
DA:104,0
DA:106,0
DA:108,0
DA:109,0
DA:111,0
DA:116,0
DA:117,0
DA:118,0
DA:119,0
DA:120,0
DA:122,0
DA:124,0
DA:125,0
DA:127,0
DA:132,0
DA:133,0
DA:134,0
DA:136,0
DA:138,0
DA:139,0
DA:141,0
DA:146,0
DA:150,0
DA:154,0
DA:155,0
DA:156,0
DA:157,0
DA:158,0
DA:160,0
DA:162,0
DA:174,0
DA:175,0
DA:176,0
DA:177,0
DA:178,0
DA:179,0
DA:180,0
DA:188,0
DA:190,0
DA:191,0
DA:192,0
DA:194,0
DA:196,0
DA:197,0
DA:199,0
DA:204,0
DA:205,0
DA:206,0
DA:208,0
DA:210,0
DA:211,0
DA:213,0
DA:218,0
DA:219,0
DA:220,0
DA:222,0
DA:224,0
DA:225,0
DA:227,0
DA:233,0
DA:235,0
DA:236,0
DA:239,0
DA:241,0
DA:242,0
DA:247,0
DA:248,0
DA:249,0
DA:251,0
DA:252,0
DA:257,0
DA:259,0
DA:260,0
DA:262,0
DA:263,0
DA:268,0
DA:270,0
DA:271,0
DA:272,0
DA:275,0
DA:278,0
DA:280,0
DA:281,0
DA:282,0
DA:284,0
DA:289,0
DA:291,0
DA:292,0
DA:293,0
DA:296,0
DA:299,0
DA:301,0
DA:302,0
DA:303,0
DA:305,0
DA:311,0
DA:312,0
DA:318,0
DA:320,0
DA:321,0
DA:322,0
DA:324,0
DA:329,0
DA:330,0
DA:336,0
DA:338,0
DA:339,0
DA:340,0
DA:342,0
DA:347,0
DA:349,0
DA:350,0
DA:352,0
DA:353,0
DA:358,0
DA:360,0
DA:361,0
DA:363,0
DA:364,0
DA:369,0
DA:371,0
DA:372,0
DA:374,0
DA:375,0
DA:380,0
DA:381,0
DA:384,0
DA:386,0
DA:387,0
DA:392,0
DA:393,0
DA:394,0
DA:396,0
DA:397,0
DA:402,0
DA:404,0
DA:405,0
DA:407,0
DA:408,0
DA:414,0
DA:415,0
DA:418,0
DA:420,0
DA:421,0
DA:426,0
DA:427,0
DA:430,0
DA:432,0
DA:433,0
DA:438,0
DA:439,0
DA:444,0
DA:446,0
DA:447,0
DA:452,0
DA:453,0
DA:458,0
DA:460,0
DA:461,0
DA:466,0
DA:467,0
DA:468,0
DA:470,0
DA:471,0
DA:476,0
DA:477,0
DA:478,0
DA:480,0
DA:481,0
DA:486,0
DA:487,0
DA:488,0
DA:490,0
DA:491,0
DA:496,0
DA:497,0
DA:498,0
DA:500,0
DA:501,0
DA:507,0
DA:509,0
DA:510,0
DA:513,0
DA:515,0
DA:517,0
DA:518,0
DA:520,0
DA:526,0
DA:528,0
DA:529,0
DA:536,0
DA:538,0
DA:539,0
DA:544,0
DA:545,0
DA:546,0
DA:548,0
DA:549,0
DA:555,0
DA:557,0
DA:558,0
DA:559,0
DA:561,0
DA:562,0
DA:568,0
DA:570,0
DA:571,0
DA:574,0
DA:576,0
DA:577,0
DA:583,0
DA:585,0
DA:586,0
DA:587,0
DA:589,0
DA:590,0
DA:591,0
DA:593,0
DA:598,0
DA:599,0
DA:602,0
DA:604,0
DA:605,0
DA:606,0
DA:608,0
LF:242
LH:0
BRDA:99,0,0,0
BRDA:99,1,0,0
BRDA:102,2,0,0
BRDA:102,2,1,0
BRDA:108,3,0,0
BRDA:108,3,1,0
BRDA:115,4,0,0
BRDA:118,5,0,0
BRDA:118,5,1,0
BRDA:124,6,0,0
BRDA:124,6,1,0
BRDA:131,7,0,0
BRDA:138,8,0,0
BRDA:138,8,1,0
BRDA:145,9,0,0
BRDA:146,10,0,0
BRDA:146,10,1,0
BRDA:149,11,0,0
BRDA:150,12,0,0
BRDA:150,12,1,0
BRDA:153,13,0,0
BRDA:153,14,0,0
BRDA:156,15,0,0
BRDA:156,15,1,0
BRDA:196,16,0,0
BRDA:196,16,1,0
BRDA:210,17,0,0
BRDA:210,17,1,0
BRDA:224,18,0,0
BRDA:224,18,1,0
BRDA:267,19,0,0
BRDA:271,20,0,0
BRDA:271,20,1,0
BRDA:281,21,0,0
BRDA:281,21,1,0
BRDA:288,22,0,0
BRDA:292,23,0,0
BRDA:292,23,1,0
BRDA:302,24,0,0
BRDA:302,24,1,0
BRDA:310,25,0,0
BRDA:310,26,0,0
BRDA:321,27,0,0
BRDA:321,27,1,0
BRDA:328,28,0,0
BRDA:328,29,0,0
BRDA:339,30,0,0
BRDA:339,30,1,0
BRDA:346,31,0,0
BRDA:357,32,0,0
BRDA:357,33,0,0
BRDA:368,34,0,0
BRDA:437,35,0,0
BRDA:451,36,0,0
BRDA:517,37,0,0
BRDA:517,37,1,0
BRDA:590,38,0,0
BRDA:590,38,1,0
BRDA:605,39,0,0
BRDA:605,39,1,0
BRF:60
BRH:0
end_of_record
TN:
SF:src\services\authService.js
FN:15,(anonymous_0)
FN:25,(anonymous_1)
FN:28,(anonymous_2)
FN:35,(anonymous_3)
FN:42,(anonymous_4)
FN:43,(anonymous_5)
FN:72,(anonymous_6)
FN:94,(anonymous_7)
FN:137,(anonymous_8)
FN:159,(anonymous_9)
FN:186,(anonymous_10)
FN:215,(anonymous_11)
FN:239,(anonymous_12)
FN:263,(anonymous_13)
FN:286,(anonymous_14)
FN:314,(anonymous_15)
FN:337,(anonymous_16)
FN:347,(anonymous_17)
FN:360,(anonymous_18)
FN:371,(anonymous_19)
FN:379,(anonymous_20)
FN:387,(anonymous_21)
FN:395,(anonymous_22)
FN:403,(anonymous_23)
FN:411,(anonymous_24)
FN:420,(anonymous_25)
FN:428,(anonymous_26)
FN:437,(anonymous_27)
FN:452,(anonymous_28)
FN:460,(anonymous_29)
FN:468,(anonymous_30)
FNF:31
FNH:0
FNDA:0,(anonymous_0)
FNDA:0,(anonymous_1)
FNDA:0,(anonymous_2)
FNDA:0,(anonymous_3)
FNDA:0,(anonymous_4)
FNDA:0,(anonymous_5)
FNDA:0,(anonymous_6)
FNDA:0,(anonymous_7)
FNDA:0,(anonymous_8)
FNDA:0,(anonymous_9)
FNDA:0,(anonymous_10)
FNDA:0,(anonymous_11)
FNDA:0,(anonymous_12)
FNDA:0,(anonymous_13)
FNDA:0,(anonymous_14)
FNDA:0,(anonymous_15)
FNDA:0,(anonymous_16)
FNDA:0,(anonymous_17)
FNDA:0,(anonymous_18)
FNDA:0,(anonymous_19)
FNDA:0,(anonymous_20)
FNDA:0,(anonymous_21)
FNDA:0,(anonymous_22)
FNDA:0,(anonymous_23)
FNDA:0,(anonymous_24)
FNDA:0,(anonymous_25)
FNDA:0,(anonymous_26)
FNDA:0,(anonymous_27)
FNDA:0,(anonymous_28)
FNDA:0,(anonymous_29)
FNDA:0,(anonymous_30)
DA:9,0
DA:10,0
DA:11,0
DA:12,0
DA:16,0
DA:17,0
DA:18,0
DA:19,0
DA:22,0
DA:27,0
DA:29,0
DA:30,0
DA:31,0
DA:33,0
DA:36,0
DA:41,0
DA:42,0
DA:44,0
DA:46,0
DA:47,0
DA:49,0
DA:50,0
DA:52,0
DA:53,0
DA:56,0
DA:57,0
DA:58,0
DA:62,0
DA:73,0
DA:74,0
DA:75,0
DA:80,0
DA:95,0
DA:96,0
DA:102,0
DA:103,0
DA:106,0
DA:107,0
DA:108,0
DA:111,0
DA:113,0
DA:119,0
DA:125,0
DA:138,0
DA:139,0
DA:140,0
DA:145,0
DA:148,0
DA:149,0
DA:152,0
DA:160,0
DA:161,0
DA:162,0
DA:163,0
DA:164,0
DA:169,0
DA:174,0
DA:187,0
DA:188,0
DA:189,0
DA:190,0
DA:191,0
DA:197,0
DA:202,0
DA:216,0
DA:217,0
DA:222,0
DA:227,0
DA:240,0
DA:241,0
DA:245,0
DA:250,0
DA:264,0
DA:265,0
DA:270,0
DA:275,0
DA:287,0
DA:288,0
DA:291,0
DA:292,0
DA:296,0
DA:297,0
DA:298,0
DA:299,0
DA:300,0
DA:302,0
DA:305,0
DA:306,0
DA:315,0
DA:316,0
DA:319,0
DA:320,0
DA:321,0
DA:322,0
DA:323,0
DA:324,0
DA:326,0
DA:328,0
DA:329,0
DA:338,0
DA:340,0
DA:341,0
DA:342,0
DA:345,0
DA:347,0
DA:348,0
DA:349,0
DA:351,0
DA:352,0
DA:361,0
DA:362,0
DA:363,0
DA:372,0
DA:380,0
DA:388,0
DA:396,0
DA:404,0
DA:412,0
DA:413,0
DA:421,0
DA:429,0
DA:430,0
DA:438,0
DA:439,0
DA:440,0
DA:442,0
DA:443,0
DA:444,0
DA:453,0
DA:461,0
DA:462,0
DA:469,0
DA:470,0
DA:471,0
DA:472,0
DA:473,0
DA:474,0
DA:479,0
LF:138
LH:0
BRDA:30,0,0,0
BRDA:30,0,1,0
BRDA:46,1,0,0
BRDA:46,1,1,0
BRDA:46,2,0,0
BRDA:46,2,1,0
BRDA:82,3,0,0
BRDA:82,3,1,0
BRDA:94,4,0,0
BRDA:102,5,0,0
BRDA:102,5,1,0
BRDA:121,6,0,0
BRDA:121,6,1,0
BRDA:127,7,0,0
BRDA:127,7,1,0
BRDA:137,8,0,0
BRDA:139,9,0,0
BRDA:139,9,1,0
BRDA:162,10,0,0
BRDA:162,10,1,0
BRDA:176,11,0,0
BRDA:176,11,1,0
BRDA:189,12,0,0
BRDA:189,12,1,0
BRDA:199,13,0,0
BRDA:199,13,1,0
BRDA:204,14,0,0
BRDA:204,14,1,0
BRDA:224,15,0,0
BRDA:224,15,1,0
BRDA:224,16,0,0
BRDA:224,16,1,0
BRDA:229,17,0,0
BRDA:229,17,1,0
BRDA:247,18,0,0
BRDA:247,18,1,0
BRDA:252,19,0,0
BRDA:252,19,1,0
BRDA:272,20,0,0
BRDA:272,20,1,0
BRDA:272,21,0,0
BRDA:272,21,1,0
BRDA:277,22,0,0
BRDA:277,22,1,0
BRDA:287,23,0,0
BRDA:287,23,1,0
BRDA:296,24,0,0
BRDA:296,24,1,0
BRDA:315,25,0,0
BRDA:315,25,1,0
BRDA:321,26,0,0
BRDA:321,26,1,0
BRDA:321,27,0,0
BRDA:321,27,1,0
BRDA:361,28,0,0
BRDA:361,28,1,0
BRDA:372,29,0,0
BRDA:372,29,1,0
BRDA:396,30,0,0
BRDA:396,30,1,0
BRDA:396,30,2,0
BRDA:404,31,0,0
BRDA:404,31,1,0
BRDA:421,32,0,0
BRDA:421,32,1,0
BRDA:440,33,0,0
BRDA:440,33,1,0
BRF:67
BRH:0
end_of_record
TN:
SF:src\services\backtestAPI.js
FN:7,(anonymous_0)
FN:22,(anonymous_1)
FN:49,(anonymous_2)
FN:75,(anonymous_3)
FN:102,(anonymous_4)
FN:130,(anonymous_5)
FN:158,(anonymous_6)
FNF:7
FNH:0
FNDA:0,(anonymous_0)
FNDA:0,(anonymous_1)
FNDA:0,(anonymous_2)
FNDA:0,(anonymous_3)
FNDA:0,(anonymous_4)
FNDA:0,(anonymous_5)
FNDA:0,(anonymous_6)
DA:8,0
DA:23,0
DA:24,0
DA:32,0
DA:33,0
DA:34,0
DA:37,0
DA:38,0
DA:40,0
DA:41,0
DA:50,0
DA:51,0
DA:58,0
DA:59,0
DA:60,0
DA:63,0
DA:64,0
DA:66,0
DA:67,0
DA:76,0
DA:77,0
DA:84,0
DA:85,0
DA:86,0
DA:89,0
DA:90,0
DA:92,0
DA:93,0
DA:103,0
DA:104,0
DA:112,0
DA:113,0
DA:114,0
DA:117,0
DA:118,0
DA:120,0
DA:121,0
DA:131,0
DA:132,0
DA:140,0
DA:141,0
DA:142,0
DA:145,0
DA:146,0
DA:148,0
DA:149,0
DA:159,0
DA:160,0
DA:168,0
DA:169,0
DA:170,0
DA:173,0
DA:174,0
DA:176,0
DA:177,0
DA:183,0
LF:56
LH:0
BRDA:32,0,0,0
BRDA:32,0,1,0
BRDA:34,1,0,0
BRDA:34,1,1,0
BRDA:58,2,0,0
BRDA:58,2,1,0
BRDA:60,3,0,0
BRDA:60,3,1,0
BRDA:84,4,0,0
BRDA:84,4,1,0
BRDA:86,5,0,0
BRDA:86,5,1,0
BRDA:112,6,0,0
BRDA:112,6,1,0
BRDA:114,7,0,0
BRDA:114,7,1,0
BRDA:140,8,0,0
BRDA:140,8,1,0
BRDA:142,9,0,0
BRDA:142,9,1,0
BRDA:168,10,0,0
BRDA:168,10,1,0
BRDA:170,11,0,0
BRDA:170,11,1,0
BRF:24
BRH:0
end_of_record
TN:
SF:src\services\config.js
FNF:0
FNH:0
DA:2,0
DA:3,0
DA:6,0
DA:34,0
LF:4
LH:0
BRF:0
BRH:0
end_of_record
TN:
SF:src\services\huggingfaceAI.js
FN:4,(anonymous_0)
FN:59,(anonymous_1)
FN:77,(anonymous_2)
FN:90,(anonymous_3)
FN:105,(anonymous_4)
FN:161,(anonymous_5)
FN:163,(anonymous_6)
FN:172,(anonymous_7)
FN:176,(anonymous_8)
FN:182,(anonymous_9)
FN:220,(anonymous_10)
FN:259,(anonymous_11)
FN:268,(anonymous_12)
FN:297,(anonymous_13)
FN:306,(anonymous_14)
FN:317,(anonymous_15)
FN:328,(anonymous_16)
FN:337,(anonymous_17)
FN:347,(anonymous_18)
FN:355,(anonymous_19)
FN:360,(anonymous_20)
FNF:21
FNH:0
FNDA:0,(anonymous_0)
FNDA:0,(anonymous_1)
FNDA:0,(anonymous_2)
FNDA:0,(anonymous_3)
FNDA:0,(anonymous_4)
FNDA:0,(anonymous_5)
FNDA:0,(anonymous_6)
FNDA:0,(anonymous_7)
FNDA:0,(anonymous_8)
FNDA:0,(anonymous_9)
FNDA:0,(anonymous_10)
FNDA:0,(anonymous_11)
FNDA:0,(anonymous_12)
FNDA:0,(anonymous_13)
FNDA:0,(anonymous_14)
FNDA:0,(anonymous_15)
FNDA:0,(anonymous_16)
FNDA:0,(anonymous_17)
FNDA:0,(anonymous_18)
FNDA:0,(anonymous_19)
FNDA:0,(anonymous_20)
DA:6,0
DA:7,0
DA:8,0
DA:11,0
DA:50,0
DA:60,0
DA:61,0
DA:62,0
DA:66,0
DA:73,0
DA:74,0
DA:75,0
DA:77,0
DA:78,0
DA:79,0
DA:81,0
DA:82,0
DA:83,0
DA:87,0
DA:88,0
DA:90,0
DA:93,0
DA:96,0
DA:106,0
DA:109,0
DA:160,0
DA:161,0
DA:162,0
DA:163,0
DA:164,0
DA:165,0
DA:171,0
DA:172,0
DA:174,0
DA:176,0
DA:183,0
DA:185,0
DA:188,0
DA:195,0
DA:201,0
DA:204,0
DA:206,0
DA:214,0
DA:215,0
DA:221,0
DA:224,0
DA:225,0
DA:226,0
DA:247,0
DA:248,0
DA:250,0
DA:254,0
DA:255,0
DA:257,0
DA:259,0
DA:264,0
DA:270,0
DA:273,0
DA:276,0
DA:278,0
DA:279,0
DA:281,0
DA:282,0
DA:284,0
DA:285,0
DA:287,0
DA:288,0
DA:290,0
DA:293,0
DA:298,0
DA:307,0
DA:318,0
DA:329,0
DA:338,0
DA:348,0
DA:356,0
DA:361,0
DA:366,0
LF:78
LH:0
BRDA:8,0,0,0
BRDA:8,0,1,0
BRDA:59,1,0,0
BRDA:59,2,0,0
BRDA:61,3,0,0
BRDA:61,3,1,0
BRDA:87,4,0,0
BRDA:87,4,1,0
BRDA:164,5,0,0
BRDA:164,5,1,0
BRDA:175,6,0,0
BRDA:175,6,1,0
BRDA:182,7,0,0
BRDA:247,8,0,0
BRDA:247,8,1,0
BRDA:247,9,0,0
BRDA:247,9,1,0
BRDA:247,9,2,0
BRDA:257,10,0,0
BRDA:257,10,1,0
BRDA:276,11,0,0
BRDA:276,11,1,0
BRDA:276,11,2,0
BRDA:276,11,3,0
BRDA:276,11,4,0
BRF:25
BRH:0
end_of_record
TN:
SF:src\services\tradingBotAPI.js
FN:17,(anonymous_0)
FN:34,(anonymous_1)
FN:49,(anonymous_2)
FN:102,(anonymous_3)
FN:123,(anonymous_4)
FN:135,(anonymous_5)
FN:151,(anonymous_6)
FN:167,(anonymous_7)
FN:183,(anonymous_8)
FN:199,(anonymous_9)
FN:215,(anonymous_10)
FN:243,(anonymous_11)
FN:271,(anonymous_12)
FN:287,(anonymous_13)
FN:317,(anonymous_14)
FN:318,(anonymous_15)
FN:334,(anonymous_16)
FN:340,(anonymous_17)
FN:350,(anonymous_18)
FN:357,(anonymous_19)
FN:374,(anonymous_20)
FN:389,(anonymous_21)
FN:407,(anonymous_22)
FN:408,(anonymous_23)
FN:427,(anonymous_24)
FN:443,(anonymous_25)
FNF:26
FNH:0
FNDA:0,(anonymous_0)
FNDA:0,(anonymous_1)
FNDA:0,(anonymous_2)
FNDA:0,(anonymous_3)
FNDA:0,(anonymous_4)
FNDA:0,(anonymous_5)
FNDA:0,(anonymous_6)
FNDA:0,(anonymous_7)
FNDA:0,(anonymous_8)
FNDA:0,(anonymous_9)
FNDA:0,(anonymous_10)
FNDA:0,(anonymous_11)
FNDA:0,(anonymous_12)
FNDA:0,(anonymous_13)
FNDA:0,(anonymous_14)
FNDA:0,(anonymous_15)
FNDA:0,(anonymous_16)
FNDA:0,(anonymous_17)
FNDA:0,(anonymous_18)
FNDA:0,(anonymous_19)
FNDA:0,(anonymous_20)
FNDA:0,(anonymous_21)
FNDA:0,(anonymous_22)
FNDA:0,(anonymous_23)
FNDA:0,(anonymous_24)
FNDA:0,(anonymous_25)
DA:11,0
DA:18,0
DA:19,0
DA:20,0
DA:23,0
DA:24,0
DA:26,0
DA:27,0
DA:35,0
DA:37,0
DA:38,0
DA:39,0
DA:43,0
DA:44,0
DA:45,0
DA:46,0
DA:47,0
DA:49,0
DA:52,0
DA:53,0
DA:54,0
DA:56,0
DA:58,0
DA:59,0
DA:64,0
DA:75,0
DA:76,0
DA:84,0
DA:85,0
DA:86,0
DA:87,0
DA:90,0
DA:91,0
DA:92,0
DA:94,0
DA:95,0
DA:103,0
DA:104,0
DA:108,0
DA:109,0
DA:110,0
DA:113,0
DA:115,0
DA:116,0
DA:124,0
DA:125,0
DA:127,0
DA:128,0
DA:136,0
DA:137,0
DA:138,0
DA:139,0
DA:141,0
DA:143,0
DA:144,0
DA:152,0
DA:153,0
DA:154,0
DA:155,0
DA:157,0
DA:159,0
DA:160,0
DA:168,0
DA:169,0
DA:170,0
DA:171,0
DA:173,0
DA:175,0
DA:176,0
DA:184,0
DA:185,0
DA:186,0
DA:187,0
DA:189,0
DA:191,0
DA:192,0
DA:200,0
DA:201,0
DA:202,0
DA:203,0
DA:205,0
DA:207,0
DA:208,0
DA:216,0
DA:217,0
DA:228,0
DA:229,0
DA:230,0
DA:233,0
DA:235,0
DA:236,0
DA:244,0
DA:245,0
DA:256,0
DA:257,0
DA:258,0
DA:261,0
DA:263,0
DA:264,0
DA:272,0
DA:273,0
DA:274,0
DA:275,0
DA:277,0
DA:279,0
DA:280,0
DA:288,0
DA:289,0
DA:299,0
DA:309,0
DA:310,0
DA:318,0
DA:319,0
DA:320,0
DA:321,0
DA:323,0
DA:328,0
DA:331,0
DA:334,0
DA:341,0
DA:351,0
DA:358,0
DA:361,0
DA:363,0
DA:365,0
DA:367,0
DA:375,0
DA:378,0
DA:380,0
DA:382,0
DA:390,0
DA:391,0
DA:402,0
DA:403,0
DA:404,0
DA:405,0
DA:407,0
DA:408,0
DA:410,0
DA:411,0
DA:413,0
DA:428,0
DA:429,0
DA:430,0
DA:431,0
DA:433,0
DA:435,0
DA:436,0
DA:444,0
DA:445,0
DA:446,0
DA:447,0
DA:449,0
DA:451,0
DA:452,0
DA:458,0
LF:156
LH:0
BRDA:11,0,0,0
BRDA:11,0,1,0
BRDA:23,1,0,0
BRDA:23,1,1,0
BRDA:34,2,0,0
BRDA:34,3,0,0
BRDA:38,4,0,0
BRDA:38,4,1,0
BRDA:38,5,0,0
BRDA:38,5,1,0
BRDA:38,5,2,0
BRDA:43,6,0,0
BRDA:43,6,1,0
BRDA:43,7,0,0
BRDA:43,7,1,0
BRDA:43,7,2,0
BRDA:53,8,0,0
BRDA:53,8,1,0
BRDA:65,9,0,0
BRDA:65,9,1,0
BRDA:66,10,0,0
BRDA:66,10,1,0
BRDA:67,11,0,0
BRDA:67,11,1,0
BRDA:68,12,0,0
BRDA:68,12,1,0
BRDA:69,13,0,0
BRDA:69,13,1,0
BRDA:70,14,0,0
BRDA:70,14,1,0
BRDA:71,15,0,0
BRDA:71,15,1,0
BRDA:84,16,0,0
BRDA:84,16,1,0
BRDA:87,17,0,0
BRDA:87,17,1,0
BRDA:108,18,0,0
BRDA:108,18,1,0
BRDA:110,19,0,0
BRDA:110,19,1,0
BRDA:123,20,0,0
BRDA:138,21,0,0
BRDA:138,21,1,0
BRDA:154,22,0,0
BRDA:154,22,1,0
BRDA:170,23,0,0
BRDA:170,23,1,0
BRDA:186,24,0,0
BRDA:186,24,1,0
BRDA:202,25,0,0
BRDA:202,25,1,0
BRDA:228,26,0,0
BRDA:228,26,1,0
BRDA:230,27,0,0
BRDA:230,27,1,0
BRDA:256,28,0,0
BRDA:256,28,1,0
BRDA:258,29,0,0
BRDA:258,29,1,0
BRDA:274,30,0,0
BRDA:274,30,1,0
BRDA:317,31,0,0
BRDA:344,32,0,0
BRDA:344,32,1,0
BRDA:351,33,0,0
BRDA:351,33,1,0
BRDA:351,34,0,0
BRDA:351,34,1,0
BRDA:358,35,0,0
BRDA:358,35,1,0
BRDA:358,35,2,0
BRDA:358,35,3,0
BRDA:358,35,4,0
BRDA:375,36,0,0
BRDA:375,36,1,0
BRDA:375,36,2,0
BRDA:375,36,3,0
BRDA:390,37,0,0
BRDA:390,37,1,0
BRDA:390,38,0,0
BRDA:390,38,1,0
BRDA:402,39,0,0
BRDA:402,39,1,0
BRDA:403,40,0,0
BRDA:403,40,1,0
BRDA:404,41,0,0
BRDA:404,41,1,0
BRDA:407,42,0,0
BRDA:407,42,1,0
BRDA:408,43,0,0
BRDA:408,43,1,0
BRDA:410,44,0,0
BRDA:410,44,1,0
BRDA:430,45,0,0
BRDA:430,45,1,0
BRDA:446,46,0,0
BRDA:446,46,1,0
BRF:97
BRH:0
end_of_record
TN:
SF:src\store\store.js
FN:6,(anonymous_0)
FN:46,(anonymous_1)
FN:47,(anonymous_2)
FN:48,(anonymous_3)
FN:49,(anonymous_4)
FN:52,(anonymous_5)
FN:52,(anonymous_6)
FN:57,(anonymous_7)
FN:58,(anonymous_8)
FN:58,(anonymous_9)
FN:66,(anonymous_10)
FN:66,(anonymous_11)
FN:69,(anonymous_12)
FN:74,(anonymous_13)
FN:75,(anonymous_14)
FN:75,(anonymous_15)
FN:80,(anonymous_16)
FNF:17
FNH:0
FNDA:0,(anonymous_0)
FNDA:0,(anonymous_1)
FNDA:0,(anonymous_2)
FNDA:0,(anonymous_3)
FNDA:0,(anonymous_4)
FNDA:0,(anonymous_5)
FNDA:0,(anonymous_6)
FNDA:0,(anonymous_7)
FNDA:0,(anonymous_8)
FNDA:0,(anonymous_9)
FNDA:0,(anonymous_10)
FNDA:0,(anonymous_11)
FNDA:0,(anonymous_12)
FNDA:0,(anonymous_13)
FNDA:0,(anonymous_14)
FNDA:0,(anonymous_15)
FNDA:0,(anonymous_16)
DA:4,0
DA:6,0
DA:46,0
DA:47,0
DA:48,0
DA:49,0
DA:52,0
DA:57,0
DA:58,0
DA:66,0
DA:69,0
DA:74,0
DA:75,0
DA:80,0
LF:14
LH:0
BRF:0
BRH:0
end_of_record
TN:
SF:src\utils\safeLogger.js
FN:11,(anonymous_0)
FN:14,(anonymous_1)
FN:54,(anonymous_2)
FN:74,(anonymous_3)
FN:97,(anonymous_4)
FN:100,(anonymous_5)
FNF:6
FNH:0
FNDA:0,(anonymous_0)
FNDA:0,(anonymous_1)
FNDA:0,(anonymous_2)
FNDA:0,(anonymous_3)
FNDA:0,(anonymous_4)
FNDA:0,(anonymous_5)
DA:11,0
DA:12,0
DA:14,0
DA:16,0
DA:17,0
DA:21,0
DA:22,0
DA:29,0
DA:33,0
DA:34,0
DA:36,0
DA:39,0
DA:42,0
DA:43,0
DA:45,0
DA:54,0
DA:55,0
DA:56,0
DA:57,0
DA:60,0
DA:61,0
DA:62,0
DA:64,0
DA:74,0
DA:75,0
DA:76,0
DA:78,0
DA:79,0
DA:80,0
DA:81,0
DA:83,0
DA:87,0
DA:88,0
DA:97,0
DA:98,0
DA:100,0
DA:101,0
DA:102,0
DA:103,0
DA:105,0
DA:107,0
DA:108,0
DA:109,0
DA:113,0
DA:116,0
LF:45
LH:0
BRDA:11,0,0,0
BRDA:16,1,0,0
BRDA:16,1,1,0
BRDA:21,2,0,0
BRDA:21,2,1,0
BRDA:21,3,0,0
BRDA:21,3,1,0
BRDA:22,4,0,0
BRDA:22,4,1,0
BRDA:22,5,0,0
BRDA:22,5,1,0
BRDA:22,5,2,0
BRDA:22,5,3,0
BRDA:22,5,4,0
BRDA:22,5,5,0
BRDA:22,5,6,0
BRDA:33,6,0,0
BRDA:33,6,1,0
BRDA:54,7,0,0
BRDA:55,8,0,0
BRDA:55,8,1,0
BRDA:55,9,0,0
BRDA:55,9,1,0
BRDA:74,10,0,0
BRDA:78,11,0,0
BRDA:78,11,1,0
BRDA:87,12,0,0
BRDA:87,12,1,0
BRDA:101,13,0,0
BRDA:101,13,1,0
BRDA:101,14,0,0
BRDA:101,14,1,0
BRDA:102,15,0,0
BRDA:102,15,1,0
BRDA:108,16,0,0
BRDA:108,16,1,0
BRF:36
BRH:0
end_of_record
TN:
SF:src\utils\tradingAuth.js
FN:7,(anonymous_0)
FN:19,(anonymous_1)
FN:61,(anonymous_2)
FN:82,(anonymous_3)
FN:111,(anonymous_4)
FN:118,(anonymous_5)
FN:125,(anonymous_6)
FN:133,(anonymous_7)
FNF:8
FNH:6
FNDA:1,(anonymous_0)
FNDA:4,(anonymous_1)
FNDA:0,(anonymous_2)
FNDA:2,(anonymous_3)
FNDA:1,(anonymous_4)
FNDA:1,(anonymous_5)
FNDA:2,(anonymous_6)
FNDA:0,(anonymous_7)
DA:8,1
DA:9,1
DA:10,1
DA:11,1
DA:19,1
DA:20,4
DA:23,4
DA:29,3
DA:33,3
DA:34,3
DA:36,0
DA:40,3
DA:41,3
DA:42,3
DA:43,3
DA:46,3
DA:47,3
DA:49,0
DA:52,3
DA:55,1
DA:61,1
DA:62,0
DA:63,0
DA:66,0
DA:67,0
DA:75,0
DA:82,1
DA:83,2
DA:85,2
DA:86,2
DA:87,1
DA:91,1
DA:92,1
DA:94,1
DA:96,1
DA:97,1
DA:98,1
DA:101,0
DA:103,0
DA:104,0
DA:111,1
DA:112,1
DA:118,1
DA:119,1
DA:125,1
DA:126,2
DA:127,2
DA:133,1
DA:134,0
DA:136,0
DA:141,0
DA:142,0
DA:145,0
DA:150,0
DA:151,0
DA:152,0
DA:153,0
DA:156,0
LF:58
LH:38
BRDA:23,0,0,3
BRDA:23,0,1,1
BRDA:23,1,0,4
BRDA:23,1,1,3
BRDA:23,1,2,3
BRDA:23,1,3,2
BRDA:29,2,0,3
BRDA:29,2,1,2
BRDA:33,3,0,3
BRDA:33,3,1,0
BRDA:33,4,0,3
BRDA:33,4,1,3
BRDA:46,5,0,3
BRDA:46,5,1,0
BRDA:66,6,0,0
BRDA:66,6,1,0
BRDA:86,7,0,1
BRDA:86,7,1,1
BRDA:94,8,0,1
BRDA:94,8,1,0
BRDA:133,9,0,0
BRDA:141,10,0,0
BRDA:141,10,1,0
BRDA:150,11,0,0
BRDA:150,11,1,0
BRF:25
BRH:15
end_of_record
